
G00030HB
G00893FE
G01223IC
G01385UC
G01818TY
G01828CI
G02198VW
G02420CD
G02522GH
G02786XX
G03005MJ
G03203II
G03369CY
G03615LA
G03679BF
G04562GJ
G05166LM
G05553RQ
G05653II
G05808PZ
G06809IG
G06885ZB
G07233JN
G07323UU
G07752LC
G08041YY
G08705ZV
G08714SK
G08781JF
G08866CW
G08912RJ
G08981WF
G09320DG
G10006KY
G10283FS
G10355XS
G10726AO
G10897BF
G11058EJ
G11204WB
G11365AH
G11641YE
G12085IM
G12174PW
G12640GJ
G12686TK
G12699AI
G13865MD
G14478ZZ
G14716YL
G15003AV
G15103WJ
G15155WJ
G15503SL
G17032PX
G17140UR
G17182JA
G17268FT
G18306LO
G18469AM
G18862IC
G18907FP
G19553VJ
G19559QA
G19610CW
G20071ET
G20180NF
G20449BJ
G20512LK
G21159AT
G21195ZJ
G21364PK
G23290TL
G23532PU
G23711JB
G23871IS
G24107UL
G24318KV
G24382RE
G24634RZ
G24914SY
G26299SM
G27217JW
G27301MP
G27421EI
G27459KS
G27540PD
G27658GQ
G27899VX
G27957OQ
G28020PE
G28106QA
G28235NF
G28401VM
G28483QH
G28744VZ
G28789PR
G29292KW
G29441UP
G29739TI
G30121LP
G30346SO
G30517YN
G30644AZ
G30879ZB
G30973LD
G31387PS
G32525MO
G32814EW
G33188AE
G33295DT
G33490PH
G33502UB
G33599KA
G33811WU
G34029JA
G34430BH
G35459KZ
G35610QW
G36115SK
G36498AN
G36525YB
G36686IS
G37364JG
G37812PU
G38426SE
G38728JS
G38895FE
G38908KI
G39375NU
G39557EZ
G40181EN
G40495ZI
G41528SO
G42032ZI
G42797TX
G43186NB
G43526DV
G43873MM
G44328YA
G44362OF
G44731EF
G44816NL
G45414WP
G46109YR
G46264GY
G47186PA
G47242QB
G47596RR
G47760AX
G48654YJ
G48879CK
G49401NP
G49441GI
G49481UE
G49585UA
G50626AY
G50735MY
G50842MS
G51074KT
G51168MK
G51771NH
G52268EM
G52596KQ
G52965YW
G53682XE
G53786US
G54183MZ
G54963QY
G55396WO
G55483AO
G55533VB
G55634MD
G55747LQ
G55992IN
G55992JL
G56427QU
G56494BW
G56845UM
G57329WU
G57445OX
G57601XR
G57671SP
G58039DV
G58329ER
G58366KN
G58476ZX
G58483GX
G58742HD
G59470RP
G59575FI
G59621EZ
G60020VY
G60534MS
G60683IM
G60751TM
G60855MO
G60860OP
G60972PW
G60975OY
G61833IO
G63247UK
G63454TP
G63692BY
G63814KS
G64261IK
G64575NF
G64719FL
G64741WD
G64907BE
G64936OS
G65307KA
G65535GM
G66044FT
G66152NM
G66376MI
G66660TW
G66875SM
G67212PG
G67564IK
G67612NO
G67640YK
G68572OG
G69046CR
G69078RG
G69576GO
G71060QS
G71108XZ
G71513XV
G71794ZO
G72043OX
G72414EG
G73602OZ
G73663PS
G73694HY
G73852BH
G74368SI
G74685UW
G75476WS
G75554MB
G76088UW
G76345AA
G76459TW
G76464YC
G76646HT
G76705YY
G76887WW
G77281QV
G77325FG
G77969OS
G78085XU
G78909JC
G79835GX
G80647PR
G80928UD
G81060WW
G81096RM
G81101GO
G81185MJ
G81295TF
G81443QG
G81910BW
G82273ZM
G82350PP
G82390HZ
G82531JQ
G82557QP
G83697UR
G84594DA
G84736UF
G84881ST
G85238RP
G85862JT
G86083QZ
G87103CK
G87134ZP
G87300XC
G87407JY
G87440IH
G87544CM
G87918MM
G88310KZ
G88904EB
G89206JP
G89353OJ
G89619KY
G89999GG
G90618SW
G90698PW
G91144YH
G91452KP
G92009KQ
G92279MO
G92442AF
G92752RB
G93279DZ
G93711GC
G93910IS
G94742SD
G95627ZE
G96084VH
G96677EZ
G96715HA
G96786JM
G96931TH
G97035ZP
G97159KS
G97570UX
G97616MU
G97967SD
G98141MR
G98308UG
G98327LM
G98539YZ
G98733QZ
G98739YW
G98865RQ
G99617FT
G99776CU
G99801SM
G99844CS
G99883ZA
