G00176HZ.txt
G00413UF.txt
G00536FZ.txt
G00743WU.txt
G00797ZX.txt
G00951UF.txt
G01342FO.txt
G01669LU.txt
G01856RL.txt
G01935FK.txt
G02284UY.txt
G02290KA.txt
G02311IE.txt
G02471GW.txt
G02582JY.txt
G02679YX.txt
G02934UB.txt
G03075ZE.txt
G03272YQ.txt
G03385XG.txt
G03431NA.txt
G03445UI.txt
G03948VT.txt
G03951JJ.txt
G04216GB.txt
G04273XP.txt
G04576KS.txt
G04791QM.txt
G04989WY.txt
G05260RH.txt
G05562XX.txt
G05794RZ.txt
G06131VP.txt
G06191GU.txt
G06209KS.txt
G06216UH.txt
G06635WE.txt
G06820QR.txt
G06969ZX.txt
G07228BR.txt
G07262RR.txt
G07392QY.txt
G07410AW.txt
G07483YN.txt
G07617FP.txt
G07699XI.txt
G07995VK.txt
G08242BT.txt
G08520NM.txt
G08577ZR.txt
G08896RO.txt
G09150LP.txt
G09446VC.txt
G09482NW.txt
G09556KR.txt
G09576QH.txt
G09670SR.txt
G09724ZC.txt
G09921WG.txt
G10182XZ.txt
G10209QU.txt
G10219AA.txt
G10228OD.txt
G10258MC.txt
G10292TC.txt
G10664FL.txt
G10691MJ.txt
G10733HY.txt
G10770RR.txt
G10965EB.txt
G11010AN.txt
G11034PZ.txt
G11041DA.txt
G11165BC.txt
G11278YL.txt
G11460AB.txt
G11509RN.txt
G11535IB.txt
G11635LG.txt
G11637WL.txt
G11929SN.txt
G12061IK.txt
G12110NN.txt
G12398HZ.txt
G12594VB.txt
G13151XE.txt
G13210XL.txt
G13267ZY.txt
G13282WA.txt
G13592VY.txt
G13659RH.txt
G13744OG.txt
G14047PA.txt
G14127XU.txt
G14393TF.txt
G14492PU.txt
G14520ZO.txt
G14782PJ.txt
G14996IQ.txt
G14998UC.txt
G15828WB.txt
G15998WM.txt
G16155TD.txt
G16523AO.txt
G16529MG.txt
G16546ZZ.txt
G16600BL.txt
G16759KR.txt
G16774YZ.txt
G16828VN.txt
G16873YG.txt
G17153CQ.txt
G17155VX.txt
G17168RO.txt
G17213JF.txt
G17264LS.txt
G17413FR.txt
G17473NR.txt
G17540HT.txt
G17689DH.txt
G17857ZF.txt
G17964DY.txt
G18026EK.txt
G18219CJ.txt
G18768EK.txt
G18869TR.txt
G18938DW.txt
G18948TG.txt
G19019TY.txt
G19104OH.txt
G19242QH.txt
G19243TV.txt
G19444JC.txt
G19615BB.txt
G19687OL.txt
G19726AG.txt
G19958IL.txt
G20030CU.txt
G20096RP.txt
G20170YB.txt
G20815TK.txt
G20926BB.txt
G20956ZK.txt
G20966TZ.txt
G20983SP.txt
G21050RT.txt
G21246OH.txt
G21311YA.txt
G21319HP.txt
G21359NQ.txt
G21459ST.txt
G21756MV.txt
G22079SE.txt
G22098NU.txt
G22550VJ.txt
G22558JP.txt
G22728HO.txt
G22768VO.txt
G22865RK.txt
G22898PA.txt
G23166NU.txt
G23295TF.txt
G23419AQ.txt
G23484GM.txt
G23546LY.txt
G23616ZX.txt
G23626NI.txt
G24095BS.txt
G24155DW.txt
G24402OX.txt
G24413UY.txt
G24420RT.txt
G24620AI.txt
G24748QU.txt
G24875YE.txt
G24920KE.txt
G25097RR.txt
G25140TA.txt
G25326BM.txt
G25350TT.txt
G25392ZR.txt
G25407RZ.txt
G25471TG.txt
G25497SH.txt
G25505UF.txt
G25520XG.txt
G25731WL.txt
G25835MT.txt
G26018HD.txt
G26182BM.txt
G26264SQ.txt
G26298FT.txt
G26881SV.txt
G26949IX.txt
G27188NC.txt
G27273FD.txt
G27389SR.txt
G27432KC.txt
G27776PG.txt
G27919IH.txt
G27946NT.txt
G28298VW.txt
G28550OD.txt
G28747XN.txt
G28948UC.txt
G29011JC.txt
G29159BL.txt
G29377XJ.txt
G29434RB.txt
G29445ZK.txt
G29449JO.txt
G29676WX.txt
G29797YX.txt
G29857RC.txt
G30085SO.txt
G30159WR.txt
G30302VM.txt
G30460NZ.txt
G30483FB.txt
G30651IU.txt
G30901GC.txt
G31019WF.txt
G31037WG.txt
G32156ZV.txt
G32201IL.txt
G32283ZK.txt
G32305RZ.txt
G32461GF.txt
G32592IB.txt
G32659RY.txt
G32704TW.txt
G33241WC.txt
G33262KR.txt
G33608TH.txt
G33742YO.txt
G33909XJ.txt
G34276SS.txt
G34442SS.txt
G34499SX.txt
G34508UC.txt
G34527RW.txt
G34838RM.txt
G34905OT.txt
G34931KK.txt
G34947FX.txt
G34972BB.txt
G35096EN.txt
G35257SQ.txt
G35382VN.txt
G35455OM.txt
G35565NM.txt
G35619UY.txt
G35888BV.txt
G36066DO.txt
G36176RV.txt
G36191CD.txt
G36223VW.txt
G36519NW.txt
G36521AS.txt
G36523TZ.txt
G36701GV.txt
G37022BP.txt
G37135JQ.txt
G37140SO.txt
G37166HP.txt
G37476QB.txt
G37597FW.txt
G38022PE.txt
G38115KZ.txt
G38121JC.txt
G38208CY.txt
G38291RB.txt
G38395YJ.txt
G38549YL.txt
G38753OV.txt
G38955TH.txt
G39018CC.txt
G39029JR.txt
G39089YD.txt
G39213VZ.txt
G39377DE.txt
G39439UR.txt
G39578OU.txt
G39585RN.txt
G39595CR.txt
G39601JQ.txt
G39602UU.txt
G39813YP.txt
G40027VO.txt
G40142NX.txt
G40194MN.txt
G40289RO.txt
G40358EZ.txt
G40542QP.txt
G40554DX.txt
G40670DJ.txt
G40702WU.txt
G40906DZ.txt
G40909AN.txt
G41331JX.txt
G41711ZZ.txt
G41720HN.txt
G41811VQ.txt
G41953RN.txt
G41981MA.txt
G42110JE.txt
G42322YV.txt
G42672MA.txt
G42731RJ.txt
G43088GK.txt
G43164CL.txt
G43299SD.txt
G43325ZI.txt
G43346PX.txt
G43547MI.txt
G43648DB.txt
G43664YB.txt
G43677TG.txt
G43694RQ.txt
G43873MM.txt
G44152CO.txt
G44865OQ.txt
G44904UE.txt
G44946WH.txt
G45048TZ.txt
G45187EI.txt
G45209NR.txt
G45262QY.txt
G45264AM.txt
G45359RY.txt
G45560HM.txt
G45603BW.txt
G46185ND.txt
G46213JU.txt
G46425HN.txt
G46470AD.txt
G46503KK.txt
G46542RN.txt
G46638GC.txt
G46712PI.txt
G46767VX.txt
G46836GH.txt
G47175EF.txt
G47279LF.txt
G47280HM.txt
G47302FP.txt
G47606XQ.txt
G47782UT.txt
G47975JA.txt
G48109OV.txt
G48148JS.txt
G48277OH.txt
G48767NV.txt
G48945UO.txt
G48954CA.txt
G49022RM.txt
G49357ZK.txt
G49515VE.txt
G49743VF.txt
G49827WK.txt
G49933AX.txt
G50078RT.txt
G50364FV.txt
G50489VC.txt
G50730KL.txt
G50779LX.txt
G51018GI.txt
G51050LD.txt
G51490BW.txt
G51562OR.txt
G51793MY.txt
G51799AX.txt
G52080WL.txt
G52187WF.txt
G52428MJ.txt
G52645LW.txt
G52663AD.txt
G52880ZN.txt
G52934AK.txt
G52956BX.txt
G53098FA.txt
G53168IY.txt
G53288JQ.txt
G53396PX.txt
G53485VW.txt
G53504BR.txt
G53667CH.txt
G53752TA.txt
G53812BX.txt
G53854XZ.txt
G53933HU.txt
G53962WT.txt
G53985AY.txt
G54953LX.txt
G54956ME.txt
G55220VL.txt
G55314RK.txt
G55396DW.txt
G55479DB.txt
G56147VV.txt
G56271TF.txt
G56318NV.txt
G56340GX.txt
G56376TA.txt
G56485SI.txt
G56516KW.txt
G56591LC.txt
G56720TK.txt
G56748EO.txt
G56749GV.txt
G57092OJ.txt
G57117TO.txt
G57166CI.txt
G57675TR.txt
G57835AK.txt
G57863LA.txt
G57930PW.txt
G57955DP.txt
G58403SV.txt
G58667NI.txt
G58768FH.txt
G58827HR.txt
G58969RU.txt
G59128IS.txt
G59300GC.txt
G59361OW.txt
G59406KS.txt
G59471TH.txt
G59579TL.txt
G59655SA.txt
G59741XZ.txt
G59742GY.txt
G59752BW.txt
G59942FB.txt
G60215UL.txt
G60230HH.txt
G60419KX.txt
G60439QY.txt
G60814ZB.txt
G60963AS.txt
G61088TM.txt
G61207RZ.txt
G61575RT.txt
G61707PW.txt
G61751GZ.txt
G61846BY.txt
G61970XW.txt
G62389NM.txt
G62504BU.txt
G62619LG.txt
G62765SF.txt
G63065KG.txt
G63166WT.txt
G63333DU.txt
G63337SS.txt
G63585HN.txt
G63838JW.txt
G63889NK.txt
G64098MP.txt
G64633BH.txt
G64669AQ.txt
G64827NU.txt
G65239SF.txt
G65508FE.txt
G65597BI.txt
G65680SX.txt
G65796FM.txt
G65850ES.txt
G65890UA.txt
G66282NU.txt
G66665YI.txt
G66847YI.txt
G66866LE.txt
G66937TJ.txt
G67045LB.txt
G67410LQ.txt
G67942CH.txt
G68283NG.txt
G68668TB.txt
G68845SP.txt
G68892PJ.txt
G68946DB.txt
G69411IG.txt
G69758TR.txt
G69905CP.txt
G69912LP.txt
G70511VE.txt
G70708LW.txt
G70830AN.txt
G70945OS.txt
G71013KY.txt
G71679MX.txt
G71690HK.txt
G71704AG.txt
G71857KQ.txt
G71957GO.txt
G72079JG.txt
G72082VM.txt
G72103RY.txt
G72221XM.txt
G72260GO.txt
G72580QS.txt
G72662IG.txt
G72718TT.txt
G72821WX.txt
G72919IM.txt
G72974NP.txt
G73057DA.txt
G73211XU.txt
G73418FX.txt
G73492AT.txt
G74120DW.txt
G74264KM.txt
G74438AB.txt
G74574VX.txt
G74645FT.txt
G74859XI.txt
G74928QN.txt
G75049FP.txt
G75120WS.txt
G75185NU.txt
G75308SV.txt
G75359HS.txt
G75398ZA.txt
G75412QZ.txt
G75595FQ.txt
G75850OP.txt
G75896PD.txt
G75902JL.txt
G76073FF.txt
G76136FD.txt
G76384QV.txt
G76478FT.txt
G77058YR.txt
G77252PU.txt
G77384FE.txt
G77475MM.txt
G77639OD.txt
G77812KJ.txt
G77974XY.txt
G78030KJ.txt
G78059CC.txt
G78155FK.txt
G78173WX.txt
G78276SQ.txt
G78890OB.txt
G78956IC.txt
G79198BK.txt
G79344MI.txt
G79348ZY.txt
G79457WN.txt
G79556AB.txt
G79578JB.txt
G79803HS.txt
G79804QG.txt
G79809MM.txt
G79950YS.txt
G80085KS.txt
G80147LG.txt
G80264ZA.txt
G80294GH.txt
G80393PG.txt
G80537QW.txt
G80858MF.txt
G80943NY.txt
G80966KZ.txt
G81085EP.txt
G81096RM.txt
G81326IN.txt
G81328FA.txt
G81528UX.txt
G81923ER.txt
G82011YF.txt
G82033VN.txt
G82050MN.txt
G82252QI.txt
G82312JY.txt
G82320NZ.txt
G82348BZ.txt
G82420SH.txt
G82487CR.txt
G82639GQ.txt
G82811EP.txt
G82942ZJ.txt
G83161QT.txt
G83926PC.txt
G84108IZ.txt
G84163ZT.txt
G84376FR.txt
G84390MS.txt
G84467IZ.txt
G84536BM.txt
G84777MO.txt
G84778XH.txt
G84852GW.txt
G84874EV.txt
G84964KJ.txt
G85260RY.txt
G85458AY.txt
G85542KD.txt
G85767HW.txt
G85891FA.txt
G86002PC.txt
G86005HP.txt
G86095OE.txt
G86102AA.txt
G86270DU.txt
G86357DX.txt
G86555OF.txt
G86681BW.txt
G86696LV.txt
G86704VD.txt
G86730KO.txt
G86753CK.txt
G86770JF.txt
G86928UZ.txt
G87073UP.txt
G87136DV.txt
G87377KZ.txt
G87535DG.txt
G88321DT.txt
G88382QE.txt
G88417ED.txt
G88461FF.txt
G88582ZD.txt
G88948CY.txt
G89036WC.txt
G89143RS.txt
G89168LM.txt
G89864BN.txt
G89877QI.txt
G89941FZ.txt
G89993FE.txt
G90017UO.txt
G90130AG.txt
G90348RI.txt
G90509QW.txt
G90542MP.txt
G90725ZC.txt
G90784AP.txt
G90825UM.txt
G90870DG.txt
G91023GB.txt
G91337ZP.txt
G91365ZQ.txt
G91413ZX.txt
G91511MZ.txt
G91550OH.txt
G91704UR.txt
G91905FJ.txt
G92024SL.txt
G92527BY.txt
G92574YO.txt
G92627GM.txt
G92777SG.txt
G92848CF.txt
G93075HW.txt
G93204KY.txt
G93450TT.txt
G93500PH.txt
G94045IP.txt
G94047VH.txt
G94163JZ.txt
G94363RH.txt
G94394GK.txt
G94490EL.txt
G94531EZ.txt
G94935XB.txt
G94979RS.txt
G95298UR.txt
G95490LA.txt
G95542JQ.txt
G95617FJ.txt
G95658PH.txt
G95695ZV.txt
G95898GD.txt
G95919TI.txt
G96063MG.txt
G96091LW.txt
G96113SZ.txt
G96223WK.txt
G96503EZ.txt
G96674LJ.txt
G96719MC.txt
G96919WB.txt
G96921ZU.txt
G96963QG.txt
G97453GF.txt
G97674NY.txt
G97686QU.txt
G97996SP.txt
G98115AV.txt
G98117HW.txt
G98140IX.txt
G98256YA.txt
G98366ZJ.txt
G98559XP.txt
G98565KP.txt
G98809PE.txt
G98862GW.txt
G99074EO.txt
G99270AV.txt
G99533GU.txt
G99770NO.txt
G99858XP.txt
G99935CU.txt
G99954ZJ.txt
G99969SS.txt
