G98256YA
G00176HZ
G00368HM
G00413UF
G00536FZ
G00743WU
G00797ZX
G00951UF
G00993PM
G01342FO
G01354GF
G01364UC
G01542UX
G01571KM
G01669LU
G01744DO
G01821FN
G01856RL
G01935FK
G02000OD
G02106OV
G02199GK
G02284UY
G02290KA
G02311IE
G02402MM
G02471GW
G02496HH
G02582JY
G02627NR
G02679YX
G02749IM
G02847ZK
G02934UB
G03075ZE
G03272YQ
G03385XG
G03431NA
G03445UI
G03567YH
G03639SV
G03642CB
G03807GP
G03948VT
G03951JJ
G03957UX
G04216GB
G04273XP
G04373WJ
G04507IN
G04534BE
G04576KS
G04667SO
G04709HY
G04791QM
G04824QF
G04886QP
G04989WY
G05060ST
G05067CM
G05260RH
G05294UW
G05562XX
G05794RZ
G05805VT
G06131VP
G06191GU
G06209KS
G06216UH
G06357PG
G06602AQ
G06635WE
G06820QR
G06856ZG
G06969ZX
G07013AA
G07180PE
G07228BR
G07251PT
G07262RR
G07392QY
G07410AW
G07463OZ
G07483YN
G07505KH
G07617FP
G07699XI
G07879RW
G07995VK
G08009LH
G08054HJ
G08117AX
G08129VP
G08242BT
G08394KF
G08491JH
G08501KC
G08512YO
G08520NM
G08577ZR
G08608CG
G08839RX
G08896RO
G08972NU
G09150LP
G09304UM
G09318FM
G09446VC
G09482NW
G09556KR
G09576QH
G09670SR
G09724ZC
G09784SK
G09799AV
G09835WI
G09846BY
G09921WG
G09928QY
G09983QQ
G10182XZ
G10209QU
G10219AA
G10228OD
G10258MC
G10292TC
G10361AV
G10599NM
G10664FL
G10691MJ
G10733HY
G10770RR
G10825NI
G10939ZU
G10965EB
G11010AN
G11034PZ
G11041DA
G11049GW
G11165BC
G11278YL
G11323LX
G11460AB
G11509RN
G11515CC
G11535IB
G11635LG
G11637WL
G11827PW
G11929SN
G12061IK
G12110NN
G12242HT
G12269UA
G12398HZ
G12583QO
G12594VB
G12847XI
G13151XE
G13210XL
G13250OD
G13267ZY
G13282WA
G13530WG
G13592VY
G13597YR
G13604UQ
G13606XI
G13620TF
G13659RH
G13744OG
G13943TJ
G13954HJ
G14047PA
G14047PE
G14127XU
G14291HS
G14393TF
G14492PU
G14520ZO
G14535LP
G14539WJ
G14544JQ
G14617BM
G14744FZ
G14782PJ
G14996IQ
G14998UC
G15361QM
G15407ND
G15525QB
G15797BE
G15812IU
G15828WB
G15998WM
G16071DS
G16137EE
G16155TD
G16349MK
G16523AO
G16529MG
G16546ZZ
G16600BL
G16611XT
G16759KR
G16774YZ
G16827VK
G16828VN
G16873YG
G17044PM
G17153CQ
G17155VX
G17168RO
G17213JF
G17264LS
G17280VQ
G17319MB
G17413FR
G17473NR
G17540HT
G17689DH
G17857ZF
G17953GN
G17964DY
G17981UD
G18026EK
G18157KC
G18219CJ
G18529KR
G18605QW
G18768EK
G18869TR
G18884CY
G18938DW
G18948TG
G19019TY
G19104OH
G19134QI
G19208OK
G19242QH
G19243TV
G19444JC
G19587RI
G19615BB
G19673IW
G19676IW
G19687OL
G19726AG
G19893UQ
G19958IL
G20030CU
G20096RP
G20106RU
G20170YB
G20241DF
G20480TV
G20502MJ
G20546OR
G20815TK
G20926BB
G20956ZK
G20966TZ
G20978MO
G20983SP
G21050RT
G21226BT
G21246OH
G21311YA
G21319HP
G21359NQ
G21459ST
G21650JI
G21659WE
G21756MV
G22009DO
G22079SE
G22098NU
G22101HO
G22127KX
G22152RD
G22196UX
G22548CY
G22550VJ
G22558JP
G22671EZ
G22728HO
G22754BZ
G22768VO
G22865RK
G22898PA
G23026MN
G23166NU
G23244MX
G23295TF
G23419AQ
G23419GD
G23484GM
G23546LY
G23616ZX
G23626NI
G23914JN
G24095BS
G24148BE
G24155DW
G24402OX
G24413UY
G24420RT
G24536EZ
G24620AI
G24748QU
G24875YE
G24920KE
G24924JG
G24951OO
G25028EG
G25097RR
G25140TA
G25326BM
G25350TT
G25374YZ
G25392ZR
G25407RZ
G25430RB
G25471TG
G25497SH
G25505UF
G25520XG
G25588EZ
G25608ML
G25694OK
G25731WL
G25755NG
G25835MT
G26018HD
G26051BM
G26168GK
G26182BM
G26251YW
G26264SQ
G26298FT
G26666YK
G26881SV
G26934ZC
G26949IX
G27188NC
G27273FD
G27389SR
G27432KC
G27553PQ
G27687FR
G27776PG
G27919IH
G27946NT
G28094VW
G28298VW
G28413UD
G28550OD
G28747XN
G28757VB
G28948UC
G29011JC
G29159BL
G29323SQ
G29377XJ
G29434RB
G29445ZK
G29449JO
G29676WX
G29797VX
G29797YX
G29857RC
G29961AS
G30085SO
G30159WR
G30169HL
G30302VM
G30370YC
G30460NZ
G30483FB
G30511BV
G30543BS
G30651IU
G30880QR
G30901GC
G31019WF
G31037WG
G31112KR
G31154YU
G31225TL
G31725PJ
G31824JR
G32156ZV
G32167YQ
G32201IL
G32283ZK
G32305RZ
G32326CV
G32430AX
G32461GF
G32592IB
G32635JL
G32659RY
G32704TW
G32825LD
G32889SE
G33073AG
G33241WC
G33262KR
G33480WQ
G33580BG
G33608TH
G33742YO
G33909XJ
G34219KZ
G34276SS
G34442SS
G34499SX
G34508UC
G34514UL
G34527RW
G34678QT
G34838RM
G34905OT
G34931KK
G34947FX
G34951CL
G34961SY
G34972BB
G35096EN
G35257SQ
G35382VN
G35455OM
G35565NM
G35599MZ
G35619UY
G35656ND
G35674VF
G35698OP
G35888BV
G35996PZ
G36066DO
G36129FV
G36141XM
G36176RV
G36191CD
G36223VW
G36519NW
G36521AS
G36523TZ
G36540TU
G36611GC
G36611LM
G36627DP
G36701GV
G37022BP
G37024HG
G37135JQ
G37140SO
G37166HP
G37347KL
G37476QB
G37597FW
G38022PE
G38115KZ
G38121JC
G38208CY
G38209IY
G38291RB
G38333EX
G38395YJ
G38549YL
G38753OV
G38926VH
G38955TH
G39018CC
G39029JR
G39035PP
G39089YD
G39213VZ
G39377DE
G39439UR
G39578OU
G39585RN
G39595CR
G39601JQ
G39602UU
G39813YP
G40027VO
G40142NX
G40194MN
G40289RO
G40356LN
G40358EZ
G40542QP
G40554DX
G40670DJ
G40702WU
G40739MH
G40853HW
G40906DZ
G40909AN
G41030WJ
G41259TA
G41331JX
G41472VF
G41638RG
G41656BN
G41711ZZ
G41720HN
G41811VQ
G41953RN
G41981MA
G42110JE
G42238QQ
G42249KM
G42322YV
G42399VQ
G42584LN
G42636ZK
G42672MA
G42731RJ
G43068XZ
G43069SH
G43088GK
G43164CL
G43299SD
G43325ZI
G43346PX
G43502GT
G43547MI
G43648DB
G43664YB
G43668QL
G43677TG
G43684MV
G43694RQ
G43873MM
G43885PO
G43911MT
G43942MH
G43989OI
G44152CO
G44187DL
G44325JD
G44328YF
G44459HT
G44865OQ
G44878JD
G44904UE
G44946WH
G45048TZ
G45090DH
G45129XR
G45187EI
G45209NR
G45262QY
G45264AM
G45312AV
G45359RY
G45560HM
G45603BW
G46165ME
G46185ND
G46213JU
G46272XE
G46425HN
G46470AD
G46503KK
G46503WU
G46542RN
G46579FZ
G46638GC
G46712PI
G46767VX
G46836GH
G46992PB
G47062SN
G47068QJ
G47175EF
G47222HP
G47279LF
G47280HM
G47302FP
G47376NN
G47522BB
G47606XQ
G47782UT
G47835DG
G47975JA
G48032HF
G48109OV
G48148JS
G48172UL
G48277OH
G48413IY
G48591BA
G48745EB
G48767NV
G48888YD
G48945UO
G48954CA
G49022RM
G49297ET
G49357ZK
G49426WD
G49515VE
G49743VF
G49798XP
G49827WK
G49874KE
G49933AX
G50075NK
G50078RT
G50086FY
G50250YN
G50364FV
G50457RO
G50489VC
G50730KL
G50769AQ
G50779LX
G51018GI
G51050LD
G51056RX
G51093RA
G51115OW
G51443TH
G51490BW
G51562OR
G51594RJ
G51707SO
G51793MY
G51799AX
G52080WL
G52187WF
G52428MJ
G52474OM
G52645LW
G52663AD
G52803HL
G52880ZN
G52892AY
G52934AK
G52956BX
G53009NG
G53098FA
G53168IY
G53288JQ
G53396PX
G53485VW
G53504BR
G53667CH
G53710HX
G53752TA
G53812BX
G53854XZ
G53933HU
G53955ZA
G53962WT
G53985AY
G53985QX
G54430QW
G54511GM
G54722RM
G54843VG
G54953LX
G54956ME
G55143RH
G55176TX
G55220VL
G55243EE
G55290ED
G55314RK
G55353EG
G55355CT
G55396DW
G55479DB
G56076SG
G56147VV
G56271TF
G56318NV
G56340GX
G56362NT
G56376TA
G56485SI
G56516KW
G56522QM
G56591LC
G56663KK
G56720TK
G56748EO
G56749GV
G57092OJ
G57117TO
G57166CI
G57259VG
G57675TR
G57835AK
G57863LA
G57930PW
G57955DP
G58403SV
G58588AZ
G58667NI
G58768FH
G58827HR
G58858GY
G58969RU
G59128IS
G59300GC
G59361OW
G59406KS
G59430MJ
G59471TH
G59579TL
G59655SA
G59688ZS
G59741XZ
G59742GY
G59752BW
G59757EL
G59942FB
G60073LZ
G60215UL
G60230HH
G60358PW
G60419KX
G60439QY
G60650EN
G60814ZB
G60963AS
G60995WH
G61046DY
G61088TM
G61207RZ
G61243QS
G61259YF
G61261HA
G61346RB
G61431PQ
G61519TG
G61575RT
G61607ZP
G61707PW
G61751GZ
G61794ZN
G61846BY
G61970XW
G62196XB
G62232HK
G62389NM
G62504BU
G62619LG
G62637AS
G62723NI
G62765SF
G63065KG
G63166WT
G63333DU
G63337SS
G63439PE
G63546MJ
G63585HN
G63605KJ
G63630EC
G63838JW
G63850LK
G63889NK
G63913PW
G64053YP
G64098MP
G64203RT
G64351TO
G64520EK
G64587LY
G64633BH
G64669AQ
G64802KJ
G64827NU
G64901TV
G65185QA
G65239SF
G65345UF
G65478HC
G65508FE
G65597BI
G65680SX
G65796FM
G65850ES
G65890UA
G66064OA
G66282NU
G66426KZ
G66665YI
G66847YI
G66866LE
G66903SS
G66937TJ
G66979VI
G66988UG
G67002QN
G67045LB
G67372BD
G67410LQ
G67594HQ
G67708ZZ
G67845SK
G67854BG
G67942CH
G68074GU
G68178JC
G68230AN
G68283NG
G68321IF
G68668TB
G68682OB
G68845SP
G68880OX
G68892PJ
G68930HD
G68946DB
G69411IG
G69728VP
G69758TR
G69783TO
G69905CP
G69912LP
G70371PI
G70461ZU
G70511VE
G70664GD
G70688HU
G70708LW
G70737VI
G70830AN
G70945OS
G71013KY
G71070FL
G71247JZ
G71284LT
G71621XA
G71679MX
G71690HK
G71704AG
G71857KQ
G71957GO
G72079JG
G72082VM
G72103RY
G72221XM
G72260GO
G72580QS
G72662IG
G72718TT
G72821WX
G72827BS
G72919IM
G72951VF
G72974NP
G73057DA
G73120VD
G73150IZ
G73156OK
G73211XU
G73418FX
G73492AT
G73502VC
G73956HX
G74120DW
G74123OK
G74264KM
G74292MB
G74438AB
G74574VX
G74624EC
G74645FT
G74730LY
G74751MK
G74813YZ
G74854BL
G74859XI
G74928QN
G75025UW
G75049FP
G75120WS
G75185NU
G75308SV
G75359HS
G75398ZA
G75412QZ
G75595FQ
G75720YC
G75723HG
G75850OP
G75896PD
G75902JL
G75934AR
G76073FF
G76136FD
G76355AD
G76384QV
G76478FT
G76526VW
G76833FF
G77058YR
G77073VY
G77129AW
G77252PU
G77363ER
G77384FE
G77475MM
G77584OF
G77639OD
G77812KJ
G77841NJ
G77897FY
G77974XY
G78030KJ
G78059CC
G78100ER
G78155FK
G78173WX
G78276SQ
G78807JW
G78890OB
G78956IC
G79026TV
G79198BK
G79344MI
G79348ZY
G79431NA
G79457WN
G79545LL
G79556AB
G79563KH
G79578JB
G79799SR
G79803HS
G79804QG
G79809MM
G79950YS
G79980VE
G80085KS
G80147LG
G80190GU
G80251PA
G80264ZA
G80279XY
G80294GH
G80393PG
G80451YS
G80537QW
G80642RX
G80858MF
G80943NY
G80966KZ
G81085EP
G81096RM
G81214OW
G81326IN
G81328FA
G81389IU
G81473LO
G81528UX
G81621ZO
G81665CK
G81718LN
G81923ER
G82011YF
G82033VN
G82050MN
G82108DC
G82252QI
G82312JY
G82320NZ
G82348BZ
G82420SH
G82487CR
G82639GQ
G82805YZ
G82811EP
G82864ZN
G82942ZJ
G83016KZ
G83161QT
G83189PA
G83542RW
G83566WQ
G83829LQ
G83926PC
G84108IZ
G84163ZT
G84376FR
G84390MS
G84447GQ
G84467IZ
G84536BM
G84621WT
G84663HS
G84777MO
G84778XH
G84852GW
G84874EV
G84964KJ
G84987IW
G85260RY
G85287EJ
G85312PC
G85458AY
G85539QY
G85542KD
G85614LG
G85767HW
G85775VP
G85891FA
G86002PC
G86005HP
G86095OE
G86102AA
G86158EO
G86204UV
G86270DU
G86307NN
G86357DX
G86417VJ
G86555OF
G86604ZW
G86681BW
G86696LV
G86704VD
G86730KO
G86753CK
G86770JF
G86878AT
G86928UZ
G86979HX
G86998OK
G87073UP
G87136DV
G87158MK
G87377KZ
G87535DG
G87586DM
G87684JD
G87941OV
G88321DT
G88382QE
G88417ED
G88461FF
G88582ZD
G88948CY
G89025RS
G89036WC
G89107TT
G89143RS
G89168LM
G89387LJ
G89504SL
G89709TU
G89794YL
G89864BN
G89877QI
G89941FZ
G89993FE
G90017UO
G90080TS
G90130AG
G90348RI
G90435CV
G90459QN
G90481CL
G90509QW
G90542MP
G90724TA
G90725ZC
G90784AP
G90808PS
G90825UM
G90870DG
G90941OL
G91023GB
G91337ZP
G91365ZQ
G91406MX
G91413ZX
G91511MZ
G91550OH
G91704UR
G91905FJ
G92024SL
G92034PX
G92140UZ
G92261PR
G92527BY
G92574YO
G92627GM
G92694MS
G92777SG
G92786FC
G92848CF
G93075HW
G93104JI
G93204KY
G93266XZ
G93375PT
G93450TT
G93500PH
G93561QS
G93685DA
G93703XF
G93762IB
G93900DC
G93982PO
G94045IP
G94047VH
G94163JZ
G94165FT
G94363RH
G94394GK
G94429ZS
G94490EL
G94531EZ
G94935XB
G94979RS
G95070PC
G95288UB
G95298UR
G95355TA
G95490LA
G95542JQ
G95617FJ
G95658PH
G95688PK
G95695ZV
G95898GD
G95919TI
G96063MG
G96091LW
G96113SZ
G96192TD
G96223WK
G96503EZ
G96674LJ
G96719MC
G96919WB
G96921ZU
G96963QG
G97375TF
G97453GF
G97674NY
G97686QU
G97792VU
G97996SP
G98005QH
G98115AV
G98115LU
G98117HW
G98140IX
G98245KQ
G98366ZJ
G98559XP
G98565KP
G98809PE
G98862GW
G98867ZD
G98987UE
G99074EO
G99137KG
G99238MQ
G99270AV
G99490GZ
G99533GU
G99756DS
G99770NO
G99858XP
G99887YN
G99935CU
G99954ZJ
G99969SS
G99975WT
