G00176HZ.txt
G00368HM.txt
G00413UF.txt
G00536FZ.txt
G00743WU.txt
G00797ZX.txt
G00951UF.txt
G00993PM.txt
G01342FO.txt
G01354GF.txt
G01364UC.txt
G01542UX.txt
G01571KM.txt
G01669LU.txt
G01744DO.txt
G01821FN.txt
G01856RL.txt
G01935FK.txt
G02000OD.txt
G02106OV.txt
G02199GK.txt
G02284UY.txt
G02290KA.txt
G02311IE.txt
G02402MM.txt
G02471GW.txt
G02496HH.txt
G02582JY.txt
G02627NR.txt
G02679YX.txt
G02749IM.txt
G02847ZK.txt
G02934UB.txt
G03075ZE.txt
G03272YQ.txt
G03385XG.txt
G03431NA.txt
G03445UI.txt
G03567YH.txt
G03639SV.txt
G03642CB.txt
G03807GP.txt
G03948VT.txt
G03951JJ.txt
G03957UX.txt
G04216GB.txt
G04273XP.txt
G04373WJ.txt
G04507IN.txt
G04534BE.txt
G04576KS.txt
G04667SO.txt
G04709HY.txt
G04791QM.txt
G04824QF.txt
G04886QP.txt
G04989WY.txt
G05060ST.txt
G05067CM.txt
G05260RH.txt
G05294UW.txt
G05562XX.txt
G05794RZ.txt
G05805VT.txt
G06131VP.txt
G06191GU.txt
G06209KS.txt
G06216UH.txt
G06357PG.txt
G06602AQ.txt
G06635WE.txt
G06820QR.txt
G06856ZG.txt
G06969ZX.txt
G07013AA.txt
G07180PE.txt
G07228BR.txt
G07251PT.txt
G07262RR.txt
G07392QY.txt
G07410AW.txt
G07463OZ.txt
G07483YN.txt
G07505KH.txt
G07617FP.txt
G07699XI.txt
G07879RW.txt
G07995VK.txt
G08009LH.txt
G08054HJ.txt
G08117AX.txt
G08129VP.txt
G08242BT.txt
G08394KF.txt
G08491JH.txt
G08501KC.txt
G08512YO.txt
G08520NM.txt
G08577ZR.txt
G08608CG.txt
G08839RX.txt
G08896RO.txt
G08972NU.txt
G09150LP.txt
G09304UM.txt
G09318FM.txt
G09446VC.txt
G09482NW.txt
G09556KR.txt
G09576QH.txt
G09670SR.txt
G09724ZC.txt
G09784SK.txt
G09799AV.txt
G09835WI.txt
G09846BY.txt
G09921WG.txt
G09928QY.txt
G09983QQ.txt
G10182XZ.txt
G10209QU.txt
G10219AA.txt
G10228OD.txt
G10258MC.txt
G10292TC.txt
G10361AV.txt
G10599NM.txt
G10664FL.txt
G10691MJ.txt
G10733HY.txt
G10770RR.txt
G10825NI.txt
G10939ZU.txt
G10965EB.txt
G11010AN.txt
G11034PZ.txt
G11041DA.txt
G11049GW.txt
G11165BC.txt
G11278YL.txt
G11323LX.txt
G11460AB.txt
G11509RN.txt
G11515CC.txt
G11535IB.txt
G11635LG.txt
G11637WL.txt
G11827PW.txt
G11929SN.txt
G12061IK.txt
G12110NN.txt
G12242HT.txt
G12269UA.txt
G12398HZ.txt
G12583QO.txt
G12594VB.txt
G12847XI.txt
G13151XE.txt
G13210XL.txt
G13250OD.txt
G13267ZY.txt
G13282WA.txt
G13530WG.txt
G13592VY.txt
G13597YR.txt
G13604UQ.txt
G13606XI.txt
G13620TF.txt
G13659RH.txt
G13744OG.txt
G13943TJ.txt
G13954HJ.txt
G14047PA.txt
G14047PE.txt
G14127XU.txt
G14291HS.txt
G14393TF.txt
G14492PU.txt
G14520ZO.txt
G14535LP.txt
G14539WJ.txt
G14544JQ.txt
G14617BM.txt
G14744FZ.txt
G14782PJ.txt
G14996IQ.txt
G14998UC.txt
G15361QM.txt
G15407ND.txt
G15525QB.txt
G15797BE.txt
G15812IU.txt
G15828WB.txt
G15998WM.txt
G16071DS.txt
G16137EE.txt
G16155TD.txt
G16349MK.txt
G16523AO.txt
G16529MG.txt
G16546ZZ.txt
G16600BL.txt
G16611XT.txt
G16759KR.txt
G16774YZ.txt
G16827VK.txt
G16828VN.txt
G16873YG.txt
G17044PM.txt
G17153CQ.txt
G17155VX.txt
G17168RO.txt
G17213JF.txt
G17264LS.txt
G17280VQ.txt
G17319MB.txt
G17413FR.txt
G17473NR.txt
G17540HT.txt
G17689DH.txt
G17857ZF.txt
G17953GN.txt
G17964DY.txt
G17981UD.txt
G18026EK.txt
G18157KC.txt
G18219CJ.txt
G18529KR.txt
G18605QW.txt
G18768EK.txt
G18869TR.txt
G18884CY.txt
G18938DW.txt
G18948TG.txt
G19019TY.txt
G19104OH.txt
G19134QI.txt
G19208OK.txt
G19242QH.txt
G19243TV.txt
G19444JC.txt
G19587RI.txt
G19615BB.txt
G19673IW.txt
G19676IW.txt
G19687OL.txt
G19726AG.txt
G19893UQ.txt
G19958IL.txt
G20030CU.txt
G20096RP.txt
G20106RU.txt
G20170YB.txt
G20241DF.txt
G20480TV.txt
G20502MJ.txt
G20546OR.txt
G20815TK.txt
G20926BB.txt
G20956ZK.txt
G20966TZ.txt
G20978MO.txt
G20983SP.txt
G21050RT.txt
G21226BT.txt
G21246OH.txt
G21311YA.txt
G21319HP.txt
G21359NQ.txt
G21459ST.txt
G21650JI.txt
G21659WE.txt
G21756MV.txt
G22009DO.txt
G22079SE.txt
G22098NU.txt
G22101HO.txt
G22127KX.txt
G22152RD.txt
G22196UX.txt
G22548CY.txt
G22550VJ.txt
G22558JP.txt
G22671EZ.txt
G22728HO.txt
G22754BZ.txt
G22768VO.txt
G22865RK.txt
G22898PA.txt
G23026MN.txt
G23166NU.txt
G23244MX.txt
G23295TF.txt
G23419AQ.txt
G23419GD.txt
G23484GM.txt
G23546LY.txt
G23616ZX.txt
G23626NI.txt
G23914JN.txt
G24095BS.txt
G24148BE.txt
G24155DW.txt
G24402OX.txt
G24413UY.txt
G24420RT.txt
G24536EZ.txt
G24620AI.txt
G24748QU.txt
G24875YE.txt
G24920KE.txt
G24924JG.txt
G24951OO.txt
G25028EG.txt
G25097RR.txt
G25140TA.txt
G25326BM.txt
G25350TT.txt
G25374YZ.txt
G25392ZR.txt
G25407RZ.txt
G25430RB.txt
G25471TG.txt
G25497SH.txt
G25505UF.txt
G25520XG.txt
G25588EZ.txt
G25608ML.txt
G25694OK.txt
G25731WL.txt
G25755NG.txt
G25835MT.txt
G26018HD.txt
G26051BM.txt
G26168GK.txt
G26182BM.txt
G26251YW.txt
G26264SQ.txt
G26298FT.txt
G26666YK.txt
G26881SV.txt
G26934ZC.txt
G26949IX.txt
G27188NC.txt
G27273FD.txt
G27389SR.txt
G27432KC.txt
G27553PQ.txt
G27687FR.txt
G27776PG.txt
G27919IH.txt
G27946NT.txt
G28094VW.txt
G28298VW.txt
G28413UD.txt
G28550OD.txt
G28747XN.txt
G28757VB.txt
G28948UC.txt
G29011JC.txt
G29159BL.txt
G29323SQ.txt
G29377XJ.txt
G29434RB.txt
G29445ZK.txt
G29449JO.txt
G29676WX.txt
G29797VX.txt
G29797YX.txt
G29857RC.txt
G29961AS.txt
G30085SO.txt
G30159WR.txt
G30169HL.txt
G30302VM.txt
G30370YC.txt
G30460NZ.txt
G30483FB.txt
G30511BV.txt
G30543BS.txt
G30651IU.txt
G30880QR.txt
G30901GC.txt
G31019WF.txt
G31037WG.txt
G31112KR.txt
G31154YU.txt
G31225TL.txt
G31725PJ.txt
G31824JR.txt
G32156ZV.txt
G32167YQ.txt
G32201IL.txt
G32283ZK.txt
G32305RZ.txt
G32326CV.txt
G32430AX.txt
G32461GF.txt
G32592IB.txt
G32635JL.txt
G32659RY.txt
G32704TW.txt
G32825LD.txt
G32889SE.txt
G33073AG.txt
G33241WC.txt
G33262KR.txt
G33480WQ.txt
G33580BG.txt
G33608TH.txt
G33742YO.txt
G33909XJ.txt
G34219KZ.txt
G34276SS.txt
G34442SS.txt
G34499SX.txt
G34508UC.txt
G34514UL.txt
G34527RW.txt
G34678QT.txt
G34838RM.txt
G34905OT.txt
G34931KK.txt
G34947FX.txt
G34951CL.txt
G34961SY.txt
G34972BB.txt
G35096EN.txt
G35257SQ.txt
G35382VN.txt
G35455OM.txt
G35565NM.txt
G35599MZ.txt
G35619UY.txt
G35656ND.txt
G35674VF.txt
G35698OP.txt
G35888BV.txt
G35996PZ.txt
G36066DO.txt
G36129FV.txt
G36141XM.txt
G36176RV.txt
G36191CD.txt
G36223VW.txt
G36519NW.txt
G36521AS.txt
G36523TZ.txt
G36540TU.txt
G36611GC.txt
G36611LM.txt
G36627DP.txt
G36701GV.txt
G37022BP.txt
G37024HG.txt
G37135JQ.txt
G37140SO.txt
G37166HP.txt
G37347KL.txt
G37476QB.txt
G37597FW.txt
G38022PE.txt
G38115KZ.txt
G38121JC.txt
G38208CY.txt
G38209IY.txt
G38291RB.txt
G38333EX.txt
G38395YJ.txt
G38549YL.txt
G38753OV.txt
G38926VH.txt
G38955TH.txt
G39018CC.txt
G39029JR.txt
G39035PP.txt
G39089YD.txt
G39213VZ.txt
G39377DE.txt
G39439UR.txt
G39578OU.txt
G39585RN.txt
G39595CR.txt
G39601JQ.txt
G39602UU.txt
G39813YP.txt
G40027VO.txt
G40142NX.txt
G40194MN.txt
G40289RO.txt
G40356LN.txt
G40358EZ.txt
G40542QP.txt
G40554DX.txt
G40670DJ.txt
G40702WU.txt
G40739MH.txt
G40853HW.txt
G40906DZ.txt
G40909AN.txt
G41030WJ.txt
G41259TA.txt
G41331JX.txt
G41472VF.txt
G41638RG.txt
G41656BN.txt
G41711ZZ.txt
G41720HN.txt
G41811VQ.txt
G41953RN.txt
G41981MA.txt
G42110JE.txt
G42238QQ.txt
G42249KM.txt
G42322YV.txt
G42399VQ.txt
G42584LN.txt
G42636ZK.txt
G42672MA.txt
G42731RJ.txt
G43068XZ.txt
G43069SH.txt
G43088GK.txt
G43164CL.txt
G43299SD.txt
G43325ZI.txt
G43346PX.txt
G43502GT.txt
G43547MI.txt
G43648DB.txt
G43664YB.txt
G43668QL.txt
G43677TG.txt
G43684MV.txt
G43694RQ.txt
G43873MM.txt
G43885PO.txt
G43911MT.txt
G43942MH.txt
G43989OI.txt
G44152CO.txt
G44187DL.txt
G44325JD.txt
G44328YF.txt
G44459HT.txt
G44865OQ.txt
G44878JD.txt
G44904UE.txt
G44946WH.txt
G45048TZ.txt
G45090DH.txt
G45129XR.txt
G45187EI.txt
G45209NR.txt
G45262QY.txt
G45264AM.txt
G45312AV.txt
G45359RY.txt
G45560HM.txt
G45603BW.txt
G46165ME.txt
G46185ND.txt
G46213JU.txt
G46272XE.txt
G46425HN.txt
G46470AD.txt
G46503KK.txt
G46503WU.txt
G46542RN.txt
G46579FZ.txt
G46638GC.txt
G46712PI.txt
G46767VX.txt
G46836GH.txt
G46992PB.txt
G47062SN.txt
G47068QJ.txt
G47175EF.txt
G47222HP.txt
G47279LF.txt
G47280HM.txt
G47302FP.txt
G47376NN.txt
G47522BB.txt
G47606XQ.txt
G47782UT.txt
G47835DG.txt
G47975JA.txt
G48032HF.txt
G48109OV.txt
G48148JS.txt
G48172UL.txt
G48277OH.txt
G48413IY.txt
G48591BA.txt
G48745EB.txt
G48767NV.txt
G48888YD.txt
G48945UO.txt
G48954CA.txt
G49022RM.txt
G49297ET.txt
G49357ZK.txt
G49426WD.txt
G49515VE.txt
G49743VF.txt
G49798XP.txt
G49827WK.txt
G49874KE.txt
G49933AX.txt
G50075NK.txt
G50078RT.txt
G50086FY.txt
G50250YN.txt
G50364FV.txt
G50457RO.txt
G50489VC.txt
G50730KL.txt
G50769AQ.txt
G50779LX.txt
G51018GI.txt
G51050LD.txt
G51056RX.txt
G51093RA.txt
G51115OW.txt
G51443TH.txt
G51490BW.txt
G51562OR.txt
G51594RJ.txt
G51707SO.txt
G51793MY.txt
G51799AX.txt
G52080WL.txt
G52187WF.txt
G52428MJ.txt
G52474OM.txt
G52645LW.txt
G52663AD.txt
G52803HL.txt
G52880ZN.txt
G52892AY.txt
G52934AK.txt
G52956BX.txt
G53009NG.txt
G53098FA.txt
G53168IY.txt
G53288JQ.txt
G53396PX.txt
G53485VW.txt
G53504BR.txt
G53667CH.txt
G53710HX.txt
G53752TA.txt
G53812BX.txt
G53854XZ.txt
G53933HU.txt
G53955ZA.txt
G53962WT.txt
G53985AY.txt
G53985QX.txt
G54430QW.txt
G54511GM.txt
G54722RM.txt
G54843VG.txt
G54953LX.txt
G54956ME.txt
G55143RH.txt
G55176TX.txt
G55220VL.txt
G55243EE.txt
G55290ED.txt
G55314RK.txt
G55353EG.txt
G55355CT.txt
G55396DW.txt
G55479DB.txt
G56076SG.txt
G56147VV.txt
G56271TF.txt
G56318NV.txt
G56340GX.txt
G56362NT.txt
G56376TA.txt
G56485SI.txt
G56516KW.txt
G56522QM.txt
G56591LC.txt
G56663KK.txt
G56720TK.txt
G56748EO.txt
G56749GV.txt
G57092OJ.txt
G57117TO.txt
G57166CI.txt
G57259VG.txt
G57675TR.txt
G57835AK.txt
G57863LA.txt
G57930PW.txt
G57955DP.txt
G58403SV.txt
G58588AZ.txt
G58667NI.txt
G58768FH.txt
G58827HR.txt
G58858GY.txt
G58969RU.txt
G59128IS.txt
G59300GC.txt
G59361OW.txt
G59406KS.txt
G59430MJ.txt
G59471TH.txt
G59579TL.txt
G59655SA.txt
G59688ZS.txt
G59741XZ.txt
G59742GY.txt
G59752BW.txt
G59757EL.txt
G59942FB.txt
G60073LZ.txt
G60215UL.txt
G60230HH.txt
G60358PW.txt
G60419KX.txt
G60439QY.txt
G60650EN.txt
G60814ZB.txt
G60963AS.txt
G60995WH.txt
G61046DY.txt
G61088TM.txt
G61207RZ.txt
G61243QS.txt
G61259YF.txt
G61261HA.txt
G61346RB.txt
G61431PQ.txt
G61519TG.txt
G61575RT.txt
G61607ZP.txt
G61707PW.txt
G61751GZ.txt
G61794ZN.txt
G61846BY.txt
G61970XW.txt
G62196XB.txt
G62232HK.txt
G62389NM.txt
G62504BU.txt
G62619LG.txt
G62637AS.txt
G62723NI.txt
G62765SF.txt
G63065KG.txt
G63166WT.txt
G63333DU.txt
G63337SS.txt
G63439PE.txt
G63546MJ.txt
G63585HN.txt
G63605KJ.txt
G63630EC.txt
G63838JW.txt
G63850LK.txt
G63889NK.txt
G63913PW.txt
G64053YP.txt
G64098MP.txt
G64203RT.txt
G64351TO.txt
G64520EK.txt
G64587LY.txt
G64633BH.txt
G64669AQ.txt
G64802KJ.txt
G64827NU.txt
G64901TV.txt
G65185QA.txt
G65239SF.txt
G65345UF.txt
G65478HC.txt
G65508FE.txt
G65597BI.txt
G65680SX.txt
G65796FM.txt
G65850ES.txt
G65890UA.txt
G66064OA.txt
G66282NU.txt
G66426KZ.txt
G66665YI.txt
G66847YI.txt
G66866LE.txt
G66903SS.txt
G66937TJ.txt
G66979VI.txt
G66988UG.txt
G67002QN.txt
G67045LB.txt
G67372BD.txt
G67410LQ.txt
G67594HQ.txt
G67708ZZ.txt
G67845SK.txt
G67854BG.txt
G67942CH.txt
G68074GU.txt
G68178JC.txt
G68230AN.txt
G68283NG.txt
G68321IF.txt
G68668TB.txt
G68682OB.txt
G68845SP.txt
G68880OX.txt
G68892PJ.txt
G68930HD.txt
G68946DB.txt
G69411IG.txt
G69728VP.txt
G69758TR.txt
G69783TO.txt
G69905CP.txt
G69912LP.txt
G70371PI.txt
G70461ZU.txt
G70511VE.txt
G70664GD.txt
G70688HU.txt
G70708LW.txt
G70737VI.txt
G70830AN.txt
G70945OS.txt
G71013KY.txt
G71070FL.txt
G71247JZ.txt
G71284LT.txt
G71621XA.txt
G71679MX.txt
G71690HK.txt
G71704AG.txt
G71857KQ.txt
G71957GO.txt
G72079JG.txt
G72082VM.txt
G72103RY.txt
G72221XM.txt
G72260GO.txt
G72580QS.txt
G72662IG.txt
G72718TT.txt
G72821WX.txt
G72827BS.txt
G72919IM.txt
G72951VF.txt
G72974NP.txt
G73057DA.txt
G73120VD.txt
G73150IZ.txt
G73156OK.txt
G73211XU.txt
G73418FX.txt
G73492AT.txt
G73502VC.txt
G73956HX.txt
G74120DW.txt
G74123OK.txt
G74264KM.txt
G74292MB.txt
G74438AB.txt
G74574VX.txt
G74624EC.txt
G74645FT.txt
G74730LY.txt
G74751MK.txt
G74813YZ.txt
G74854BL.txt
G74859XI.txt
G74928QN.txt
G75025UW.txt
G75049FP.txt
G75120WS.txt
G75185NU.txt
G75308SV.txt
G75359HS.txt
G75398ZA.txt
G75412QZ.txt
G75595FQ.txt
G75720YC.txt
G75723HG.txt
G75850OP.txt
G75896PD.txt
G75902JL.txt
G75934AR.txt
G76073FF.txt
G76136FD.txt
G76355AD.txt
G76384QV.txt
G76478FT.txt
G76526VW.txt
G76833FF.txt
G77058YR.txt
G77073VY.txt
G77129AW.txt
G77252PU.txt
G77363ER.txt
G77384FE.txt
G77475MM.txt
G77584OF.txt
G77639OD.txt
G77812KJ.txt
G77841NJ.txt
G77897FY.txt
G77974XY.txt
G78030KJ.txt
G78059CC.txt
G78100ER.txt
G78155FK.txt
G78173WX.txt
G78276SQ.txt
G78807JW.txt
G78890OB.txt
G78956IC.txt
G79026TV.txt
G79198BK.txt
G79344MI.txt
G79348ZY.txt
G79431NA.txt
G79457WN.txt
G79545LL.txt
G79556AB.txt
G79563KH.txt
G79578JB.txt
G79799SR.txt
G79803HS.txt
G79804QG.txt
G79809MM.txt
G79950YS.txt
G79980VE.txt
G80085KS.txt
G80147LG.txt
G80190GU.txt
G80251PA.txt
G80264ZA.txt
G80279XY.txt
G80294GH.txt
G80393PG.txt
G80451YS.txt
G80537QW.txt
G80642RX.txt
G80858MF.txt
G80943NY.txt
G80966KZ.txt
G81085EP.txt
G81096RM.txt
G81214OW.txt
G81326IN.txt
G81328FA.txt
G81389IU.txt
G81473LO.txt
G81528UX.txt
G81621ZO.txt
G81665CK.txt
G81718LN.txt
G81923ER.txt
G82011YF.txt
G82033VN.txt
G82050MN.txt
G82108DC.txt
G82252QI.txt
G82312JY.txt
G82320NZ.txt
G82348BZ.txt
G82420SH.txt
G82487CR.txt
G82639GQ.txt
G82805YZ.txt
G82811EP.txt
G82864ZN.txt
G82942ZJ.txt
G83016KZ.txt
G83161QT.txt
G83189PA.txt
G83542RW.txt
G83566WQ.txt
G83829LQ.txt
G83926PC.txt
G84108IZ.txt
G84163ZT.txt
G84376FR.txt
G84390MS.txt
G84447GQ.txt
G84467IZ.txt
G84536BM.txt
G84621WT.txt
G84663HS.txt
G84777MO.txt
G84778XH.txt
G84852GW.txt
G84874EV.txt
G84964KJ.txt
G84987IW.txt
G85260RY.txt
G85287EJ.txt
G85312PC.txt
G85458AY.txt
G85539QY.txt
G85542KD.txt
G85614LG.txt
G85767HW.txt
G85775VP.txt
G85891FA.txt
G86002PC.txt
G86005HP.txt
G86095OE.txt
G86102AA.txt
G86158EO.txt
G86204UV.txt
G86270DU.txt
G86307NN.txt
G86357DX.txt
G86417VJ.txt
G86555OF.txt
G86604ZW.txt
G86681BW.txt
G86696LV.txt
G86704VD.txt
G86730KO.txt
G86753CK.txt
G86770JF.txt
G86878AT.txt
G86928UZ.txt
G86979HX.txt
G86998OK.txt
G87073UP.txt
G87136DV.txt
G87158MK.txt
G87377KZ.txt
G87535DG.txt
G87586DM.txt
G87684JD.txt
G87941OV.txt
G88321DT.txt
G88382QE.txt
G88417ED.txt
G88461FF.txt
G88582ZD.txt
G88948CY.txt
G89025RS.txt
G89036WC.txt
G89107TT.txt
G89143RS.txt
G89168LM.txt
G89387LJ.txt
G89504SL.txt
G89709TU.txt
G89794YL.txt
G89864BN.txt
G89877QI.txt
G89941FZ.txt
G89993FE.txt
G90017UO.txt
G90080TS.txt
G90130AG.txt
G90348RI.txt
G90435CV.txt
G90459QN.txt
G90481CL.txt
G90509QW.txt
G90542MP.txt
G90724TA.txt
G90725ZC.txt
G90784AP.txt
G90808PS.txt
G90825UM.txt
G90870DG.txt
G90941OL.txt
G91023GB.txt
G91337ZP.txt
G91365ZQ.txt
G91406MX.txt
G91413ZX.txt
G91511MZ.txt
G91550OH.txt
G91704UR.txt
G91905FJ.txt
G92024SL.txt
G92034PX.txt
G92140UZ.txt
G92261PR.txt
G92527BY.txt
G92574YO.txt
G92627GM.txt
G92694MS.txt
G92777SG.txt
G92786FC.txt
G92848CF.txt
G93075HW.txt
G93104JI.txt
G93204KY.txt
G93266XZ.txt
G93375PT.txt
G93450TT.txt
G93500PH.txt
G93561QS.txt
G93685DA.txt
G93703XF.txt
G93762IB.txt
G93900DC.txt
G93982PO.txt
G94045IP.txt
G94047VH.txt
G94163JZ.txt
G94165FT.txt
G94363RH.txt
G94394GK.txt
G94429ZS.txt
G94490EL.txt
G94531EZ.txt
G94935XB.txt
G94979RS.txt
G95070PC.txt
G95288UB.txt
G95298UR.txt
G95355TA.txt
G95490LA.txt
G95542JQ.txt
G95617FJ.txt
G95658PH.txt
G95688PK.txt
G95695ZV.txt
G95898GD.txt
G95919TI.txt
G96063MG.txt
G96091LW.txt
G96113SZ.txt
G96192TD.txt
G96223WK.txt
G96503EZ.txt
G96674LJ.txt
G96719MC.txt
G96919WB.txt
G96921ZU.txt
G96963QG.txt
G97375TF.txt
G97453GF.txt
G97674NY.txt
G97686QU.txt
G97792VU.txt
G97996SP.txt
G98005QH.txt
G98115AV.txt
G98115LU.txt
G98117HW.txt
G98140IX.txt
G98245KQ.txt
G98256YA.txt
G98366ZJ.txt
G98559XP.txt
G98565KP.txt
G98809PE.txt
G98862GW.txt
G98867ZD.txt
G98987UE.txt
G99074EO.txt
G99137KG.txt
G99238MQ.txt
G99270AV.txt
G99490GZ.txt
G99533GU.txt
G99756DS.txt
G99770NO.txt
G99858XP.txt
G99887YN.txt
G99935CU.txt
G99954ZJ.txt
G99969SS.txt
G99975WT.txt
