G00368HM.txt
G00993PM.txt
G01354GF.txt
G01364UC.txt
G01542UX.txt
G01571KM.txt
G01744DO.txt
G01821FN.txt
G02000OD.txt
G02106OV.txt
G02199GK.txt
G02402MM.txt
G02496HH.txt
G02627NR.txt
G02749IM.txt
G02847ZK.txt
G03567YH.txt
G03639SV.txt
G03642CB.txt
G03807GP.txt
G03957UX.txt
G04373WJ.txt
G04507IN.txt
G04534BE.txt
G04667SO.txt
G04709HY.txt
G04824QF.txt
G04886QP.txt
G05060ST.txt
G05067CM.txt
G05294UW.txt
G05805VT.txt
G06357PG.txt
G06602AQ.txt
G06856ZG.txt
G07013AA.txt
G07180PE.txt
G07251PT.txt
G07463OZ.txt
G07505KH.txt
G07879RW.txt
G08009LH.txt
G08054HJ.txt
G08117AX.txt
G08129VP.txt
G08394KF.txt
G08491JH.txt
G08501KC.txt
G08512YO.txt
G08608CG.txt
G08839RX.txt
G08972NU.txt
G09304UM.txt
G09318FM.txt
G09784SK.txt
G09799AV.txt
G09835WI.txt
G09846BY.txt
G09928QY.txt
G09983QQ.txt
G10361AV.txt
G10599NM.txt
G10825NI.txt
G10939ZU.txt
G11049GW.txt
G11323LX.txt
G11515CC.txt
G11827PW.txt
G12242HT.txt
G12269UA.txt
G12583QO.txt
G12847XI.txt
G13250OD.txt
G13530WG.txt
G13597YR.txt
G13604UQ.txt
G13606XI.txt
G13620TF.txt
G13943TJ.txt
G13954HJ.txt
G14047PE.txt
G14291HS.txt
G14535LP.txt
G14539WJ.txt
G14544JQ.txt
G14617BM.txt
G14744FZ.txt
G15361QM.txt
G15407ND.txt
G15525QB.txt
G15797BE.txt
G15812IU.txt
G16071DS.txt
G16137EE.txt
G16349MK.txt
G16611XT.txt
G16827VK.txt
G17044PM.txt
G17280VQ.txt
G17319MB.txt
G17953GN.txt
G17981UD.txt
G18157KC.txt
G18529KR.txt
G18605QW.txt
G18884CY.txt
G19134QI.txt
G19208OK.txt
G19587RI.txt
G19673IW.txt
G19676IW.txt
G19893UQ.txt
G20106RU.txt
G20241DF.txt
G20480TV.txt
G20502MJ.txt
G20546OR.txt
G20978MO.txt
G21226BT.txt
G21650JI.txt
G21659WE.txt
G22009DO.txt
G22101HO.txt
G22127KX.txt
G22152RD.txt
G22196UX.txt
G22548CY.txt
G22671EZ.txt
G22754BZ.txt
G23026MN.txt
G23244MX.txt
G23419GD.txt
G23914JN.txt
G24148BE.txt
G24536EZ.txt
G24924JG.txt
G24951OO.txt
G25028EG.txt
G25374YZ.txt
G25430RB.txt
G25588EZ.txt
G25608ML.txt
G25694OK.txt
G25755NG.txt
G26051BM.txt
G26168GK.txt
G26251YW.txt
G26666YK.txt
G26934ZC.txt
G27553PQ.txt
G27687FR.txt
G28094VW.txt
G28413UD.txt
G28757VB.txt
G29323SQ.txt
G29797VX.txt
G29961AS.txt
G30169HL.txt
G30370YC.txt
G30511BV.txt
G30543BS.txt
G30880QR.txt
G31112KR.txt
G31154YU.txt
G31225TL.txt
G31725PJ.txt
G31824JR.txt
G32167YQ.txt
G32326CV.txt
G32430AX.txt
G32635JL.txt
G32825LD.txt
G32889SE.txt
G33073AG.txt
G33480WQ.txt
G33580BG.txt
G34219KZ.txt
G34514UL.txt
G34678QT.txt
G34951CL.txt
G34961SY.txt
G35599MZ.txt
G35656ND.txt
G35674VF.txt
G35698OP.txt
G35996PZ.txt
G36129FV.txt
G36141XM.txt
G36540TU.txt
G36611GC.txt
G36611LM.txt
G36627DP.txt
G37024HG.txt
G37347KL.txt
G38209IY.txt
G38333EX.txt
G38926VH.txt
G39035PP.txt
G40356LN.txt
G40739MH.txt
G40853HW.txt
G41030WJ.txt
G41259TA.txt
G41472VF.txt
G41638RG.txt
G41656BN.txt
G42238QQ.txt
G42249KM.txt
G42399VQ.txt
G42584LN.txt
G42636ZK.txt
G43068XZ.txt
G43069SH.txt
G43502GT.txt
G43668QL.txt
G43684MV.txt
G43885PO.txt
G43911MT.txt
G43942MH.txt
G43989OI.txt
G44187DL.txt
G44325JD.txt
G44328YF.txt
G44459HT.txt
G44878JD.txt
G45090DH.txt
G45129XR.txt
G45312AV.txt
G46165ME.txt
G46272XE.txt
G46503WU.txt
G46579FZ.txt
G46992PB.txt
G47062SN.txt
G47068QJ.txt
G47222HP.txt
G47376NN.txt
G47522BB.txt
G47835DG.txt
G48032HF.txt
G48172UL.txt
G48413IY.txt
G48591BA.txt
G48745EB.txt
G48888YD.txt
G49297ET.txt
G49426WD.txt
G49798XP.txt
G49874KE.txt
G50075NK.txt
G50086FY.txt
G50250YN.txt
G50457RO.txt
G50769AQ.txt
G51056RX.txt
G51093RA.txt
G51115OW.txt
G51443TH.txt
G51594RJ.txt
G51707SO.txt
G52474OM.txt
G52803HL.txt
G52892AY.txt
G53009NG.txt
G53710HX.txt
G53955ZA.txt
G53985QX.txt
G54430QW.txt
G54511GM.txt
G54722RM.txt
G54843VG.txt
G55143RH.txt
G55176TX.txt
G55243EE.txt
G55290ED.txt
G55353EG.txt
G55355CT.txt
G56076SG.txt
G56362NT.txt
G56522QM.txt
G56663KK.txt
G57259VG.txt
G58588AZ.txt
G58858GY.txt
G59430MJ.txt
G59688ZS.txt
G59757EL.txt
G60073LZ.txt
G60358PW.txt
G60650EN.txt
G60995WH.txt
G61046DY.txt
G61243QS.txt
G61259YF.txt
G61261HA.txt
G61346RB.txt
G61431PQ.txt
G61519TG.txt
G61607ZP.txt
G61794ZN.txt
G62196XB.txt
G62232HK.txt
G62637AS.txt
G62723NI.txt
G63439PE.txt
G63546MJ.txt
G63605KJ.txt
G63630EC.txt
G63850LK.txt
G63913PW.txt
G64053YP.txt
G64203RT.txt
G64351TO.txt
G64520EK.txt
G64587LY.txt
G64802KJ.txt
G64901TV.txt
G65185QA.txt
G65345UF.txt
G65478HC.txt
G66064OA.txt
G66426KZ.txt
G66903SS.txt
G66979VI.txt
G66988UG.txt
G67002QN.txt
G67372BD.txt
G67594HQ.txt
G67708ZZ.txt
G67845SK.txt
G67854BG.txt
G68074GU.txt
G68178JC.txt
G68230AN.txt
G68321IF.txt
G68682OB.txt
G68880OX.txt
G68930HD.txt
G69728VP.txt
G69783TO.txt
G70371PI.txt
G70461ZU.txt
G70664GD.txt
G70688HU.txt
G70737VI.txt
G71070FL.txt
G71247JZ.txt
G71284LT.txt
G71621XA.txt
G72827BS.txt
G72951VF.txt
G73120VD.txt
G73150IZ.txt
G73156OK.txt
G73502VC.txt
G73956HX.txt
G74123OK.txt
G74292MB.txt
G74624EC.txt
G74730LY.txt
G74751MK.txt
G74813YZ.txt
G74854BL.txt
G75025UW.txt
G75720YC.txt
G75723HG.txt
G75934AR.txt
G76355AD.txt
G76526VW.txt
G76833FF.txt
G77073VY.txt
G77129AW.txt
G77363ER.txt
G77584OF.txt
G77841NJ.txt
G77897FY.txt
G78100ER.txt
G78807JW.txt
G79026TV.txt
G79431NA.txt
G79545LL.txt
G79563KH.txt
G79799SR.txt
G79980VE.txt
G80190GU.txt
G80251PA.txt
G80279XY.txt
G80451YS.txt
G80642RX.txt
G81214OW.txt
G81389IU.txt
G81473LO.txt
G81621ZO.txt
G81665CK.txt
G81718LN.txt
G82108DC.txt
G82805YZ.txt
G82864ZN.txt
G83016KZ.txt
G83189PA.txt
G83542RW.txt
G83566WQ.txt
G83829LQ.txt
G84447GQ.txt
G84621WT.txt
G84663HS.txt
G84987IW.txt
G85287EJ.txt
G85312PC.txt
G85539QY.txt
G85614LG.txt
G85775VP.txt
G86158EO.txt
G86204UV.txt
G86307NN.txt
G86417VJ.txt
G86604ZW.txt
G86878AT.txt
G86979HX.txt
G86998OK.txt
G87158MK.txt
G87586DM.txt
G87684JD.txt
G87941OV.txt
G89025RS.txt
G89107TT.txt
G89387LJ.txt
G89504SL.txt
G89709TU.txt
G89794YL.txt
G90080TS.txt
G90435CV.txt
G90459QN.txt
G90481CL.txt
G90724TA.txt
G90808PS.txt
G90941OL.txt
G91406MX.txt
G92034PX.txt
G92140UZ.txt
G92261PR.txt
G92694MS.txt
G92786FC.txt
G93104JI.txt
G93266XZ.txt
G93375PT.txt
G93561QS.txt
G93685DA.txt
G93703XF.txt
G93762IB.txt
G93900DC.txt
G93982PO.txt
G94165FT.txt
G94429ZS.txt
G95070PC.txt
G95288UB.txt
G95355TA.txt
G95688PK.txt
G96192TD.txt
G97375TF.txt
G97792VU.txt
G98005QH.txt
G98115LU.txt
G98245KQ.txt
G98867ZD.txt
G98987UE.txt
G99137KG.txt
G99238MQ.txt
G99490GZ.txt
G99756DS.txt
G99887YN.txt
G99975WT.txt
