G71652FK
G42130KX
G99235VG
G09118YK
G93460NV
G30007CD
G16325IK
G92024SL
G83273JI
G36598KD
G76504TU
G37855JI
G21078FZ
G86471YN
G04448SK
G30439IP
G87908HE
G32250QD
G51941IR
G39509DP
G91847ME
G13515ZY
G28127QJ
G46141DD
G19826RH
G41125AS
G97352VJ
G58039UH
G41708PN
G97888YD
G37276TY
G62112AO
G90396JH
G69994YJ
G47909JD
G57411WE
G01034MJ
G70236HL
G95732UV
G36118RA
G59752BW
G14358WN
G23377WN
G67942CH
G31373ZL
G27092SD
G34314SG
G03740OH
G43325ZI
G74093LU
G71989MV
G82068QZ
G88334IC
G87887TB
G04269TC
G84163ZT
G20767LB
G84504LI
G14311HQ
G03296OS
G61636KP
G17437BX
G73520AV
G77025HC
G89364NG
G41455NO
G51024RU
G82033VN
G78194GB
G97831CJ
G38057EZ
G63142AA
G33748AU
G76430NK
G21679ID
G56265BA
G46836GH
G71549MK
G97996SP
G24920KE
G57970NA
G67612NO
G05151WT
G94113YV
G55406JQ
G25363AJ
G69905CP
G67173FM
G59784AY
G58585VB
G45325UV
G07169PS
G63904JQ
G51014ET
G45603KW
G10073SM
G96024GG
G18561NH
G45997JW
G14809NR
G47936PQ
G16679DU
G38217AM
G79274RH
G36909XX
G07137NF
G63491LI
G10617MG
G46945LQ
G33909XJ
G29483LI
G99035PG
G12659ID
G90352XZ
G26315ZA
G20966TZ
G67776JA
G99843HL
G16733YD
G54195NF
G70494TJ
G75445NA
G04216GB
G27461ST
G76085KR
G06017WG
G59619LB
G43765GZ
G73073LQ
G00176HZ
G30483FB
G96768SN
G96925LL
G48115MG
G26756VT
G24303GI
G79349EV
G42846BO
G31040SL
G58473KL
G03479ZN
G09905HJ
G38637SA
G04146DI
G99257WS
G25392ZR
G92466QX
G75584LU
G92697XR
G04109RU
G06215DG
G85471HV
G56516KW
G18393MZ
G25471TG
G04414GO
G78276SQ
G62165AG
G11040EI
G96622LK
G46224CH
G70342DW
G40033UH
G95759LT
G44151FI
G67025AF
G94679TQ
G69584VD
G52934AK
G96484SJ
G61170KL
G28593TO
G24051KM
G61958FQ
G38883NU
G09601WV
G56955UZ
G28360IT
G18764US
G94876HV
G79256WE
G89378UY
G35455VF
G64048GU
G12866IA
G38029ML
G94013DC
G55953GF
G10463IQ
G77475MM
G91023GB
G94120DZ
G29754CL
G75592RR
G98132BH
G37825LG
G31851ZE
G98131ZY
G71042XC
G24984RR
G91068DJ
G72460OS
G93711GC
G25520XG
G55879PV
G31411GR
G07410AW
G89339VV
G56740AO
G02561FC
G43947VZ
G57930PW
G01680CB
G30048DT
G03895SR
G48954CA
G97037FD
G04501IZ
G32461GF
G62145FH
G31700GV
G66377OH
G51265ES
G87714OP
G77371VZ
G46432HW
G23718VU
G31223MN
G95952ST
G16403CC
G37359EL
G00325UK
G40857PC
G49225WK
G45841FE
G16201LW
G20744OH
G48277OH
G03069HT
G46652ST
G14199EY
G51695DM
G50783JY
G64808LD
G67656PN
G10040DS
G96936VZ
G44444MB
G32659RY
G06607JJ
G77198CF
G57250OO
G90870DG
G74859CV
G41953RN
G81813WJ
G40578SN
G71378VQ
G95226CD
G61449JV
G26703BH
G27939KO
G45705IR
G82886WI
G99683ND
G74587YW
G36537XZ
G95998QK
G11324RD
G23572BH
G10609HO
G40252XD
G26014HJ
G50165QT
G43454VB
G66348MF
G88707IJ
G96782OT
G03164NE
G37260VJ
G30618VC
G14948VS
G96919WB
G39662GV
G08636CQ
G07089VQ
G51472TJ
G71918HH
G35655SC
G06648CG
G69758TR
G51601CL
G59277TZ
G90348RI
G22048BB
G75269BP
G26664GH
G37099HS
G96095QD
G33947BV
G26246KG
G54683UA
G39504IG
G16774YZ
G80228NL
G68784OK
G41811VQ
G23099XP
G23175TS
G71269BI
G62785VB
G00982CE
G17389UM
G31004HS
G23117SI
G18705WH
G74396ZF
G90769IN
G02526NN
G58004KD
G61456PF
G11333WT
G23661JI
G50474FI
G35626TC
G18197AJ
G95861KV
G27389SR
G60610NA
G30585MP
G88884NJ
G06285KB
G93755GW
G08681CU
G72049UT
G73825BL
G57149TQ
G53725UB
G39722LF
G31026DI
G24844YX
G52126RR
G41605VJ
G46108US
G35808UX
G59532XE
G88992QY
G30202PY
G50846BW
G35150SV
G60929YB
G81333SO
G79754SY
G43351VW
G50579NE
G98549NZ
G95332GJ
G38395YJ
G13785QH
G66474IG
G93458PD
G17409FQ
G19520XO
G74248TD
G00909PI
G74256AQ
G09320DG
G03228NK
G37868ZX
G31242TK
G35734AU
G00998NI
G92219PK
G16633VX
G51768ZH
G78509IY
G72818RC
G71125UE
G37492BZ
G71255YR
G68712AK
G95166FG
G66937TJ
G74498IP
G26918JY
G83709GS
G90667JK
G13934FE
G40244KN
G25068HM
G47679MT
G27122CE
G76781AI
G62619LG
G83461WR
G07209EH
G08679LR
G43299SD
G16808DC
G50880EE
G69811HR
G24402OX
G75698JE
G23897ET
G45888VL
G69121YI
G93776NO
G18219CJ
G68774DG
G71296WI
G04576KS
G13836YR
G25505NO
G41540QC
G76812VG
G93162SU
G17547KJ
G86725FS
G80799RX
G50462VS
G32611KT
G75345ZM
G75308SV
G53259FL
G00909GK
G97039HI
G69411IG
G36108GD
G82557QP
G81349OI
G51253QV
G16038YA
G03275SD
G56615HF
G82368PU
G13968LT
G13083WY
G58886BN
G27516AE
G43838OY
G41087ZA
G20894MY
G71388ZW
G45889JQ
G79804QG
G22678XU
G71919QK
G26267FS
G18875WG
G55099PN
G06729UK
G03207XQ
G46123YD
G12438YM
G22923ZP
G14127XU
G45104SZ
G27929ZE
G59716UA
G55578BB
G68832TW
G60605VB
G78370NE
G44572NU
G45201FL
G25471TR
G37140SO
G66808JU
G62142PS
G09482NW
G08185DV
G41523QO
G23436FC
G65840VR
G85317AM
G65721TS
G91591MO
G06142UM
G95861WO
G44826KU
G64614TM
G68985NT
G44514JE
G00155YT
G86705PH
G11450PA
G85652EW
G51783BY
G78434AN
G57955DP
G82393PY
G65343UJ
G51324UL
G02280UH
G76285RN
G21246OH
G22018VM
G06283RQ
G13113SB
G93746CY
G15064VB
G03075ZE
G01473WV
G95251MI
G09730EH
G03948VT
G47766VH
G67196QU
G56517YZ
G85139RC
G56175MM
G56963QZ
G50427EN
G27273FD
G96396MI
G28218GE
G72121YB
G61601ZZ
G94297FY
G82801WV
G40086WC
G15956KF
G44515AZ
G24987DS
G71794ZO
G78341OF
G42299NR
G07703ST
G88885UE
G42674AX
G40734VV
G89498BT
G54590FS
G42440OJ
G13305QJ
G82081LV
G78555BT
G20724DU
G14696LD
G42989XH
G97292GW
G28744VZ
G77174TF
G34072RB
G99866WK
G48886SH
G85891RL
G05026ZL
G32510IZ
G49401NP
G67042FO
G60731YR
G77997TA
G13178HT
G99465IE
G04791YX
G92684AL
G95473VJ
G60984DZ
G89325VN
G12699VT
G66868ST
G61866NY
G35938WG
G04291AF
G20285AX
G85200FA
G39174FS
G84852GW
G80355WT
G04471LY
G29780RE
G92854IJ
G85767HW
G42801YB
G69164YL
G76603UJ
G47171PS
G24121ID
G00691NS
G35675LO
G51908QJ
G46764AW
G76528ZS
G79499QH
G43873MM
G80664ZC
G54745CW
G28449NP
G09450SV
G62504BU
G82699NN
G91471TQ
G69082TL
G89144TN
G45073MO
G95536UW
G26756UI
G38658JL
G36533LR
G66992XO
G98338IO
G88876JQ
G75896QL
G59256VO
G75381NI
G79084MU
G05319BS
G11346GZ
G19854PG
G71714EQ
G15683CN
G66471SN
G87698JZ
G52971DE
G44982ZA
G06152YZ
G96988DW
G96579KL
G34126VO
G52823TN
G98733QZ
G45256SO
G43984TE
G89923TD
G53428EC
G17205DU
G24635ZS
G30969JI
G06131JN
G07699XI
G44414DH
G14992IW
G52724WY
G29032AL
G44842OK
G91077AF
G13661YX
G24849NM
G55897OF
G50739NP
G87727MU
G62689JX
G61500DM
G05307LM
G01600VV
G03165SD
G26578KR
G88966ZO
G60065IV
G00553AN
G10223RO
G00531ZU
G83710OS
G38800CP
G50782HI
G66375VY
G06100EH
G38373BD
G07810DU
G75314QO
G21986MJ
G43558RC
G44782HB
G05915UH
G94737YG
G87937HR
G80443OV
G54505OS
G76136FD
G65603XA
G57675TR
G22427ZK
G42714PB
G91337ZP
G66282NU
G83386PJ
G12757LB
G80563TH
G42493LZ
G67263WT
G49915LA
G32484KU
G34962ER
G34754UR
G26296KU
G76986IU
G94748CQ
G50119EM
G16441MS
G73759SD
G37868JH
G82227EQ
G42264OV
G95368PR
G76241TN
G59626FR
G53572QC
G55786MG
G03749EO
G52663AD
G93446UA
G59579TL
G50518XT
G78745RA
G90672BM
G14617QG
G66153IB
G84363RQ
G98536AW
G10228OD
G76907BP
G21005TQ
G31639NG
G74372YP
G93029JO
G28347RJ
G91020ZU
G95542JQ
G93374GV
G58422UX
G57774MT
G31904ND
G89285HT
G39308XN
G04251SC
G33876UV
G30529FG
G03021PP
G47186PA
G10835DD
G44137YR
G27669RW
G71066WE
G01912QV
G98190RD
G50360LL
G22571UF
G97686QU
G42398FX
G95402JB
G65981EG
G35798GO
G39570CO
G63939TP
G24752UA
G11120HJ
G00743WU
G38979QD
G74312RU
G01855OX
G47063XU
G35787ED
G96004HC
G00955WX
G80767XX
G80678MA
G22467XI
G99797PH
G34059IB
G68892PJ
G17807LO
G78341DP
G62120FH
G86503RS
G87947EJ
G69985ZX
G22508JZ
G28558PZ
G86202BL
G04744RZ
G92782XB
G39540XG
G54929QT
G06209KS
G23546LY
G59411JK
G46308WD
G20564XL
G57607BW
G12640GJ
G00747UC
G24812WY
G03081NO
G76924RW
G84753IL
G67898UK
G31632QM
G87136DV
G10578GY
G52962ZI
G53676AB
G03512HG
G79247QI
G55521GY
G39645AX
G90204HK
G95940WS
G83295QG
G77157XU
G43761WH
G19430NR
G37986HU
G98256YA
G83161QT
G49616WZ
G51177EP
G78608GK
G09862LV
G52233KF
G68318SH
G56852BX
G45996VR
G38019PR
G45560HM
G71153ZE
G68814GS
G31520YP
G29396PC
G20079RG
G17389EH
G27249YD
G17317UL
G21513QX
G83106XM
G68059HB
G11402KL
G05951JM
G38047QV
G17791VR
G80201UB
G25612NR
G36747XY
G65681OO
G11230GK
G69860JW
G70410NP
G64181WT
G16389EC
G64276SW
G68313WI
G81332EX
G48341FU
G28362DW
G35553IK
G16451PE
G82701UX
G94946LG
G16523AO
G31019WF
G03834RX
G92337QR
G02571ID
G55667OC
G89253ZV
G74930NM
G33241WC
G57153UY
G10627KR
G12802HY
G97545UW
G57984PA
G81295TF
G02442YU
G19726AG
G48305IM
G02972KK
G03399GQ
G85101OA
G36523TZ
G37385TT
G08194HH
G32850ED
G31747RS
G63333DU
G93861MS
G73560HZ
G90779DH
G74465ET
G50636SI
G41711ZZ
G73907HE
G53758RJ
G17029IU
G69170UT
G95423TN
G14077SN
G58827HR
G27300LL
G77037YG
G93839ET
G74815GQ
G76459TW
G88972LX
G21415RL
G92821YI
G23946TS
G33608TH
G09696LD
G56339QG
G95335FK
G84776VF
G78648QN
G80578OK
G17941LH
G78503JC
G43610AB
G14491HM
G80986RU
G77657MH
G22083UZ
G33225NX
G83737UD
G65239SF
G63247UK
G38115KZ
G98723AA
G01726PL
G03988RW
G42372YG
G54981BW
G76020SE
G72221XM
G88876JD
G54584ER
G53230JC
G53168IY
G08822BC
G10228AY
G44092XR
G53471VF
G79790LK
G51624KI
G69213EN
G20057BO
G61581BE
G89375LQ
G25939RB
G86466QK
G12727SF
G84260SO
G08894MB
G60012HO
G93994MR
G63428PQ
G52880ZF
G10302FA
G27692UI
G45661NA
G53464HK
G11688DS
G75355YV
G43122BL
G58547FH
G92500KM
G04048YA
G20034RK
G37320GX
G98590PE
G87418CY
G95901MC
G98207CW
G43255OW
G75339TN
G32808EP
G11010AN
G65226QM
G09131WF
G68043NM
G60215UL
G00662UH
G09212KV
G93396XX
G64126JS
G26182BM
G11278YL
G25497SH
G11615SW
G34220DL
G35283JZ
G81157IG
G15972DM
G88878CV
G05027SR
G11376KE
G11204WB
G94454UI
G94809SW
G74300EL
G31540AF
G87308QC
G49503QY
G34495UB
G63712AL
G71856VM
G13091NP
G87222YB
G75841HO
G35226HQ
G17863YV
G72407WU
G40027VO
G40428GO
G45578XY
G17536AW
G82138AT
G81459MV
G66675LM
G18784ZP
G67413BG
G94309NH
G60229VG
G27776PG
G56492IM
G12254MW
G32173NW
G22458MN
G96175KT
G95761EB
G45426NO
G27399PB
G78577JJ
G02397SF
G97455PT
G48698GX
G63382KW
G04672PB
G59804RR
G70374KJ
G38919QI
G36426PE
G71146HJ
G89177YT
G53227QM
G87433AX
G65380CT
G69485SE
G53854XZ
G43014FZ
G65796FM
G70812GK
G20559VV
G51098AA
G17540HT
G98725UL
G10874KI
G92848CF
G23113NH
G28090UW
G98719SR
G56329KE
G64398GR
G25097RR
G83159ZN
G99448WD
G77384FE
G47527ML
G35878KK
G75472NY
G97101NC
G89181JW
G17336FF
G78173WX
G50343XZ
G39172SO
G47023LO
G54466RT
G49961XO
G68175NA
G96338EK
G75937YG
G62196IB
G96894DL
G09115OQ
G99502WP
G36766KS
G78445JO
G05368PM
G85552VO
G72956NR
G18165XJ
G72037LH
G45546UR
G82405LP
G91103IY
G94363RH
G85652RK
G51266ML
G05642HQ
G56893CG
G22163FP
G29783JJ
G28235NF
G81392TU
G62828TZ
G89532GI
G88235NV
G51070HN
G30173RI
G96417PJ
G20881QF
G70277OJ
G27763JP
G84648AY
G81915YU
G16829EX
G68758PE
G21010YO
G96079QX
G60660BN
G79835GX
G97023FS
G33842PB
G33262YZ
G27171ZS
G90633BY
G77939VD
G21319HP
G26777RD
G71785HW
G46661UU
G69018AJ
G09724ZC
G15269NF
G78157SE
G38296AM
G01364WM
G56809XB
G27188NC
G00662IB
G26796WO
G81150TA
G87645JA
G09826WW
G61800QD
G61862FV
G66116BW
G88365LW
G12098PC
G14443NT
G57147TR
G04585NN
G38490TT
G20455AW
G49197XP
G99393DF
G35231LE
G39601JQ
G83442GS
G76504RH
G21803EF
G14899VS
G31438WA
G22204JI
G87295HJ
G50159UX
G57166CI
G93324RN
G11800WA
G22246QW
G13156PQ
G37772CO
G86681BW
G20692QU
G01223IC
G65466VT
G68354TY
G39065HZ
G76705YY
G07292LK
G17458AD
G22254MF
G21219OJ
G25165FI
G30837TR
G44223QP
G74807KC
G11249YX
G86522OD
G46923KZ
G63617UP
G61717JN
G99729IU
G86095OE
G33284WZ
G02934UB
G94239KE
G06216GN
G56891ZN
G02322JK
G52956BX
G36218DJ
G22747ZM
G00606LX
G14439NS
G49447IS
G15747DD
G46058VP
G04964UA
G55609NO
G75543TY
G94610SC
G46542RN
G91180QG
G85093QP
G32116UD
G89624LF
G66825OG
G74910NC
G93148GC
G16758MX
G76540WW
G35621GU
G22117NA
G93464IM
G79726HB
G75107JX
G36046YA
G24329OK
G20522WI
G22208HN
G09571HJ
G32080QS
G68907ZA
G82169SQ
G91297KX
G50507PS
G70073SG
G90766ZI
G94373HA
G69962LT
G86704VD
G09280JF
G95260HV
G86598ZY
G05751AZ
G74594TP
G88555GL
G39018CC
G00412SV
G41405AU
G51688VK
G79508WH
G92908SH
G28550OD
G45264AM
G51896IF
G06191ME
G02471GW
G14741HG
G16444ZD
G01378OV
G31744OB
G32977ZV
G85478BZ
G86477WA
G56856OI
G01308XT
G96794ZC
G63046OH
G35560JL
G81294ZY
G33070IY
G17740GV
G54162CJ
G39253LL
G59029AQ
G62765SF
G37284MY
G72690KN
G14549GA
G34435HX
G63820GM
G47027YN
G84540IP
G92188CK
G72356TB
G48980RC
G90039BP
G07248LS
G28330DZ
G03081ER
G32692TS
G13068CJ
G95655OA
G72103RY
G65996GC
G87633UQ
G62798PV
G73866ZM
G04209KR
G33591TL
G37022BP
G24000JV
G22022NY
G94600JO
G73006TR
G90681KA
G73418FX
G04788IP
G78803YD
G65449BO
G48488XT
G02081QK
G23340ZN
G26069FK
G17779DH
G25713RA
G51050LD
G87192TH
G89080QE
G08527WT
G52242HT
G29580VZ
G64965ZH
G80124PG
G32883QH
G52101PX
G34753FI
G65419YA
G75660JH
G34931KK
G07802IC
G28493JL
G17314MC
G91060IP
G86852HZ
G33742YO
G60359JC
G13433DK
G02522GH
G23511JD
G66204OA
G04846SY
G09902CG
G33452ME
G48275DN
G91452ZH
G59451NL
G53098FA
G82878DH
G92974UU
G98054FV
G66595IQ
G84331QL
G71333BH
G98950NS
G97185IQ
G08939IS
G96569SZ
G06534PA
G01304XG
G21030SX
G98178JY
G20088JQ
G29147GG
G52676LZ
G60941RE
G92320PF
G24897QX
G82953UJ
G09696LZ
G92940AF
G91599FN
G74574VX
G00492CQ
G19616IY
G82753OZ
G30517YN
G36411SK
G10197JO
G65635AB
G97645ML
G82605IU
G51971TR
G57707WO
G41263IO
G58969RU
G42962KI
G31532GK
G38908KI
G24439WH
G88325OQ
G95404EQ
G14037WI
G74933IS
G18516QW
G36868UY
G16437LH
G54411RI
G49280JI
G97637VQ
G05064XF
G69298OC
G21982KM
G41304KE
G50543NR
G68993VV
G84777MO
G04708ME
G17168RO
G75348SF
G38404PP
G81121OC
G42702VU
G43654PQ
G04077XA
G12061IK
G11571JL
G88038QS
G16921OK
G10425SO
G64687ON
G95081VM
G71309WZ
G32211XJ
G30351CM
G76345AA
G30861MI
G09576QH
G63838JW
G30857WQ
G44697UD
G82829MF
G83943AU
G80654ZK
G02170ZK
G19053XS
G11479AN
G53046TR
G75671DO
G62232OO
G54639VI
G12764SQ
G91345JE
G18458OT
G67167QM
G26896YH
G36268TW
G99078IR
G89587BP
G79369FE
G37845OW
G65365UP
G42058RF
G45414WP
G68508VU
G52603AI
G25731WL
G40200RC
G64813JD
G99969SS
G14520ZO
G93824CM
G23795SX
G29857RC
G74907KF
G27167BO
G34527RW
G54611ZT
G10716SX
G72075FO
G24914SY
G09130LO
G66357NZ
G07639BG
G95440SV
G89319AW
G31021LA
G86022PE
G80218BM
G49382OI
G35898RP
G21737WY
G77537OB
G62831KM
G92186BR
G07675FU
G79318PG
G87639RD
G12371GV
G72954IC
G36293DS
G61551YB
G88433PA
G00026MO
G09775CH
G63337SS
G52518HE
G60468EV
G45238KD
G07800ED
G67038VS
G37319YE
G09538YE
G44639PM
G25000QN
G16546ZZ
G19173US
G60967EN
G49168NM
G25406HP
G50903RY
G42365AT
G50106JX
G20167OW
G61088TM
G79479GT
G02456AL
G74438AB
G21678VW
G62945MQ
G72821WX
G44306ED
G13483MH
G08838KS
G10615JE
G58281SK
G99511DI
G16742CI
G48630BP
G36306KM
G58852KZ
G28189ZX
G04622LK
G08675PK
G60512QS
G28896IK
G20966IA
G90743AT
G67342MA
G25986DW
G90784AP
G90364OQ
G92826BL
G93164KQ
G19124KK
G44598QA
G19242QH
G78045JW
G49096VL
G73271AZ
G46207JN
G99935CU
G83006TR
G59458NY
G10859ES
G76478FT
G59742ZT
G50535IT
G75097MF
G57511DS
G19463UP
G71332MU
G28826SH
G99141XX
G36519NW
G41821MR
G47531XE
G52595TD
G22430RE
G82782PE
G86654CJ
G89835HT
G23561IL
G82201IZ
G72057XQ
G76710EM
G29255IL
G03347EL
G24936MG
G42504VW
G86414TE
G79014VD
G13366MT
G35791OW
G56732OZ
G82233UN
G38371WW
G96695ZW
G77310FC
G78290JM
G91972CK
G70052MF
G40096SL
G27112FS
G52052SO
G34595KJ
G12187FG
G29680KY
G13746SQ
G72085DL
G64860JV
G65835SY
G44754DF
G00480KJ
G41690KS
G72687GQ
G88362BO
G00966RI
G57835AK
G71146MY
G71094TJ
G53096UD
G50896TP
G73663PS
G15720UK
G99003YY
G31787HV
G08863NS
G23132GK
G60975OY
G13585JF
G36225RM
G46974YF
G89539AQ
G74066YL
G93299MA
G73135FO
G23938MO
G63807DH
G31032XG
G75310PZ
G55342MO
G09578TK
G92089QC
G49357ZK
G77085GN
G69943PA
G01818TY
G02284UY
G52886CK
G76945TE
G74369SL
G02263UX
G42713IF
G37476QB
G75311GD
G43473VD
G09314FY
G44974AB
G84964KJ
G41348RR
G69725KG
G21663DV
G01310VF
G52104WT
G74962RY
G86321OX
G16481GK
G39945EK
G37070WM
G36343DI
G93096CK
G04192CU
G45686NF
G43159MH
G16224PF
G98572JS
G14950CY
G11192KF
G65761WK
G13672YG
G84064AY
G11929SN
G78757GA
G84038SS
G35370OW
G85755BV
G79345TW
G57989AD
G65594XM
G96585HS
G74673OI
G96444IW
G90974PL
G77282MO
G95140CC
G82251XS
G16529MG
G42824AQ
G13631VW
G61602PD
G00741NZ
G08570LJ
G22836DF
G51086FE
G54300AX
G50839HB
G20358OC
G82779CI
G20946SK
G60887NT
G68337CZ
G63699VG
G22237ZE
G45003BE
G06731AE
G42718VL
G05264HX
G28896CL
G55488PJ
G52333AW
G03941LE
G69390GI
G11528MV
G57539MP
G43694RQ
G86606NT
G60415BS
G97130PD
G09058KZ
G70116BN
G45775XU
G63179CS
G99253YR
G26145IL
G53190JD
G79761XY
G63714PL
G40343KH
G84287MH
G00487XO
G12029OZ
G46712PI
G53178HH
G28678TH
G04829RO
G36776KM
G40537VT
G57861RA
G33785ND
G07617FP
G52886RR
G33284MM
G83001IJ
G34245CM
G32246SI
G16809IL
G41797PU
G99603GB
G95786NX
G39340CD
G13292BE
G36888AO
G31415DK
G07682NT
G37601IJ
G79477YQ
G78627AJ
G29290EB
G48140IM
G54513OG
G58814UM
G20218ZS
G93646CO
G36362BK
G26264SQ
G11165BC
G69964CA
G76975IV
G42984ZU
G45470TI
G26144DH
G31576LD
G58235TZ
G29492IF
G81107PN
G64403MT
G33755SK
G22107KA
G86781KH
G14854WL
G94531EZ
G50707YR
G46113WD
G62519IY
G50728CA
G66847YI
G80717KS
G16759KR
G00463XD
G90598OC
G70442IZ
G25067TK
G02558LA
G80583XN
G13500HV
G54384PL
G72393PG
G88380UG
G01174QS
G82761BO
G80147LG
G09579YO
G64685ZC
G37363NU
G51987NK
G90669BC
G38643HC
G35837ET
G87279EE
G65356DX
G86601RH
G69427EG
G98455QP
G37306TB
G71102UV
G94097IH
G00536FZ
G15327MX
G92241FG
G84108IZ
G60103QI
G21327TO
G80268ZC
G19839OY
G49022RM
G97547WF
G21305WL
G49743VF
G90717TP
G97286VY
G24604HV
G07767MC
G04791QM
G50888WV
G58839SI
G10563SE
G60320IS
G08205LJ
G52692IB
G67998RB
G47756FE
G76646HT
G96881RJ
G45155FK
G87550UN
G95695ZV
G36191CD
G89170GQ
G39338NX
G53921KT
G84494PZ
G53031JB
G12266SO
G07218NO
G93767EH
G66032DV
G39377DE
G53521RZ
G74054RO
G20815TK
G52773YO
G30897RN
G61250GU
G82168GG
G39829HV
G88459ZR
G55812LA
G51710QD
G10258MC
G30569KZ
G61553DD
G05229BF
G08936DJ
G27817LK
G29565HU
G90789YQ
G31720WP
G84689MX
G47220NG
G57413FT
G49407NB
G09057YJ
G06578MY
G85095TB
G04855ZO
G04185VX
G36861QC
G32375YW
G87181RG
G49951NR
G14959WS
G76128PG
G87743LS
G84692YW
G82823JF
G58931VV
G32111TP
G40064GR
G35642GA
G16057DE
G43290KL
G01414CL
G84167AV
G12085IM
G90564EX
G77252PU
G47613FH
G01260RY
G49840MH
G57117TO
G05128VV
G44904UE
G65296TL
G48809ZO
G59456VR
G34483UH
G24767EG
G71298BD
G82113OO
G80537QW
G55373ZG
G67215MI
G56748EO
G94000HM
G70830AN
G17996KS
G86083QZ
G52136DL
G42826YI
G57001BK
G65415JG
G48822BJ
G03597FX
G59258LC
G25463XU
G17968CJ
G11837IG
G11551UU
G62880PC
G07920XA
G45250VC
G09020HN
G91954DE
G85862JT
G06328AN
G53527OK
G67030CA
G85882GP
G40922OB
G93819BH
G26795PW
G60926LS
G03889MY
G54961LP
G11679NT
G83377MZ
G58780EA
G23811AK
G56791SN
G97576UM
G99770NO
G62550PH
G99440FA
G53709ZS
G47058MH
G99220BF
G72082VM
G43164CL
G22972ZW
G73716BT
G78644SZ
G47837MS
G30838QM
G44747CU
G62848AR
G27992WA
G40786FB
G09782JM
G57345HS
G13291XJ
G44204WA
G96153DN
G12531EE
G69315KN
G78841KJ
G35382VN
G91054ZN
G31847TK
G50222RE
G62326NX
G82420SH
G91451KI
G24798VC
G22687XW
G47675LW
G08062CY
G56318NV
G07593CW
G06772YH
G61086WG
G62869IR
G55864VP
G78161IO
G55922CA
G22437MC
G33894ZI
G29188SG
G08646YJ
G32179HL
G78011JO
G73915OF
G58516UP
G80952QT
G33802UM
G35918YS
G08646IB
G92257YN
G87505EW
G40785MA
G00800WJ
G91518OM
G31186LT
G56851CO
G25632TA
G14843XQ
G10008NR
G61792ET
G32660GU
G36587PQ
G69236WP
G64020XR
G33806LP
G03595ET
G50680HC
G97109LT
G15730FJ
G86298IX
G38217CX
G43526DL
G22079SE
G45036WQ
G98766GK
G05948HK
G86696LV
G95462PR
G00470UO
G82861UH
G89547PG
G20538OA
G18244ZK
G40365PX
G58897VR
G38867AF
G79745PG
G25350TT
G07887XY
G92057EA
G80966KZ
G58403SV
G29568VE
G79624PM
G94394GK
G56095ZZ
G24203XI
G34394KR
G11561RV
G22098NU
G00875VP
G93279TH
G11350UX
G92140GK
G04065SU
G95776JG
G90774IS
G88864RV
G39344CL
G95713LQ
G51066TO
G06581HO
G50135PA
G61842MB
G03764XL
G94543DB
G52802XR
G27102CT
G69812OF
G69960SA
G39908TT
G15681WF
G63480NF
G65219TP
G44005DK
G19019TY
G11460AB
G37162GZ
G07640EG
G74120KH
G00281HB
G45495MK
G79340ZK
G11318MQ
G04561MG
G51367TM
G46213JU
G55157XP
G43460JV
G40813TL
G18578CO
G42097JO
G95450GE
G04914MH
G45071EF
G10874QT
G31337VE
G98217YG
G77467SI
G05386LR
G40306EB
G49380CI
G30700VP
G73519FS
G24413UY
G40608DF
G76713YY
G09325HD
G74859XI
G36787EI
G99074EO
G61921TA
G23394RR
G72419BR
G09060YK
G54764AV
G97057SU
G74388OG
G96503EZ
G99533GU
G27290LL
G29895JE
G56571DA
G30915AU
G21100JS
G68937TM
G85256OK
G10666VQ
G84371FJ
G70859XP
G46511PG
G02786XX
G58039VY
G50375VB
G55743SL
G74239ZQ
G90542MP
G69802ND
G47554EG
G90083OQ
G16828VN
G90356TP
G57626VE
G71076CH
G27419MQ
G38951VC
G44182FH
G19790PJ
G58232MG
G40221OX
G45300SB
G33811WU
G04620DQ
G53728DU
G26730QM
G59130YV
G26383OK
G56869RQ
G77809CS
G43664YB
G71204PH
G33530VI
G70978CR
G49129IG
G57260LH
G19561MR
G34582DB
G86445KR
G96091LW
G85260RY
G85106DS
G89466MK
G75896PD
G45374ZW
G94401RA
G61846BY
G17207YJ
G57941UT
G53889SN
G54278KA
G82955EQ
G86191DF
G64186MJ
G93365SG
G94192DA
G16397GM
G62958XQ
G18938DW
G95333ZG
G25180HQ
G66689PB
G43350KZ
G39992DR
G49601RS
G11898SQ
G36057HE
G92320FG
G03681UF
G08230UB
G61086FK
G38667YB
G47871MN
G28688ZP
G08041YY
G17964DY
G67393WG
G07462LM
G10708TV
G44583JH
G38977DN
G29931YE
G41879EJ
G99382AP
G62768NK
G91072BD
G51188ML
G71118NV
G34723UV
G38297TU
G28936HJ
G37260FV
G17697SQ
G57410TH
G50775RM
G67020AY
G66629ZO
G51508GQ
G09664GG
G58198HJ
G07483YN
G08456TO
G54560ZD
G30478GF
G98705PP
G64271PC
G98615GD
G39952PY
G21459ST
G80733LA
G40558VT
G19615BB
G56238AO
G64077VW
G38802SW
G85795PL
G55481KF
G82403CZ
G90150OT
G45747TC
G41800OU
G77858IX
G02310VX
G24292VT
G90688JZ
G11180GU
G91247EH
G54669IO
G44201QD
G30159WR
G94926TV
G38230YO
G66286WQ
G02122FK
G36176RV
G11010YY
G92918FJ
G11134WS
G16341ZC
G63024BG
G02630BJ
G86928UZ
G58216EF
G88495BI
G72687PY
G49667YW
G83352GY
G00650AC
G68865YV
G81430ON
G48168SI
G35310KA
G26065RX
G79609RF
G08705ZV
G13168NE
G42096BU
G99403QU
G24796HF
G43657WC
G00514XC
G83273WX
G43835NS
G70757IC
G27996AZ
G81356NS
G54499PQ
G01169EW
G67327ZQ
G53657SK
G49329HX
G65984FE
G66121LF
G52112MC
G34264ZT
G72260GO
G64161CC
G92485DY
G85041WE
G61819UR
G97234ZU
G88670FJ
G34983WB
G09446VC
G65030HB
G55143IM
G92570PJ
G34175ZP
G47206OM
G78625LN
G44660UQ
G40452FK
G93310KW
G28149YN
G53965RU
G48409OW
G09839ES
G44366WT
G04245TA
G80276UF
G06728MM
G03473UD
G59029PO
G24005JZ
G07322RE
G88229ZV
G25495SR
G82529OA
G43876NZ
G09322OS
G29633ZY
G01954BU
G06989JN
G96113SZ
G78913DE
G30437YI
G62970ZD
G02483WT
G30708CB
G96861IW
G06703UH
G41824PC
G61186MM
G28863FI
G85100QD
G55811AY
G84764CL
G12406MX
G83697UR
G73683LQ
G46929BM
G47206MY
G71060QS
G06820QR
G89099NM
G59858XD
G12655NI
G35455OM
G57293IF
G15638PX
G98048XD
G63166WT
G42155ZX
G19103IX
G80647PR
G47260LO
G74657OD
G93054SS
G89846HT
G88509SO
G93447XI
G81554CS
G76014WR
G22927MQ
G52790YS
G04355NX
G54341KJ
G16265MV
G28128KH
G97958KV
G40013GE
G79564YR
G70387YT
G41437NK
G25481DT
G57001PH
G54394XF
G94166OZ
G58233BW
G97052YY
G04717US
G98790NR
G03481FE
G56017FW
G90099GV
G57701HX
G62883YA
G72108VJ
G39756ZC
G13210XL
G73408MO
G60667OL
G04512XN
G11144IF
G46038XL
G65703ID
G48148JS
G45498YC
G16883LE
G62837IG
G19600YQ
G44267UL
G39765RY
G03542LT
G71237SD
G25984CA
G47299BP
G49462EF
G88094DN
G88998CC
G25781GZ
G93135PI
G59358BQ
G78848UG
G58881VU
G28949EK
G13257IK
G24705DL
G20662UG
G13849YJ
G73572ZZ
G07002SZ
G56720TK
G11012KS
G34276SS
G45110PO
G92279JC
G20663AI
G13687TQ
G74685UW
G63708BZ
G18442YA
G87820CV
G59311AO
G41551CD
G99943EE
G22137OG
G83379RQ
G76980RS
G84712FF
G39799BM
G77922WZ
G06437BU
G99927HL
G67967AS
G45217YN
G07392QY
G59616TT
G97765TT
G58063ME
G51699IR
G99354MR
G25710JB
G16233TX
G83417GO
G34499SX
G56512DX
G55402HS
G24891EL
G07947TY
G14367JE
G48442VP
G72079JG
G62836JK
G77177HT
G90858SP
G97814YJ
G94163JZ
G75410AW
G29574TI
G22979QH
G10881VB
G25926OL
G30447NS
G30031SW
G72580QS
G76983CM
G54555OW
G36211GH
G34612DX
G77281QV
G79457WN
G32646BW
G15329MZ
G21746MX
G26624YG
G62364JZ
G89117DH
G12511VU
G95898GD
G60646UB
G97276BC
G35061TJ
G62254QB
G47596RR
G07982BU
G58331XF
G87320GN
G92009KQ
G85501TK
G50782LR
G79029VZ
G14867MM
G24599MW
G16956YO
G67457ES
G78597QW
G00551JZ
G64713KE
G38738YC
G00030MO
G26892SG
G91271GS
G14591GP
G56076WY
G53476DF
G09026AJ
G32854GF
G58955OJ
G12881NF
G61312PU
G35748HH
G61530CE
G98516TP
G00247PL
G12708JQ
G95298UR
G17988YK
G42322YV
G01342FO
G10944ZI
G29721UX
G57174DL
G87260SO
G41449ZD
G40998MZ
G59300GC
G48975GN
G88461FF
G42362AN
G97093EP
G33271XM
G03252VN
G62464EH
G84536BM
G23451HI
G91151XY
G86294KR
G75860QV
G94959AA
G61576VD
G06070ZH
G95019KZ
G30268KJ
G94278TT
G26189BB
G47007PV
G37238KB
G73178TM
G94012CY
G52754KY
G32592IB
G80098ET
G28483KD
G61575RT
G57843KJ
G90922MJ
G23980PE
G81397LO
G23817OE
G97093VH
G48296OD
G07626WD
G31219GT
G39602UU
G11540FP
G12593TX
G13659RH
G20751GZ
G64414VV
G47302FP
G07672VG
G60170CX
G51419BH
G79702QE
G97832AX
G30121LP
G29898IW
G70868QU
G51941GC
G36995QY
G68778FY
G98961TI
G77038WW
G50023BR
G84756VW
G02422RD
G33721WT
G25280VW
G04764ON
G48767NV
G32283ZK
G50432VO
G78000JX
G76402GE
G57208CK
G44276EF
G89417VQ
G25040YL
G45711GR
G89637YC
G34947FX
G34875RO
G82035KS
G05892GB
G19370RO
G19532EC
G77408FM
G57449OF
G37597FW
G86632ZU
G59877NF
G20305DX
G70113QZ
G25142NH
G14927KP
G11953VE
G82195FD
G63720BV
G13614FV
G61330YQ
G73367DT
G60705KN
G71479BM
G19099PA
G59405LU
G05553PQ
G95294MZ
G75501QM
G47155QQ
G25660ZB
G65515HD
G24870CO
G50353PP
G61702UX
G63366CP
G38618HZ
G83624CJ
G14716YL
G72060AW
G07176JO
G00186OS
G46654QM
G42528HF
G69299FB
G27783SY
G00349CA
G20173ZW
G01077MO
G17988XO
G69575FS
G31118FR
G97459BD
G99411XJ
G02760XH
G29717FW
G68801RI
G78661LW
G90284FM
G06673TD
G57083FO
G29005BV
G64330NA
G58370UT
G41940YX
G04554UL
G80393PG
G81266TW
G45832UN
G18188WJ
G50278HE
G80439QE
G60149QJ
G45664QZ
G16739XK
G99689NZ
G03127AL
G56340GX
G05098FE
G47175EF
G09397UV
G93822DY
G59513YA
G19243JM
G41223DK
G40149KF
G10425AY
G23799GS
G27620NL
G96063MG
G81338NH
G93638BI
G35120AS
G55600PH
G64827NU
G15949MV
G17153CQ
G78085XU
G51891DI
G87618BG
G87217OF
G38291RB
G59989VG
G57943ZV
G37046CZ
G05801RW
G55483AO
G70586HR
G62973JK
G28118QI
G16426GN
G94754ZO
G03954RO
G61505ZR
G17909DH
G42619IV
G21767ND
G52361ZH
G26287OA
G05794RZ
G22562DG
G44845VH
G58848QS
G40358EZ
G93519WM
G21984NX
G28579RV
G45777DE
G56259BH
G89620UQ
G40268BC
G93284HQ
G08439GP
G33734YD
G82207VX
G14727CI
G50139IU
G49961MS
G21788RU
G62630DP
G24630CF
G04743RS
G08380AT
G47031UJ
G66129DI
G53308ZH
G93405VL
G45438ZT
G10417XF
G46559US
G68915EJ
G41937ED
G54255OI
G19841IT
G03321AC
G28281DE
G05166LM
G71923IX
G76004QW
G33711HS
G90987JA
G91503PY
G01999JH
G64952VU
G07140RV
G00503EE
G87309GS
G04959WS
G56321MP
G61627IG
G32744YO
G71200GP
G48288NV
G11700UP
G10820KD
G17689DH
G00598SQ
G74981KB
G98289OU
G74735AT
G09629PQ
G35438GZ
G89080KU
G18588JO
G45481SB
G66676MI
G80294GH
G24356AE
G55423YK
G24362DZ
G30129GW
G52231BF
G85989DY
G60532CM
G02402FF
G24046UO
G18695SG
G61894MD
G11286QT
G57292SX
G34749PQ
G24529GI
G54951OQ
G13197FM
G27983PC
G00335DM
G35747ZX
G36898CO
G86270DU
G76489QB
G68194UU
G91729DG
G73852BH
G17160IJ
G75554MB
G62746IY
G70478PS
G28153EC
G36525YB
G33089BG
G18808AB
G56721EV
G54599TV
G54709AG
G62968IF
G75859QM
G75847DX
G36712XC
G36978FH
G56591LC
G56269EA
G90363CW
G75935HW
G72527VN
G01685IB
G88416XN
G96963QG
G69452KV
G66853KC
G65575TV
G58444TO
G47822QX
G61551RF
G39444QC
G66118UZ
G12479WC
G83735HV
G55396WO
G11535IB
G17274VA
G86555OF
G31810OU
G34725PD
G32551IQ
G14301PU
G00545NQ
G33952KU
G52627IB
G13450PJ
G60956VN
G85319UV
G41774ZC
G62517DC
G45660WC
G62798PI
G30928KF
G64518MK
G10189EJ
G45882CQ
G27110FB
G60740VC
G91487MA
G43453KC
G99981ST
G12686TK
G58143RL
G00468KU
G82126PQ
G60814ZB
G03951JJ
G55396DW
G31037WG
G38997JB
G97947UQ
G58230FJ
G81728BG
G85544LX
G42653GO
G07323GB
G85085RX
G75595FQ
G00883DO
G91832SW
G47427YD
G92534LG
G29112GC
G26940TT
G66441ML
G48860TK
G09057LN
G40493BL
G57960MN
G93698KA
G00247JV
G97798SS
G49562JB
G67062YO
G24028ZU
G27383GK
G31110RD
G61941WO
G16932ML
G58056LQ
G25700EP
G09684AX
G82020ZR
G75052YA
G01818NQ
G19747OA
G66362JB
G41421SQ
G74986SQ
G57601KU
G67227DY
G13563KX
G73869CT
G76666KS
G50112PT
G61937QU
G81096RM
G37863SX
G00666EC
G20924UR
G06404ZJ
G81604KV
G82252QI
G00432WV
G19541IU
G57814LX
G52526MZ
G95721QY
G12932QT
G75318VB
G48689PJ
G11908FF
G31642UV
G94506PU
G65508FE
G37676KD
G49232RW
G88127MB
G99891PR
G78030KJ
G43216EX
G30762QR
G65298XR
G13535FD
G59041MP
G08673AT
G44617UT
G79564AD
G55192VG
G72533FB
G40373LS
G45475AS
G42039DE
G18948TG
G12679LF
G16864TR
G92681HQ
G73763NQ
G18594JZ
G54584SU
G10382VG
G04989WY
G16404YH
G17804IQ
G33438CM
G54626GN
G24132CP
G93176JI
G61467QZ
G49582YX
G90484GL
G87103CK
G30617IL
G49401CB
G98112EU
G68578NZ
G82466NI
G61283FH
G67410LQ
G56536TQ
G37664BH
G96569DL
G46125OQ
G66150CE
G35523WT
G26557AV
G44504SC
G14431ZQ
G06131VP
G07323UU
G96726MO
G53038IF
G90028HY
G63065ZE
G76703CC
G28695FK
G08896RO
G30314VR
G91413OU
G03807MJ
G17857ZF
G04041QU
G59331KK
G98690XB
G45219VT
G14905AZ
G24284HU
G97980DR
G41014HY
G06098SY
G76370ST
G45722VI
G82356VZ
G85200GZ
G81410HG
G91302LT
G57207XG
G94410DN
G36608LK
G72774FL
G52946YT
G87097TR
G10562QT
G22728HO
G22140GZ
G78910WQ
G93048PP
G26983WI
G78854MO
G46095FZ
G51930XP
G72954XC
G69591OQ
G09009DV
G21109OS
G52928OQ
G44066XU
G95782RB
G39906AT
G93107BF
G17307XM
G18814PP
G58949BL
G57075KG
G95382MF
G85180ML
G26142HL
G15323YQ
G83455QZ
G24660HK
G14264XE
G86884BW
G22826KU
G05850WN
G46412RZ
G23512SE
G00438EF
G79167DN
G48844XN
G39394NX
G89026PK
G03615LA
G42679AH
G84594DA
G85208SY
G60227QI
G80155BS
G57036KN
G59950EF
G48421GV
G70059SD
G82664ZC
G22483YL
G32854OK
G91743DM
G96852FA
G77071KF
G14548ZL
G07328EF
G86188FJ
G52122ZD
G27304YR
G92625FO
G39408YK
G44534DB
G88426SE
G82802AE
G31033KO
G99831DA
G97709WW
G93933CG
G97104WC
G19539RD
G49043NO
G26264HC
G27546OZ
G84181KU
G41347IL
G71451NN
G82572FN
G93720QH
G98452OT
G11176QN
G39691JY
G20266PH
G70898AL
G91518YX
G54338PJ
G81486AM
G21196UL
G06830II
G59761EF
G95924JX
G45878UT
G51304JG
G23296IL
G62387ZO
G48753IC
G85891FA
G36053YX
G86770JF
G35887PW
G42262TV
G48626HI
G33451YI
G12699AI
G92417HI
G94734OT
G79215ZS
G48945UO
G66723VB
G92882FR
G71397MM
G51793MY
G42477ZH
G84975VY
G24364HL
G50216QG
G65307KA
G02156UW
G50076JD
G70818WE
G43648DB
G24122ZI
G71367OV
G64697JB
G50779LX
G76873LU
G12524BD
G39809FW
G93975QL
G70248YW
G10664JU
G38407UP
G31393GR
G50626AY
G26034OB
G90054TK
G40461OS
G42735RP
G18877VR
G26121NN
G58483GX
G76079RC
G34311UE
G21342EB
G79916GF
G59915YZ
G01323LL
G08755WX
G65760UO
G41107EH
G59897WN
G99247US
G92279MO
G33556WL
G97067GW
G09568JT
G39397SW
G99808VS
G89561DW
G25426CZ
G21927IY
G24585JV
G83710ZZ
G96014TN
G45826PJ
G76679QH
G28106QA
G44152CO
G61956VN
G06809IG
G87139MR
G65867II
G84678BK
G65680SX
G42986JR
G10540LB
G77058YR
G36400RA
G42177JE
G17541OC
G95218UC
G22146HW
G61465OY
G39595CR
G58381OV
G36684NC
G80920TO
G15192BD
G14244NF
G59050NQ
G09650BK
G21755KD
G97317HP
G00231WL
G06195HM
G62389NM
G72067BD
G51677OC
G94873VZ
G32808NL
G58781JH
G79370VG
G23562WJ
G99622IJ
G30252GL
G41403MI
G12417OE
G83204BU
G19677EK
G67608DN
G48800IV
G86753CK
G63898DA
G06446LG
G97066VR
G33101WA
G50018IB
G14882EB
G36104EQ
G18650TA
G74120DW
G36581MF
G37588ZB
G21311PN
G27223CU
G31587OK
G65447JX
G56102UT
G62837OZ
G43139BN
G36836GD
G96079KC
G25407RZ
G11034PZ
G60648KY
G21211KU
G02661MY
G97564QK
G97007IY
G00056HH
G71704AG
G08126QR
G44883NU
G07505DF
G44339YF
G29271US
G53752QB
G47379VH
G75090UL
G29231QJ
G43072YM
G81201TR
G74368SI
G43050FO
G56038AR
G29884LW
G45844BS
G09633HU
G97967SD
G52783KP
G07451AO
G45872TB
G80943NY
G00029MO
G98903TR
G90833YY
G38625SV
G48658PB
G93211HX
G43320NB
G97105ZG
G86280ZQ
G01659NO
G41827IE
G71470CO
G04744XB
G53857IH
G27316ME
G67515ZL
G82381FE
G99503MW
G82724NW
G73223XO
G91219PM
G64592EN
G10741VJ
G55645TD
G64703DQ
G04719BG
G55648EG
G42438ZG
G57522MT
G08482AW
G20576NE
G54018RP
G48992SV
G10614GM
G54599TH
G71431OY
G67965GX
G26766ZY
G47961DI
G90091ZQ
G55914FN
G68544GH
G06100NA
G66665YI
G33262KR
G91199QX
G32705EO
G49053WC
G77325FG
G80211PE
G79351ZW
G38682DV
G34748WY
G57197YA
G47809KW
G33230CR
G09314IY
G17490CY
G16778ZK
G07142IU
G67323SW
G03177HU
G24552KE
G64856PW
G51107TC
G57075OH
G45271AT
G57084IU
G54269AZ
G50369EI
G02193CV
G17580TM
G72923FK
G57832QR
G84312BZ
G83423JP
G89845CN
G61726TP
G49872TN
G96771UL
G12464FX
G43814TV
G15938BX
G03546AH
G08011QI
G04078TP
G87721BR
G14038LZ
G86490WA
G97970WP
G05143WC
G26399DO
G72902CL
G02473HY
G17431SG
G86294MW
G79939YZ
G38488ZJ
G70642RS
G17155VX
G75082OS
G39167RG
G50817TZ
G10409DZ
G41656NL
G95271EU
G56063TZ
G70583LH
G21167TN
G24003BN
G11613HW
G51705EB
G28223DG
G69306BS
G49991UY
G33320JS
G35174SC
G67118IN
G84543RP
G91121ZF
G23593WY
G45995IV
G50364FV
G68411DS
G04699RP
G34449FW
G15727JK
G59234CC
G36891UZ
G30109UP
G00900AZ
G24095BS
G70613ZY
G23805AC
G14510SZ
G35687VS
G27165KO
G29500SJ
G79412GP
G38482AF
G16122GW
G71690HK
G47011KD
G28654UV
G41706FJ
G46560SM
G03754YM
G94809SC
G83022ZQ
G42013HP
G16272GL
G72698LT
G17465IO
G30050UH
G40482NA
G14664YA
G82341NZ
G89738LW
G82273ZM
G27040MJ
G07209HW
G41536ZF
G27310MQ
G49838WZ
G28663KH
G53372OG
G03873JW
G94177LC
G48350AZ
G51122PB
G12457EA
G64761FU
G75412QZ
G56800JG
G62421QL
G81980VO
G79394LC
G01178HS
G42306MH
G19106CR
G99026RX
G05817PZ
G44946WH
G75798PH
G82050MN
G30225PF
G12338DQ
G21916IS
G89663TB
G19287UY
G93655SG
G52776UT
G77451VF
G61970XW
G58288KD
G53770LT
G75472JW
G58789DD
G17348SA
G37969WK
G64538ZR
G71341VM
G47384NK
G34585DT
G82388RB
G62477JN
G72771HB
G69046CR
G72356VO
G25062CC
G55974RB
G33150PJ
G86487TG
G11970DE
G24131KD
G74290AC
G76088UW
G93802VS
G35452CG
G20295SP
G12643ES
G08146BT
G76297WR
G38883ZX
G85046IS
G33295DT
G11740AG
G53572UK
G86399IJ
G78481LC
G39062YR
G39029JR
G91365ZQ
G82258GN
G46991EQ
G30797DS
G66572SF
G88673AA
G36042WR
G86135ET
G14998UC
G81180VS
G84423SZ
G08826KQ
G10292TC
G66983LU
G31302OY
G54140NM
G15222RS
G75812MR
G41670EF
G15893YJ
G54652ZD
G09393NL
G07368IA
G02967BC
G28481CR
G19353SW
G71972AT
G75824WJ
G84622HC
G55321QC
G93999ON
G80650PW
G13744OG
G79183WP
G29729BX
G29228MX
G63565MO
G24390VY
G57971XD
G79546WW
G60951JA
G57437DS
G64468KS
G45694ZE
G47606XQ
G03546KW
G10471FG
G10219AA
G41191PN
G48020LQ
G79172UW
G20174ZL
G95849ZD
G86475BX
G64741WD
G36004BS
G78885XB
G86912FM
G24672GO
G44723YJ
G35247EJ
G41440AQ
G24229GD
G32365IM
G36598FV
G71356JZ
G73234BV
G54578EI
G96680QM
G32525MO
G20912QY
G70819AR
G79565XA
G64666BO
G14767DF
G27048LG
G52483OL
G35111CK
G13964RX
G61207RZ
G86368KM
G04432FE
G55530MC
G51278BZ
G13282WA
G01727PW
G18584GW
G13753JW
G85726QE
G77148DL
G75853FN
G82719GT
G81114MS
G20873FQ
G97367IY
G77974XY
G80085KS
G55533VB
G26439LE
G53817FJ
G09150LP
G46720ZO
G93317NJ
G68795JE
G73499UJ
G20636FS
G90509QW
G93427DE
G54977LV
G19789TE
G02923VP
G08629YK
G60564DP
G48527XN
G40579SX
G20096RP
G55185WK
G11254FL
G98557ZA
G18803CK
G88141SC
G77889NO
G93775KQ
G39020WZ
G26644DW
G48369JO
G23458QH
G18995DL
G23210FC
G78261DB
G08060JF
G15103WJ
G50706US
G26421QW
G94019IV
G65712VD
G18594ZT
G00030HB
G29026MS
G27119UQ
G71457WH
G65597BI
G45378DO
G86495BQ
G26999VA
G19429IT
G66751BK
G75594YZ
G15825OT
G89941FZ
G82390HZ
G47037BZ
G81413UE
G87273JO
G27827RI
G30302VM
G83945MQ
G80652ZF
G26897XI
G04423CA
G96528MI
G00868ZN
G94975UV
G89366NN
G72103VZ
G87073UP
G12643KN
G65243FP
G84155GY
G67079AO
G48595FA
G90435TI
G45048TZ
G03964XM
G21361AZ
G06192YD
G90655SK
G42841BX
G48318RH
G79420SO
G98940JV
G27170BX
G74518AV
G30084YQ
G97805EZ
G68140PE
G55818EE
G94804ZC
G44688UB
G00230CO
G98894JN
G21257CI
G47816DI
G12378KS
G12715AH
G16938IW
G31814JO
G15499BW
G17875TE
G51657FI
G67065XE
G75520NV
G38960EZ
G65244XM
G43157UW
G32518YQ
G80661IW
G00805TZ
G07815PK
G98559XP
G90426CG
G19886LH
G79794WE
G78071LY
G78019KD
G94449IF
G21311YA
G92015OM
G80202YF
G95233RZ
G23726CO
G21359NQ
G05478GN
G66422NV
G05421KO
G10421KO
G38208CY
G63208BT
G89664KV
G42247WE
G79810PX
G39298CN
G81806PG
G50774CV
G26076FX
G44659VQ
G97423PY
G03015LB
G13006TG
G26014MK
G66523HA
G59130GH
G72475NE
G40707SF
G93265QH
G70490JW
G01001RL
G84981PB
G45454HN
G40447LJ
G08912RJ
G56797BW
G36610KN
G12594VB
G42731RJ
G36727AR
G56381GN
G85678WN
G52004GX
G44046WQ
G40124HY
G08882LF
G04816EV
G53933HU
G77244ZA
G11213NA
G05610JO
G46314PI
G01935FK
G25326BM
G29713JZ
G67719WQ
G10897DJ
G00588HO
G74497TS
G22889SE
G61153TX
G42420AV
G29799SM
G70081QS
G11641YE
G98568VG
G30542PN
G31213GU
G89797IW
G31494OZ
G68582KT
G11637WL
G73455AR
G32825OO
G61608CO
G72758WN
G43665PB
G39917RN
G65850ES
G39056PQ
G14905MK
G63226YJ
G40442UK
G37135JQ
G34462PB
G04139QL
G48133KR
G27270KD
G13646GG
G99519QZ
G06635WE
G77097TR
G72174VG
G79771YZ
G79018NX
G24432GW
G98485VQ
G36094SC
G13782TA
G51722UJ
G98348QS
G97267JL
G19866OD
G26495GJ
G98720UK
G10845BX
G72851IY
G58746AB
G18862IC
G91704UR
G34625UY
G00995HW
G30015VH
G74814DO
G69118IP
G62088FQ
G91600WT
G05312EE
G13751NN
G74916CC
G42460RM
G00629YK
G12977AR
G66660TW
G63923YN
G12504XV
G15791TK
G68696RQ
G80005YU
G08113XU
G44743IQ
G42941KJ
G84160ZT
G68080UR
G80163ME
G47407FC
G35291GU
G58768FH
G20352YV
G15826PZ
G83062JW
G37601UJ
G36699PG
G47273WV
G68013TU
G03385XG
G30743QX
G19397EJ
G52902IE
G59714TL
G39375NU
G66122ZT
G53460CX
G20624LQ
G14522GP
G23437PF
G82887CX
G01120GS
G65621RR
G39893KL
G70263JI
G01669LU
G93120YX
G53241XQ
G66653BX
G41405QQ
G25460BQ
G40238CQ
G01375NQ
G15365AE
G89049LM
G64803HZ
G84756CG
G46767VX
G15191JE
G32201IL
G82140BL
G27263RW
G30062BR
G49129IL
G94481KZ
G36244SG
G55143WF
G23342BO
G63787RZ
G03757EK
G95490LA
G47782UT
G17226QK
G31372JR
G65617KZ
G92990FJ
G18420EN
G12438DW
G66098KC
G04528DU
G12450CJ
G72369ZI
G26394UA
G77679NJ
G36223VW
G84033EZ
G32814EW
G30404XZ
G88421PE
G87694ZF
G46584GY
G39764AC
G45981GB
G19140RD
G01367ZS
G29969FK
G79416RI
G65500VO
G87544CM
G21573FN
G87593LV
G67913LB
G12679OE
G03861ES
G77562VR
G30880RA
G83845ZV
G30673AC
G67610IY
G30013YE
G81528UX
G67223RN
G67385FR
G44079HZ
G63035DM
G86809TI
G00025YC
G86782KC
G82622JD
G97570UX
G69600TI
G49009JI
G81085EP
G41731DX
G69480BN
G59406KS
G24366XJ
G88417ED
G84712FX
G47325YJ
G94366XH
G36859SD
G20299PF
G18905AN
G70845RI
G57228LQ
G04214MY
G36259JQ
G60853DO
G30633FJ
G69461KL
G79556AB
G67954RA
G70355HG
G93906VI
G94806YM
G66504LK
G72905QH
G98906WL
G17964XN
G33671BL
G24875YE
G21925JZ
G31105PF
G78813BX
G39841VH
G40906DZ
G55146FI
G14889WU
G70382WT
G76055XW
G73574GH
G77915NM
G22721QX
G48285QF
G12241WD
G39027MU
G20697MN
G56175ED
G88913VB
G86881ZW
G49980RY
G75817RU
G03706EO
G30690LP
G13269KZ
G56102PZ
G97857NB
G25640AW
G38022PE
G51955KU
G68395LV
G57741SS
G44121LY
G85121UD
G92289SP
G34046HV
G17595XL
G31991IV
G73930OK
G25853OY
G66685IX
G02915XR
G85709JZ
G09777HT
G54616ZM
G42193NQ
G21118MX
G67915MO
G50273OO
G55318GC
G06407UW
G73029YR
G58338QG
G09666WO
G15216UP
G46633SL
G52354QX
G37990ZT
G38638WU
G51333KM
G44533KV
G80677GP
G91130VE
G53288JQ
G91873GT
G56163DR
G18929GK
G85895SP
G61903HE
G97028UT
G43137UY
G61002BJ
G31618AH
G62018FE
G13528WO
G10733HY
G51496DK
G68691YG
G13591VJ
G73775WR
G67971GL
G85460ZG
G84368MT
G89264ZR
G23109YO
G55479DB
G22558JP
G70081SZ
G89654YT
G12940VF
G33780DA
G14176QY
G64076LG
G29485PK
G58992VJ
G04861MP
G61370BB
G48648VZ
G65370RS
G50489VC
G79508LR
G53818ZZ
G43869EE
G36200ZL
G72171BV
G24748QU
G10026RE
G53567BY
G06069CG
G62012YS
G72035XH
G54375EU
G10470SE
G17820VB
G05140WY
G82221BU
G20983SP
G17413FR
G51923CR
G74675FC
G37185WE
G85447US
G00830CM
G89637WE
G27803IM
G10182XZ
G49515VE
G41120BJ
G55504WE
G28270MO
G59576IJ
G60004UW
G83588YY
G29377XJ
G11801TI
G57881VN
G12976MZ
G99518NJ
G97453GF
G53170RJ
G00279YF
G70594XD
G63170HT
G16151YX
G45603BW
G00171RJ
G10385EY
G77861QN
G86170HL
G24125FE
G74809AE
G92090QA
G64803AP
G69745HX
G66008HG
G65186XA
G23532PU
G79916NT
G76190UX
G72125QI
G62176QT
G98539YZ
G02290KA
G73162HV
G92983WW
G44264DI
G26255AN
G07695ZT
G45442AV
G89370FG
G56616DG
G03921DY
G70881GL
G04670NE
G43447HY
G19483RZ
G40704WK
G31561GU
G25837HW
G25505UF
G95393JS
G98565KP
G58566YO
G18859UG
G79071YL
G85599NG
G28156XV
G79595QQ
G92129PT
G99651QK
G56076DZ
G37997JT
G03216SJ
G57626SM
G92413DG
G55992JL
G39957VJ
G23295TF
G24915WN
G47669IJ
G40346WK
G69912LP
G65945PP
G80343LW
G34914SZ
G54079AB
G40142NX
G81353SK
G72156EQ
G06215XQ
G03004PD
G08916CY
G50131RA
G11321RX
G65550TC
G11453BM
G48518CW
G93922AL
G89808TP
G96914KN
G32324QA
G07568IR
G39758MG
G25423CA
G24811FP
G43157GC
G65948NJ
G04483SK
G80945SX
G20720CG
G63596DU
G68474CQ
G51654CU
G78239VB
G21897ZX
G95236RL
G85839YN
G89153EV
G36324QX
G23667EF
G40554DX
G28997HJ
G99505XE
G41981MA
G11619JT
G00883ZT
G23378YH
G31767LY
G79249GP
G00644ZZ
G79066ZG
G31429YW
G02025MF
G88321DT
G10664FL
G63303ZY
G80352NL
G51699UE
G90712YJ
G81443QG
G76073FF
G36436SB
G74612QZ
G31606TH
G57262WV
G25965IE
G72828OR
G27509ZF
G56427QU
G30623ZE
G58169YV
G94132EL
G39377JQ
G53795OV
G51527NY
G10240SH
G59063MX
G38753OV
G50329HB
G92627GM
G88641WO
G11974GJ
G87377GM
G74242UP
G19104OH
G05187WH
G27993JQ
G70301QJ
G18960KY
G82540VC
G16411DN
G29130SY
G62408IZ
G37304XT
G18447KU
G21627CA
G05744AS
G18619IO
G26030JN
G45755VQ
G60452UF
G99645NK
G99129GB
G26928DP
G83971HS
G09513RD
G97984TH
G37488LQ
G42548XF
G00211WY
G93788SW
G58386NJ
G00876GU
G25601BM
G74605HK
G93075HW
G06432WK
G73752AL
G72974NP
G10300DY
G60653VD
G40760CH
G83211YC
G85555HC
G71261YD
G53396PX
G40576JC
G11696PX
G42970AZ
G68732HN
G92359VA
G74320MK
G59655SA
G51212OK
G50730KL
G48213MO
G72662IG
G17134VG
G50036VV
G02162DJ
G82917RE
G45259OX
G05550LT
G14050KB
G84480OF
G77172NR
G82011YF
G82921XU
G95201NS
G34561BL
G40317YZ
G16999DQ
G98899DA
G03136UJ
G60059UH
G56069TX
G54969AE
G11329LI
G40264QS
G14428PM
G95324TW
G14488UY
G43075NB
G58481XO
G26798CI
G01260KO
G14389IO
G63648EU
G67534LV
G21284IS
G10374FO
G30344LH
G78280YO
G15560RP
G29539MT
G52645LW
G46576CR
G06968OS
G24511TX
G85590UT
G18999DB
G41811PH
G28106CM
G73977KO
G58968NL
G67191UH
G76882CO
G93930NP
G94070CG
G64139XJ
G57248BB
G70076VV
G34838RM
G77755RE
G96223WK
G41522EV
G52038JM
G96373XG
G09976WS
G22732WO
G87784HD
G60230HH
G58482BJ
G93058GD
G93993PE
G99067GT
G01450UB
G34039PA
G47760VS
G39600NF
G89186VO
G75632DB
G11075DR
G44988YY
G21676JO
G29443MC
G40452ID
G30792JM
G24284KU
G59228TQ
G41178NB
G41943OZ
G02631NI
G78730ZV
G04267HE
G21739GH
G62826CL
G51274LI
G32954SJ
G95627ZE
G70708LW
G40079RD
G10019ZY
G97682ZN
G80756MK
G82622SS
G99647DZ
G19243TV
G46425HN
G71407IE
G09670SR
G35916SR
G67381VP
G01069AK
G83689NL
G38728JS
G40198OD
G99110FH
G27123OG
G16117GO
G75359HS
G74674RX
G78956IC
G17264LS
G42823LH
G19281RB
G99419RR
G37552GO
G64357NA
G41331JX
G17751ZM
G51497BL
G17638QU
G54481DB
G23623ST
G99952ON
G40352EF
G07151FE
G11865ZE
G24657IT
G34905OT
G20163DJ
G16464LC
G33234RY
G50210FA
G48787LE
G28231AL
G03700EN
G75737EH
G17473NR
G94156YI
G80804PR
G67887EF
G01223AA
G25432CN
G97693ZT
G84369XK
G88435TS
G64501OO
G27251WT
G76075NA
G36134VO
G82977OF
G85012LW
G79051IT
G56653RI
G81923ER
G15867JB
G33653GT
G22587DK
G43953LS
G69982RY
G53809CJ
G26068PU
G81505ER
G79348ZY
G43832DJ
G49383JW
G85656BP
G69175BJ
G22865RK
G63469RX
G70596QH
G13346MU
G46998LN
G74772YG
G85302QR
G35748VK
G16504VB
G28536BG
G18581LO
G87440IH
G70994WA
G63571FM
G31662BR
G94486VG
G12704ID
G69753WV
G71156OO
G99502KX
G55314RK
G67728UJ
G67895PX
G32156DB
G95729FI
G80019AK
G49013BK
G52104IE
G09605DV
G77498XG
G89905SH
G27495UM
G70511VE
G13144BT
G84523VQ
G83165OA
G19075PM
G41576FY
G95367XO
G49084JY
G71071YT
G39578OU
G89970IY
G63111RL
G26320VO
G85116XO
G03195HW
G53752TA
G79037RU
G16536EO
G95633RJ
G09276TA
G44865OQ
G83480KI
G38946SH
G15591FI
G92278VP
G10235QZ
G10844WB
G70958LU
G63337DU
G60439QY
G02952NR
G77049FQ
G30627OI
G17921VC
G30060ZO
G43560SB
G76087MP
G35364KM
G55052CN
G61884GF
G69086TY
G05382JE
G42680EX
G20510FY
G45720CA
G58284AM
G91591WO
G33718MC
G26150FI
G79302PB
G88569LV
G66570YR
G05511KY
G89826GE
G39617JJ
G74275TG
G08551YA
G75701BM
G32483HZ
G29097SS
G65855MN
G17410PS
G28959FS
G78980OK
G98380JU
G29434RB
G62723ZZ
G99306JE
G19252ZI
G95919TI
G97910HZ
G19652EM
G29706UC
G75237SS
G56549DH
G41528SO
G62592GA
G85768QF
G56749GV
G51018GI
G27476HK
G05470LY
G51299JY
G92612ZM
G39528SQ
G91470EV
G80970HC
G22925JC
G42240DE
G91322IG
G26080SE
G24994OK
G68946DB
G90651NI
G99372TR
G11948QD
G51947SS
G04751OE
G41596PV
G11107QZ
G48802KI
G98728LU
G20064NM
G67411ST
G99493HM
G16600BL
G14438ZT
G16614GV
G39299DH
G10034LM
G89395YL
G61718TK
G82847HG
G53605PF
G99873PN
G44369QM
G49544FY
G87519TU
G83192FQ
G64857LW
G24305IZ
G37206AU
G89864BN
G19958IL
G40762ZY
G75972ZC
G26684GN
G07098TP
G84000CM
G33269XL
G11745DB
G32746QI
G87018HM
G14202ZK
G68800OF
G38674DP
G56376TA
G04544OS
G46455GO
G12746TT
G67782JV
G13708VM
G79996DQ
G91257NC
G62690FM
G12894CE
G49299ZV
G47253VG
G73896IF
G17848HM
G07842DQ
G07493GF
G27587OB
G52358FD
G21695CC
G78003VE
G42380GI
G59345UT
G34306IB
G73266RH
G12861CT
G01670UQ
G80264ZA
G83209DI
G55781KV
G02410EE
G65015ZK
G13397YQ
G94150XA
G79088GV
G03622FE
G84106ZV
G95994EE
G86504RY
G35952BG
G34852ZG
G85192EG
G55484MX
G83717YJ
G29649MR
G67767BR
G18223CA
G44413JJ
G67976OZ
G26952EK
G25096GQ
G30085SO
G61519GA
G06162IF
G50327WN
G44656CN
G43346PX
G97166FW
G28962GO
G05950HG
G17336WC
G83666RE
G24816DA
G42415XD
G73817GH
G42604PC
G00798PL
G50660UT
G39183DW
G08608DR
G00231IQ
G82853YO
G10770RR
G44328YA
G37605QB
G33342UZ
G17095DP
G96916QO
G58808TX
G24068UY
G09727XA
G76230IU
G40865GN
G09394JN
G90111MD
G99370TQ
G74910CR
G54533TM
G18627LZ
G42705JU
G75962GU
G56876DF
G53899GT
G01587DQ
G24758NZ
G36159AI
G08577PR
G50943ZX
G60634GK
G51369CD
G38659HF
G40097PQ
G96906RY
G57937LQ
G06070KG
G14761OA
G54986EB
G67226SQ
G83402YY
G74571ZF
G13720TX
G54963VM
G47566FL
G57051OG
G69243TP
G13968YX
G90175OT
G81650EZ
G80552MJ
G86642RE
G83928WG
G98637UP
G96235XM
G16873YG
G16873EF
G04920ZE
G87318MX
G22946YB
G87124HX
G32704TW
G67045LB
G24420RT
G35794UW
G17339LD
G84228AV
G77805RB
G02482JV
G74090KZ
G25094QT
G72368JX
G69168XY
G32898UF
G76099KH
G68164MW
G91511MZ
G74325TG
G24954RW
G06707ZH
G42772CJ
G95227SJ
G99270OJ
G06971NQ
G86377KB
G70800WO
G53582JE
G91438JH
G60496YL
G81914RV
G34018EC
G90033AN
G49467LT
G29617QF
G36656LV
G64850DY
G67855QE
G88800UV
G68963BB
G13064UV
G53452PP
G88749TS
G42862VU
G57032GX
G52498MU
G94027HD
G79198BK
G68817WF
G00383YF
G64706DG
G62808KR
G41720HN
G88818UA
G81059IE
G70160EA
G36498HK
G67262JO
G64851PW
G15571KX
G17207FU
G54067ZR
G30416OM
G66439FH
G49930HB
G67610NV
G36977EW
G18641IV
G68189FR
G02474FD
G60233QP
G03913NS
G70991JO
G18080PB
G92117KA
G09176OA
G25429RR
G77459ND
G50625MG
G23601EL
G37827FY
G28698EI
G78644BR
G20956ZK
G16743OM
G25328BM
G56408DR
G20841PR
G92777SG
G06279KD
G21130MT
G14393TF
G51168MK
G53214SL
G13541NC
G22537YO
G73573GX
G55783TD
G70681VG
G40236GK
G37938RD
G97129CF
G02527CE
G89283LM
G79026TT
G97948YW
G21359LU
G77396HT
G11496BG
G47242QB
G33665JC
G12259JN
G94733WZ
G71063DT
G23087XI
G75143LK
G20054JA
G01181WH
G56327CO
G09709WX
G82639GQ
G70514JO
G24766QM
G26295XE
G52803GQ
G36171DC
G95617FJ
G65697SK
G99287IC
G46825BU
G51057KO
G42713ZO
G96866DI
G20018DL
G25787HL
G03431NA
G10109RQ
G33841EB
G06730AH
G07003AA
G17114GC
G08949VK
G12740VA
G63547QM
G36766ZC
G69987TD
G12398HZ
G82864KM
G55747LQ
G18391RR
G73515IW
G15320FW
G50353FU
G18125MC
G83541HL
G10965EB
G35679TE
G39111QK
G00591PZ
G95222PD
G24371XA
G73946HM
G53322JT
G49440XK
G40194MN
G61698UE
G06756XE
G20248TO
G09019KT
G03272YQ
G54177WI
G09344ZL
G68828SF
G91388QD
G93802RY
G76422GC
G50372JE
G61640TZ
G75029KP
G00523YW
G33427JX
G98732QD
G02152MS
G60343KO
G64334QQ
G83957LU
G54811KN
G46936YB
G33303XH
G50058RB
G84272TB
G01828CI
G86822MM
G08492JZ
G91623TN
G66724VW
G99356PZ
G33233SX
G74246AM
G34718WT
G94045IP
G70520DS
G10529ZR
G07097VH
G21411GO
G66765ZA
G03750RD
G89425XZ
G90223GH
G72282QM
G41742IZ
G48185FI
G67356XI
G86282DQ
G99258WN
G06032HI
G12555FT
G99102GZ
G95910WJ
G72300VE
G11885NX
G63899VB
G72952WX
G93320VA
G96719MC
G11994QC
G93722FJ
G84227HS
G66513RC
G06795XH
G97828HF
G44905SX
G35257SQ
G54042WO
G61838OT
G81663ZI
G81898FC
G35053YZ
G96578MW
G44790NU
G54873FX
G30303UZ
G76582OA
G20883QG
G78727VW
G15013TW
G37485VW
G14095XN
G43301TW
G73057DA
G77447DK
G62349ZP
G01424EN
G42292MP
G75049FP
G87802WG
G76824BS
G84680HD
G83258AP
G23024PQ
G08997GC
G85159UF
G16879YK
G82730QA
G40909AN
G84329MX
G96508BN
G92709EO
G68345FH
G56811RE
G03584KV
G23142YD
G05611SB
G17342OD
G93542VJ
G28751LD
G30505TQ
G08161JQ
G12203WB
G93780GR
G24620AI
G96932XT
G35242IF
G01361CV
G08714SK
G23416CI
G92061JJ
G22658BN
G85479RL
G13849JB
G87889NL
G34508UC
G54645BJ
G38909RH
G22123FD
G03654ML
G57914GV
G54133WC
G64901XZ
G41940MB
G44339HI
G91819LE
G85194VU
G01010HW
G24668UI
G70072FZ
G24573UJ
G22768VO
G47253CO
G31316SG
G23770JR
G25386IJ
G40900UQ
G57997IN
G59141EN
G95273QR
G33981FE
G75303RX
G80487YW
G87641EM
G21167SG
G95989NQ
G54552DT
G01654FP
G31632OD
G69083KH
G29024OJ
G68957QP
G13991MC
G12143FS
G01476WA
G99954ZJ
G70851FQ
G98712QJ
G57535KW
G32829EU
G20885BK
G25381UC
G40245CP
G90107JW
G91827TX
G45000ZN
G43330ED
G23824XF
G38249IZ
G33720LK
G77880KG
G81874HD
G53786US
G52567OL
G39431MA
G63919RG
G70751HC
G73170HU
G67536FA
G19840AF
G88068QT
G68442BQ
G52166GV
G38121JC
G46823OG
G21508HF
G83926PC
G79083TK
G83101KA
G17164DX
G75051CY
G96871NK
G09389FE
G75764FQ
G14047PA
G34325IS
G45503YQ
G03682TM
G38773BX
G92575UZ
G55653UQ
G53485VW
G58992HL
G41063JS
G78325SJ
G56770AH
G42686NQ
G23626NI
G88948CY
G78502FJ
G83508KY
G38849GM
G09255AF
G68560MK
G63644AZ
G06422VO
G24094XC
G60026QM
G18094KF
G57092OJ
G25864LQ
G19289JN
G95513KP
G26629TM
G85545IG
G22361XJ
G79552AN
G36292UY
G28003YJ
G97886ED
G41912CL
G39585RN
G06371NP
G95660LN
G62470WX
G92574YO
G22898PA
G98732ZL
G09639SZ
G60413OP
G90065BD
G54931GY
G71917KP
G89398CR
G62400CJ
G06279ZC
G26939ZY
G00413UF
G17652MS
G02311IE
G56501FP
G16155TD
G68125GD
G59821FL
G27485TQ
G26298FT
G26508HK
G91390JS
G06123VV
G60458LX
G90304FZ
G46409AI
G64936OS
G42605KJ
G26123CC
G46470AD
G23616ZX
G68912OX
G21756MV
G06928XT
G87692UE
G80200DN
G72626YH
G36521SZ
G18548RP
G32319IP
G15455NO
G74004KO
G42358LZ
G70163ZD
G80932OW
G06374YY
G33279YE
G23419AQ
G98205FV
G29948BS
G88310CR
G79089EU
G71009JV
G61714PI
G78205VT
G87457SB
G85213FQ
G19310VN
G77064XE
G35619UY
G70670FB
G11588II
G92008YL
G06921UA
G82924BW
G26534TO
G47043LK
G31894KJ
G45045RU
G66692CW
G12920QL
G76003QW
G14201CU
G73994XG
G39075QA
G78602KL
G01079KY
G24191XX
G32446GZ
G41504VL
G23706HG
G19517HH
G23709VK
G27444TT
G99204QC
G03652TR
G49130JL
G93795IB
G66408EY
G31416KB
G33244HE
G46763GM
G38895FE
G03346FO
G44513XM
G82036CW
G51490BW
G68452OO
G21420QH
G92442AF
G79518SC
G06833NJ
G87323EM
G86993RB
G37442IW
G49235GA
G56737NO
G08132AH
G82312JY
G81282CC
G92042VQ
G45420PL
G72769FF
G68221KD
G26391HA
G18340ZI
G49104KI
G84347HP
G03430DD
G74716XL
G76746DW
G79809MM
G37626XQ
G05698FC
G94423NC
G10725II
G31774SW
G59459JP
G41092IE
G94816EL
G95010JN
G30140II
G56703XH
G22674CI
G15164ZG
G45274BL
G68209WQ
G83568RU
G19568JE
G44982DH
G43997BS
G80513FH
G05343DC
G58219MI
G24155DW
G55861FV
G45116BB
G38667ZB
G67760NX
G29905OR
G25605GB
G08606CV
G79368CP
G46638GC
G46374MQ
G06534UH
G95963DM
G81070NY
G36521AS
G32779JS
G86260IV
G90840KY
G59983FU
G59600VW
G64823DM
G24354CO
G28144EE
G26800YB
G45290DI
G21218WO
G65668CK
G23416VJ
G95499ZQ
G23060KN
G01265XZ
G79713BZ
G56830SM
G73888CI
G00850LT
G39567LQ
G97511SW
G76242WH
G48658CL
G56621NM
G97832IV
G40806RJ
G76408CE
G60274JN
G95658PH
G31124JV
G34972BB
G06642AP
G19444JC
G91425YG
G90441KT
G14307KB
G69433EY
G78255XL
G54956ME
G42212IP
G72011DH
G51519NL
G58667NI
G38236XZ
G42501VF
G77725ZE
G50697EP
G38746TV
G67185CY
G35888WG
G59361OW
G39452ZZ
G42400JK
G65825CX
G72043OX
G04445KN
G59149SL
G11712ZQ
G35036QD
G44076LB
G38549YL
G10006KY
G84753OK
G08378WD
G02050BR
G88711NV
G64950NP
G62488UG
G20297OI
G09702SG
G49035IR
G50871KO
G83540SE
G92805XC
G36881GV
G63100TS
G44547LX
G05763EW
G20367UY
G71957GO
G26881SV
G70548CP
G03414KZ
G84467IZ
G01606CH
G33174QG
G78513VM
G00738BQ
G55453IK
G45303VF
G12683SW
G82811EP
G28421RZ
G14492PU
G92918JF
G56381GU
G69137CP
G04261UG
G82487CR
G83892WB
G84376FR
G33019PZ
G17213JF
G07627PO
G19805HY
G49935CA
G42674LI
G15522RV
G41854MC
G00594AV
G24791UN
G37841NF
G40095NL
G06191GU
G81773GO
G17157SF
G53050ZJ
G93992CR
G50258QB
G01244DB
G87807PF
G59003TR
G46088TL
G13454LA
G47934UH
G81389EF
G56034WQ
G75221WP
G51823DN
G47866EC
G88376OI
G78525CL
G60419KX
G85885QD
G10122RQ
G35777BH
G70757BE
G74311PB
G31637BB
G69319YQ
G56246PC
G54904QW
G43505GC
G22159OA
G81711SM
G17268FT
G58029XR
G77646FX
G36701GV
G43702IX
G22043HZ
G33581QC
G21823MR
G64725VJ
G44825QL
G22632KM
G75258NZ
G01100DE
G39887ME
G49580XQ
G75771NW
G52187WF
G59458AW
G43549OX
G45598BE
G53800MQ
G53280MT
G47171PW
G92067KW
G80661YI
G98855LF
G45533OY
G64582TJ
G00864TV
G31559RO
G92695JQ
G64514KF
G57329WU
G38267IW
G92617LF
G97078FW
G34540VL
G96143IM
G66265KN
G49374CL
G23824AT
G27456PF
G84882JT
G83594ZB
G25596NP
G09173AD
G77561JZ
G64822OJ
G80382WR
G29467ZM
G27123NH
G87557PZ
G45893DQ
G26160AS
G60542VK
G27946NT
G76807JB
G50933UG
G53985AY
G60676HA
G61302NC
G55661CO
G36772MC
G53812BX
G60972PW
G65294YU
G45365RV
G91905FJ
G68679LW
G06194HJ
G83355KE
G01208GZ
G84908OR
G76207WM
G97545TB
G41726FA
G86357DX
G24498DI
G76384QV
G21393DK
G09416DG
G58478JZ
G10283FS
G93141AZ
G78454JO
G44865WY
G26844MI
G77696JC
G81294QU
G80298HR
G68796SF
G59297UK
G95415LS
G06216UH
G84874EV
G05797TN
G46946SC
G19626TP
G98066UT
G00986YT
G37682CJ
G19490DN
G14047MI
G18720ZB
G76496FO
G10308PQ
G85737WG
G93899AU
G43547MI
G79066FM
G85530IT
G71534SX
G94277TH
G06594DV
G05562XX
G75903TQ
G54659TT
G42600SB
G34985DS
G36172JR
G09260EL
G38541LS
G14996IQ
G65340BF
G35796VW
G20711NK
G54380FJ
G58025LK
G93934MI
G38241TC
G73311FQ
G93044HC
G78374AB
G02776IS
G19023UQ
G46407AA
G73244WV
G65307GS
G02945KQ
G32303JY
G30804AW
G01406RR
G90206GU
G91247WI
G40915GX
G91413ZX
G66942CJ
G03860PZ
G98863OA
G61706MD
G04976EC
G34381JF
G86215UQ
G49785PR
G13537KO
G71549XT
G73244JS
G63692BY
G20919FV
G25164FO
G94116NC
G81174YQ
G57611UV
G77852EK
G81933FO
G69976JD
G47294AR
G50638US
G24767MV
G46768QH
G83499UD
G35013TY
G18295XA
G99858XP
G14343MU
G30293NE
G42525DE
G58561KE
G66044FT
G38756OC
G79924QN
G41081WD
G49401WK
G79578JB
G63585HN
G47914FM
G78951XL
G96430HF
G46185ND
G49827WK
G72406BE
G45209NR
G24382RE
G09349XQ
G68546CJ
G39125OY
G40513EI
G93198UO
G15644XE
G71320DE
G41847IM
G57267KB
G78944YP
G42028VS
G87513SK
G61203OK
G08866CW
G89290XU
G00695JO
G89877QI
G46336TC
G44816NL
G44202NB
G27357MT
G04678VQ
G49579SP
G66193EV
G44996SV
G33817TY
G68429EK
G04776DX
G80759CD
G42672MA
G47911PU
G87202LK
G42612YU
G58183RP
G91177IA
G05365PX
G39810GC
G55455WR
G10483PN
G13322RS
G77466MH
G18360DA
G71388EZ
G11392CL
G17172ZR
G06927UM
G57595UE
G00320ZP
G22493AJ
G78098GH
G65593RU
G56546LQ
G83582BK
G27121CS
G70826GP
G91005JW
G00504PK
G29039FY
G07644TA
G85507NU
G64555FT
G76127VR
G93707PO
G72512NM
G17483AZ
G29535RH
G01180ZJ
G30547LG
G24674CB
G76084VW
G57818FI
G49446SO
G79099UV
G76519VT
G98212GQ
G08096ND
G60078FW
G79190JZ
G75850OP
G96587VR
G70593DF
G14985NB
G86188WH
G51623PN
G34351ZQ
G23577TY
G63640QH
G45261DW
G85141ZP
G17639DA
G16928QI
G41957CI
G72131JM
G95639FY
G46754UW
G98836DL
G74111QE
G92975MH
G48712ZJ
G04751SB
G88582ZD
G63734KU
G90670ZD
G79103DD
G59083LK
G82357WL
G87687NN
G42026VC
G51114UP
G99992LL
G87377KZ
G79852UE
G12775RU
G98906LL
G83645LY
G31010RQ
G13151XE
G26474XX
G99165YY
G41323XJ
G51778XS
G91277HN
G42614NV
G35211AB
G70836YV
G21241VN
G38955TH
G39229GR
G29850BY
G02494HC
G95575GS
G80019MD
G26775OX
G58111YY
G38271CW
G70246WA
G16743PO
G62781GE
G00227RN
G46251GP
G29248WR
G56499YQ
G29445ZK
G42305NI
G52345FK
G90596ME
G71323UV
G09362VG
G12953IP
G21411AR
G03627JT
G65890UA
G12086GM
G75727PF
G37254LM
G02654EL
G18609BT
G99516QU
G97179UV
G30651IU
G40670DJ
G63065KG
G85422ZY
G93161EP
G79617NL
G92594VG
G01613KN
G30115SP
G37809PL
G33685ZQ
G74508NJ
G90130AG
G08340FW
G29230PI
G86517XT
G98956LI
G07666IB
G39181YB
G25835MT
G40065EM
G57762GE
G24926AJ
G97865QM
G26768NU
G92383TF
G31254TP
G27293OK
G15065YV
G28298VW
G30733VD
G22868LW
G69149KK
G31220IW
G91312MX
G62109NW
G69337UU
G51579YE
G92303LR
G41015OA
G49580JX
G87178PF
G98030BR
G39213VZ
G00842OY
G95956WE
G34946TH
G59522PY
G45287IG
G00978TF
G70339XQ
G28882QV
G61705AR
G51440UR
G63710WS
G44909WI
G86730KO
G19607EP
G11282GU
G47992RQ
G08993KP
G57504TA
G84041GN
G40490KT
G59643XN
G05746XD
G97487DU
G62899XL
G49481UE
G97523ON
G53667CH
G45957IW
G17568ZS
G80319WU
G24517QL
G86401DW
G97674NY
G11635LG
G36348OS
G49889OJ
G25140TA
G60284TY
G18913QB
G21380FF
G55779ES
G50837EH
G80366RR
G05203UQ
G44541JO
G00396IE
G72919IM
G28978TP
G88067KZ
G43708QI
G75398ZA
G03151MA
G38349VC
G18947DS
G01386NB
G32974DS
G29441UP
G31153XO
G43861TS
G07228BR
G74788NK
G79010UT
G72907TK
G10300BI
G07783DH
G01385UC
G06067KZ
G79662AK
G82130LG
G58214IQ
G35257UG
G54258NG
G25534RX
G83953IZ
G66728LX
G48504ND
G30553WH
G10989IB
G39761RS
G53000RQ
G17441MI
G72758KY
G60534NQ
G41209QO
G06276SU
G89993FE
G47178AC
G52428MJ
G28659UB
G50785UU
G50078RT
G41315PN
G21255ER
G05241IE
G66016NA
G54096IJ
G10776PT
G10295MW
G98068RN
G45108QT
G32774AR
G15988BO
G43507KQ
G11929CD
G42110JE
G59529PB
G36909MR
G26335RK
G15355XO
G55701FR
G63075AF
G27434RW
G43088GK
G96886RU
G66376MI
G32332OM
G67642SS
G56691CA
G82234NO
G59255VT
G73232WW
G58750CR
G93780IW
G59100TO
G00318AV
G89143RS
G04689DA
G03917QY
G14615WQ
G79242MX
G50775GL
G91550OH
G18074MS
G35210SH
G21454AE
G71537VS
G28478RU
G98453VS
G58824LL
G39437XQ
G23901NY
G46568MX
G29728RE
G79803HS
G07674LF
G92527BY
G03895CL
G69905EH
G53342MA
G79187YF
G47975JA
G50502BT
G47832TO
G72381MO
G83393QM
G18013WR
G89949WN
G48329CR
G56036XY
G95206VT
G48614JL
G95426VJ
G39943KJ
G25902AL
G70838JA
G75623KU
G59942FB
G44497AH
G98238ID
G33283JR
G74966SW
G57229FV
G39309FI
G55220VL
G16316CS
G90543DL
G99610EG
G01028FJ
G24823MG
G49369WH
G05953WP
G45359RY
G14462MX
G30687DL
G38978PR
G46626WO
G92793BY
G14190WK
G66761KV
G35577EK
G47741BL
G15001YX
G77748PL
G40791GU
G39318IJ
G49900EU
G05005SO
G72766JQ
G14567OB
G06906MP
G07024LX
G15828HX
G72386DP
G97628LQ
G82019GV
G82763XK
G14035PE
G64662SH
G55763ZI
G09857WN
G57951WQ
G99997WS
G26215AL
G18897YF
G89362MU
G76645JW
G08191RW
G47706TA
G99568AR
G71857KQ
G07865ET
G61334IA
G73051OD
G05120VZ
G91074JT
G54953LX
G14782PJ
G64586PM
G03802LT
G23927CE
G21729HC
G26275JI
G57565TQ
G05279MG
G88122ZQ
G59742GY
G08820NR
G76953NP
G25297CU
G86102WJ
G36960FP
G81873QA
G62944LA
G83269PQ
G89036WC
G34729XK
G27067YD
G50509CK
G83393GK
G37291PT
G15503SL
G12971II
G60736DD
G08076GP
G36223IZ
G10691MJ
G44799JP
G52302PL
G88185OE
G11960UF
G39794DN
G87815ZV
G54696PD
G18410UY
G08111FJ
G50791ES
G14972EL
G94322NS
G26600MH
G91948CG
G75549NT
G48069JX
G21432UE
G77812KJ
G87535DG
G81253FL
G84879CH
G54702KT
G86928SV
G19354PF
G46503KK
G37427PW
G15158LV
G03436RQ
G60837AI
G56485SI
G52362GH
G82420AC
G59471JC
G90966FR
G20694YW
G41923EO
G24327OK
G62333MG
G34394BR
G10794HZ
G00565QJ
G83312UD
G53604QR
G00826SV
G66488GE
G32114CQ
G06444RU
G08690HO
G58328JK
G57671LP
G29695SR
G79388JI
G47279LF
G63659FK
G02470WS
G28677QR
G17322KJ
G09556KR
G12139OQ
G40970QY
G23345GE
G41960NE
G93193OD
G48040FY
G64132UH
G19120ZM
G65464PI
G75664CM
G39473HX
G40012WS
G26640MK
G53996MC
G01868JD
G76887WW
G14572XX
G38668OJ
G28688RT
G36834ZF
G16933JU
G75825ZR
G35888BV
G22354SF
G99829YW
G43864TG
G24857RT
G82458BB
G88827CD
G36378FM
G45700OA
G18640IS
G68698AP
G18163ZO
G77608VQ
G70947EQ
G84783XD
G59875NJ
G70486AZ
G55867TY
G33522ME
G30588SI
G26347KH
G24440EI
G71442FU
G16150CJ
G74891FV
G35429JB
G45411OE
G68991BW
G41787AW
G49307MQ
G67660KD
G49134ZT
G35823EX
G93993PD
G94166QX
G40735XY
G56977BH
G26612OY
G94626AX
G98117HW
G58489ZK
G01923XE
G91979JZ
G82728DG
G93575MM
G07265CE
G14840SZ
G99229VQ
G41389HP
G44067HP
G08450OR
G93019KS
G27919IH
G72718TT
G26371XR
G18738PX
G77207RR
G82871IM
G81326IN
G34027VM
G69813CQ
G72442XA
G19226BI
G69303AY
G97876DH
G98537XO
G50272UH
G54682XF
G02679YX
G53450AF
G44031UD
G34295PW
G76096CN
G94702LB
G56988MG
G52225DV
G04213EK
G43753QH
G22313SX
G01891JS
G37745NY
G91063XS
G59627QB
G74012OU
G27432KC
G03203II
G71105IW
G02000AU
G68011BL
G01856RL
G26935KA
G70647ZZ
G75977KH
G15900HI
G59813BD
G50554LM
G29078QN
G11745XZ
G81581UV
G97938ZK
G89285QP
G79523YN
G76675AB
G66024RJ
G76931AL
G32104JU
G40966IE
G97575FW
G30142LS
G35565NM
G49754EX
G76705RJ
G45220IZ
G62989HM
G95186HE
G33473DN
G53962WT
G81348LS
G00249IY
G16469NY
G44770ZI
G16829SN
G09405BO
G12222NC
G60631GY
G16976BN
G29449JO
G94979RS
G96896RL
G52070UO
G05260RH
G77639OD
G15039AD
G25325YE
G06777LB
G74645FT
G83635VI
G77104ED
G29628IK
G40998BL
G00451UT
G58236FD
G79989JJ
G65832JS
G24346JZ
G84811LS
G94267KU
G05903QN
G67474DW
G04987NY
G33788DD
G75075HZ
G10995NB
G57956SV
G67619RV
G06586DL
G75697JJ
G41036NU
G71360BB
G04467BX
G64188CP
G63413QV
G46759WS
G86789PZ
G54273KX
G09087VQ
G80510YA
G50976TT
G51347IO
G58517TJ
G64622AB
G63536HB
G29197GH
G27687QP
G39868EL
G12878NK
G31337GK
G76167TO
G79344MI
G49585QR
G75664LA
G85098WU
G80105DI
G05944GC
G22220FW
G71865NO
G32654XG
G11942BB
G98671GW
G88784SV
G39401OQ
G89878JQ
G98115AV
G30048YR
G16967GJ
G35324SL
G35941PN
G92466WU
G89878ZY
G33370EK
G11860YJ
G93856AJ
G86053IC
G79520GQ
G08371QU
G81954US
G35096EN
G20170YB
G84362VL
G43821JZ
G55803NG
G52056FF
G80138RC
G61684ET
G94973XS
G20544CY
G98369DU
G42175IR
G85085MS
G19914RN
G20284VH
G62955ZH
G23290TL
G77485UZ
G05619KO
G83644CC
G22795QB
G63821SF
G64633BH
G17644VM
G24797UH
G82348BZ
G73402RN
G17324VN
G47065QM
G48339YN
G89168LM
G61707PW
G70192XQ
G67269NB
G18768EK
G53539XB
G13897ZB
G22426TD
G82417CI
G55982TK
G59231NT
G28176UJ
G06969ZX
G02162HB
G60269YM
G46152KR
G52782YT
G19469VZ
G70927FR
G17698NO
G08242BT
G01107YB
G82894XV
G52064IJ
G63176TU
G89261EQ
G20758LC
G60963AS
G58331OS
G85121LW
G72547ER
G52080WL
G94490EL
G95512GZ
G98602UY
G54158IT
G22388FD
G69678RG
G63665MU
G48362SO
G86071XD
G88865JK
G90202LF
G64632PP
G73643TI
G28511JX
G66580IT
G72893LL
G35692YN
G98159BN
G66072SG
G97123TW
G43402RG
G77964WB
G31627MW
G74364UH
G72309KR
G74837KH
G79554OX
G28355WG
G51074KT
G77621PZ
G50380XT
G39353RT
G44132BD
G67449TK
G44268RP
G67806KQ
G66211LT
G12352RJ
G59403TM
G24691QN
G32205YW
G71828FH
G44210FS
G24763HX
G43040IL
G36131WL
G78779MC
G04951KA
G40045PY
G43981RC
G78742VP
G09406JN
G01791PK
G32216QH
G04286YE
G79781PS
G40033BQ
G53944MR
G71013KY
G47877IZ
G57601AP
G00028MO
G24501HF
G26985YI
G87267JO
G90017UO
G49105NA
G50448ZV
G68281CW
G85542KD
G93624ZP
G60176QG
G12018UZ
G17960CK
G08981WF
G20779SK
G89738UT
G26302TI
G32156ZV
G55097ES
G51921XC
G43131ZX
G13495RN
G00012RZ
G79973CM
G09811YI
G60602HQ
G47963XB
G83653PM
G82889XG
G16119YF
G04703AJ
G41611UP
G27168SG
G47651FM
G51444LH
G80637VS
G52003QG
G31515BE
G88069QW
G41850LO
G42032ZI
G51500VV
G55184VW
G90951IM
G14987GD
G55065WV
G17978LE
G21514JX
G40542QP
G01769FS
G09025ID
G91644JA
G28570RY
G87187SG
G52894LG
G60496TU
G12425WW
G33862NZ
G07682PQ
G40353FS
G69734OB
G86377SM
G58244GN
G15204IM
G06900UR
G81086UC
G44207BG
G15580BH
G41366ZD
G89255EP
G28436VD
G31670BC
G83236KK
G36651MN
G04930QT
G69542CQ
G48714KU
G80123ZU
G25495RY
G74074HU
G78136QC
G52238TO
G39687WG
G52266YB
G17996ZO
G04023GJ
G36542BE
G60765GV
G76702YY
G29857PJ
G88605BA
G13165FV
G38586WN
G37655HY
G51715FH
G64481DJ
G15037AY
G64290CA
G54422SY
G74264KM
G93742BI
G85295QB
G24888ZY
G98292JT
G94296FS
G78681QL
G58521VQ
G58251YC
G03783BX
G73308YY
G04171XX
G08709JB
G54782QY
G96232NW
G69957XS
G33753EI
G93154HG
G91208VE
G96931TH
G80962OX
G20877ZV
G21256CQ
G09142NP
G70736PI
G75927AR
G36999JV
G93516TF
G03820FM
G50293EM
G11052OE
G30055GV
G25884KM
G95272YB
G20621ZX
G23782KP
G41857GD
G30939HN
G42439GB
G00582VL
G94536SD
G04273XP
G31993QW
G41569OP
G66634LZ
G09921WG
G31604HF
G12436UO
G61206XE
G47961RS
G72353NN
G42022OY
G78304UB
G73836ED
G31838XA
G16666MF
G99626QO
G37581LU
G12576FD
G96081GH
G70194YY
G31294RU
G86102AA
G59128IS
G94163JU
G37310RN
G39856ST
G43499QE
G53234IR
G57466QX
G95720YT
G07041CT
G46849ZO
G67579AN
G39089YD
G49923GC
G44361OH
G73614SN
G36020VB
G46107JU
G15403PA
G00670OT
G88537BJ
G94692TX
G42552PM
G30309QX
G42343WF
G26274XD
G12274AS
G98425JK
G11509RN
G40069AV
G10374DW
G94736EY
G95984JN
G70144QU
G04118JZ
G46226SX
G46519JV
G79982IL
G56657CK
G61151LQ
G39374GZ
G38407OC
G84222WV
G83206VX
G34442SS
G34634NL
G38159EA
G64894MA
G29288DT
G93450TT
G87138HL
G29011JC
G62797OV
G37642WS
G14576KZ
G64808RJ
G86582QF
G48468PF
G59159PE
G91303GW
G45695EY
G81869MY
G97483RC
G85425ER
G97823BP
G39116LG
G84542XB
G89241QS
G87695KR
G28957FB
G37919IW
G00814BW
G15112UU
G20991HR
G93527UH
G55040UL
G66215MG
G84778XH
G99676LZ
G73302KW
G91227VL
G49664YG
G20212GT
G05395FV
G60803QX
G63100CN
G56014GC
G15577DT
G84558OA
G84390MS
G88734GE
G67983WD
G98066WG
G43790PG
G23212XQ
G47252EW
G85122WC
G98852TR
G47108UC
G45262QY
G36966DH
G83958MI
G90163GT
G45756OH
G72128LZ
G68969GZ
G89058RF
G45229AI
G76294TY
G85712TK
G86750HK
G53487ZB
G12852SA
G28387ZC
G24172SG
G27459KS
G04246XX
G92558WN
G21112KH
G28747XN
G70754FJ
G90889KG
G15155WJ
G98666DD
G63666YX
G52441NC
G45294YQ
G41817BL
G79198HM
G19868AX
G78211AM
G84153KU
G53401FX
G59741XZ
G18026EK
G99796NW
G31565BP
G07233JN
G24374US
G99270AV
G77385XQ
G45844RR
G17921KR
G64841EF
G35769UV
G95198OA
G07995VK
G39298RF
G97720QM
G18410AS
G50508SG
G02660HR
G99342HD
G04220HB
G27281KS
G58571IP
G12150CK
G52115YC
G19537TS
G51766BM
G80735WD
G36059IK
G39557EZ
G08712ES
G84532YF
G78097CL
G22330AF
G03445UI
G64680KT
G74608QW
G43288IJ
G75097UM
G28635EM
G88500SX
G94141FZ
G53923UR
G24485FS
G35722YG
G80612BO
G74541EU
G02660WC
G29897FU
G96867EP
G21072IJ
G94838KN
G07929VT
G10650OV
G99154NV
G27388WO
G93860XO
G20076CD
G87681KV
G68908VL
G13146JE
G25168RI
G83553MC
G04823YN
G03605AV
G72112RK
G17107VB
G02624IW
G24977IR
G24350QN
G16344ZG
G95489LN
G33066WV
G71679MX
G45332CP
G67358EC
G99390JL
G15687DE
G47010DH
G61071ZB
G15998WM
G77149EE
G95677OZ
G64789SR
G32671AN
G83382OZ
G60078QG
G71906BW
G42139GR
G49843SR
G26762AY
G89865CB
G93204KY
G49495MH
G66190PM
G71835BN
G10108GZ
G87140NS
G57789QC
G04820ZT
G10601XM
G62203VG
G78909JC
G21760UP
G85196QC
G68866GS
G40189YT
G32378BV
G33052EK
G36551EV
G57081YJ
G91330NI
G08790WV
G69062KW
G20426LM
G14988GH
G35740ZG
G32303MT
G23305TF
G13592VY
G15410OI
G05360PA
G88027AL
G22511QL
G87489PB
G90211BB
G10996NE
G87773EB
G61457CY
G84223RT
G30888FF
G34215DG
G04783EJ
G29239NH
G35841YO
G29676WX
G52367SW
G80858MF
G47870LR
G57565PX
G81874XM
G98857EK
G22981GY
G44618FI
G85900AY
G23399NX
G71662HP
G04328BO
G31616YD
G98140IX
G93060PS
G41865ZJ
G51995LA
G97548TA
G22511DQ
G37612TM
G23280RB
G78279JR
G46449AK
G92708ST
G71812IK
G10700RM
G23484GM
G22538PK
G47843KQ
G80528TX
G64411TU
G58022PN
G32190EA
G88235TO
G84552CD
G10106TL
G41095QB
G35452GG
G42686NP
G56301MI
G12788PX
G48713OY
G61001HU
G10209QU
G64418SR
G72536JI
G81432SH
G74107UT
G09276BX
G67066JI
G87009PS
G89669IB
G10617KL
G32305RZ
G35929YH
G66874PY
G43677TG
G04775TV
G13290KJ
G45187EI
G47280HM
G95109CV
G50644WX
G17893UF
G44027TT
G75039HL
G99669MJ
G41563EN
G12474XI
G37591JC
G18591BK
G36639KI
G39232QP
G82514MH
G28763UO
G86002PC
G82942ZJ
G20463HA
G17171MV
G03056DW
G59081JJ
G68182PE
G05454SP
G65030KC
G85116ZD
G19739KB
G06442NS
G64828QT
G23722TU
G71602GO
G64693IG
G43339ZY
G68427CL
G70377VS
G34821YB
G83213GG
G42929LX
G12110NN
G97895RK
G62360SN
G70651XZ
G51119RL
G05303BZ
G55992IN
G33249PE
G70945OS
G56364PT
G05654CV
G17286ZM
G94935XB
G41278YY
G03984TW
G30844CL
G67549HD
G48390IG
G00383KP
G56256XB
G56577TY
G30443WG
G48848IF
G40564KP
G05600OX
G88382QE
G36437LH
G64144LP
G80194BT
G71797UT
G84975AL
G29972ZX
G98223HN
G04838UQ
G43963UH
G88455FN
G55668HM
G59922XB
G83313BI
G32364DF
G70241IE
G56724VL
G56271TF
G26985TZ
G68203DZ
G75333EX
G23472ZS
G36230AV
G38655UZ
G79950YS
G73139AM
G14020CV
G52383QH
G13441KG
G25703UN
G46520SL
G21001NA
G25530RC
G55075ZC
G50959AX
G34861PV
G78890OB
G31674DQ
G13583BZ
G53723XK
G87921DA
G00433KW
G33275DG
G48054GJ
G37718JO
G82868SO
G87668ED
G69044AJ
G14068WV
G06601SQ
G06078SG
G06768XI
G81153QC
G04873JX
G49721VX
G54020PT
G59132RG
G77122IZ
G60330MA
G06830JN
G98240PY
G29461HI
G79089IH
G66106WQ
G35398OT
G62922WK
G71782CJ
G54704JW
G04715AF
G60682GY
G86386QT
G86005HP
G66661ZY
G64384IL
G27874QL
G56555MU
G26441EY
G13074BX
G78863BJ
G70617CF
G56784HS
G14015IL
G39813YP
G77166ST
G12817WM
G23258AA
G44218WP
G76599PL
G47253OG
G03962UN
G15527QL
G41929NX
G44364RM
G18869TR
G18196JE
G57149GY
G48058UE
G65893EZ
G60383WH
G41566AJ
G53672HJ
G87107PF
G14938IR
G96219NW
G62034LF
G62091GQ
G21013JK
G14368WH
G56491QJ
G48381WH
G90443NH
G87202UX
G22859OA
G66111ZR
G29407ZG
G36221RT
G87854BA
G86759QR
G87106NZ
G90686TN
G20551LK
G92288VU
G53454TA
G30514JJ
G61831UB
G60464IB
G01354KL
G07380TS
G06445CC
G33264BF
G87504BP
G14023ZV
G52286UI
G36167NI
G09064IP
G47006SF
G68252UZ
G01817YC
G18630TP
G71681UC
G72356JA
G16086VT
G07262RR
G13843CF
G04909DG
G35402TO
G75704ZB
G74286KY
G75932ZJ
G14233VW
G62415QZ
G56655CC
G22914HB
G12186NF
G24956HQ
G94568XL
G33030OB
G95788IL
G29056SI
G15369VN
G32447FC
G93846KX
G15631YF
G62411TF
G03600YM
G00361YF
G37369XO
G09635US
G38362AS
G46413RD
G69236TQ
G64324VB
G13231QF
G57072QB
G98736SM
G60683IM
G26179TW
G24616QB
G41310VR
G38445HB
G72762SJ
G88586VC
G22477EB
G94666VJ
G61794OV
G18890TE
G52880ZN
G40606GB
G63285XT
G89159EV
G01521YU
G01752VH
G52268EM
G88198DI
G83425EJ
G75564FK
G84495HF
G46747LH
G28839WC
G78308MA
G75120WS
G49305IN
G52336LJ
G43433FA
G63574RK
G94047VH
G12360RT
G48109OV
G56271ML
G78266GU
G70102HC
G64343WH
G13343UZ
G73539WK
G39119ZF
G08418PB
G46298TE
G29159BL
G79404OF
G34108KW
G59984BF
G98862GW
G23166NU
G90957HV
G65896IX
G07414XZ
G62514UL
G49282JI
G43290WV
G74238CC
G42909GK
G81877PA
G43830WV
G90797SN
G93986UQ
G13049QY
G42060JY
G89838LO
G44073EJ
G17827EU
G36102LE
G69983FE
G47206TB
G90725ZC
G44043ZX
G50487BS
G90850QQ
G42061BV
G81247ZO
G00797ZX
G52308VC
G97842ZO
G57368BE
G53504BR
G52596KQ
G15887VX
G12604EW
G92712BL
G11041DA
G14740XE
G17661OZ
G22949KX
G66368ZD
G56903ZB
G63889NK
G43685DC
G38113WG
G57677EU
G22340YC
G43869VZ
G53151DR
G06290ZS
G00221CZ
G36581PT
G00951UF
G23819TW
G15774QX
G73517CY
G74429YM
G45492BK
G63411NB
G04874SZ
G50211SY
G70684QL
G81561UL
G34819LS
G24202BK
G53093MO
G65516CQ
G83490LO
G01962RN
G49424TY
G25890BU
G15859AU
G06656BE
G49993RR
G78695LF
G46415RP
G88814KX
G83687QJ
G09420NN
G83738AG
G64127GJ
G00167VE
G81328FA
G99533KM
G03196WF
G00328CG
G07337US
G48489PM
G74111MH
G39531LA
G52674YL
G69148CH
G98366ZJ
G82410AF
G86763VI
G63814RL
G22122FL
G95997CK
G54950JZ
G45776ET
G84553QQ
G31380TD
G72012QU
G51471ON
G96674LJ
G86904UH
G13074YF
G85458AY
G37166HP
G66655HQ
G51562OR
G36171JA
G23695IQ
G75023MF
G55868RH
G92172MH
G44623TX
G85702AE
G24769QK
G48879CK
G42832NT
G43366RC
G32082KI
G74862KX
G12472CC
G52770HR
G75439BK
G83992YN
G01268DU
G50869YE
G65937EW
G05188BU
G18160VJ
G08907YK
G86065DJ
G35975NI
G81753QM
G96060VZ
G58229BR
G68845SP
G34669ZJ
G55015QS
G95937IF
G32803SE
G95997LR
G44754IE
G75041IL
G14606UO
G91386RN
G07863NE
G40569DS
G57999XS
G36759VO
G06022DR
G26206DX
G02582JY
G22117HL
G78368CZ
G81738MQ
G41486SZ
G60604SE
G00706QN
G04508HC
G63907MA
G78342SP
G35484EX
G68283NG
G75327CG
G31276XF
G11129ZK
G90950UC
G79815MA
G04595ZA
G47859DD
G10637WE
G07668UR
G27826HM
G26709HU
G28789PR
G64897QL
G42332YT
G00982QD
G42944BA
G88242BL
G82675BX
G32241HI
G50409AQ
G01912KI
G40806JH
G66866LE
G96342WK
G58268WC
G83252PW
G42173FT
G56039JB
G88928GI
G78768UQ
G73492AT
G34135IW
G20030CU
G05862HP
G15355KC
G54884LT
G18510WC
G10568ZJ
G13477HM
G61365NL
G19447ZX
G27933RJ
G73694HY
G72942AT
G93285LF
G13580OP
G33202XC
G46649RP
G39478RR
G96983TA
G27719XP
G99182WQ
G32065BG
G48515VQ
G98481KT
G28720MP
G55706KC
G29764SO
G25443CX
G60829NM
G26018HD
G60092VE
G25886YT
G85176IW
G90463CM
G75490BT
G71743PO
G81358TE
G68556TO
G75489FE
G64541LV
G19221SF
G46807BA
G57863LA
G54151YB
G84674JQ
G92848QA
G15016TE
G72937LG
G89602RY
G52801WH
G85650LS
G63976LA
G18323DI
G32149KV
G26877LE
G75734VP
G82680EC
G59746QC
G75750DH
G61443KH
G39988UV
G73211XU
G62527ZD
G53394BX
G83600PQ
G29629ZD
G91215YF
G59471TH
G50531NJ
G61576RZ
G19636RY
G36316RB
G03109ER
G18687CN
G21969UD
G81397TP
G57484FV
G08577ZR
G52461YB
G20113TH
G87422CM
G87293AR
G59281EP
G49933AX
G26877ST
G24523DO
G05546WG
G39383KR
G24374BW
G57141NR
G63679SF
G46387UV
G64618XR
G53342VT
G46666WR
G90882XB
G98865RQ
G24336IA
G08187GM
G76802ZU
G32711PR
G68651MF
G64098MP
G66932MV
G67212PG
G19687OL
G54306CN
G82954PR
G64098LT
G30460NZ
G41820ZZ
G56147VV
G82594YX
G04820ZR
G40289AW
G21050RT
G78059CC
G05979RR
G42028DN
G03727RK
G35834FM
G51743KG
G18264WJ
G67924FL
G20063FD
G21586RO
G84709FG
G86385RC
G15732HH
G55653LB
G09066KJ
G96489SM
G14658TS
G29109PM
G99225RS
G98092VH
G43523KB
G97309BN
G94396RB
G40289RO
G07529HV
G10897BF
G88696CU
G18907FP
G08520NM
G58666XJ
G54324NP
G83200RP
G49647LX
G36157OV
G81536GE
G11910RR
G66741YQ
G33822TE
G73439VG
G46406BL
G26487VT
G00544JF
G19588HA
G60971WV
G62094ME
G87349YT
G21448NW
G96852SM
G15433HJ
G28948UC
G44962ZM
G56202TA
G65277OQ
G25264CN
G18724OW
G15198VK
G41387DW
G48405LH
G17483QF
G47498FQ
G59869XG
G76554SR
G41739KR
G34343FT
G27640AW
G34650EM
G69672LF
G64669AQ
G96370EB
G93758YP
G67362UI
G23949TZ
G45953IA
G19572NG
G36366CN
G65518IK
G30694RX
G28103WK
G95640VH
G62307SM
G58217PP
G81356WP
G28459KM
G08624KO
G60692DB
G66313YW
G12968JL
G80142NN
G50234BV
G85250EQ
G49604DB
G31865AG
G65962DP
G01300OI
G27561QX
G68780JJ
G11671GQ
G23598DU
G53492UE
G75839SN
G15289EW
G78169LI
G99897FQ
G47645YK
G75712YX
G90825UM
G66602EI
G10898KH
G55832RR
G54260SD
G33251FY
G97539CG
G02251YG
G81147VU
G96921ZU
G26164VG
G06920GM
G78068ZV
G64979EW
G90000WS
G66963AS
G23416IW
G98211UF
G01543ZX
G90703DJ
G35479XP
G14389GM
G10440YK
G01657DW
G18211PK
G75902JL
G75985RP
G38322EG
G11058FS
G50549VU
G00923KH
G51956RJ
G74268SC
G31341PC
G72411HX
G34572TY
G98809PE
G30615JE
G47925EV
G05915MC
G15828WB
G07015TW
G99883ZA
G59303WP
G40991AO
G52524GO
G11189WY
G30372WK
G35732LD
G02763QD
G14888AE
G88757PX
G66998XX
G74838NI
G71289YC
G71527NE
G63648XO
G56354PO
G93088EE
G56867YK
G17801HD
G66102DS
G23212LP
G39439UR
G19026NP
G07162IJ
G96677EZ
G60689VV
G94989HM
G93495HT
G44576HQ
G35599NO
G52477OC
G83009TH
G63782AK
G76012OT
G34383AG
G67628PC
G42295MA
G78391CU
G09650TB
G72233LJ
G99950SF
G99034SV
G12483SU
G68959TR
G90244AZ
G94718HG
G29797YX
G40341NV
G51739IA
G50964YW
G88727SH
G93500PH
G29955AF
G77521TX
G69457SW
G62779OI
G89799OK
G28723UT
G61751GZ
G12318EJ
G33704YC
G14512NS
G06895PM
G67356RW
G43553YK
G01590HD
G57028QM
G89641ZV
G74928QN
G43660IT
G49753HC
G67992SW
G81384WY
G41458MM
G50659JL
G61614JZ
G84901UD
G87706EO
G27488AQ
G41934AP
G63727MV
G01338AS
G71914DZ
G71017QR
G26949IX
G74102HW
G68903PJ
G79643VQ
G06878CS
G17977UE
G12906ZR
G66998OZ
G13657KC
G05982NR
G09494SH
G67646EV
G78769BZ
G76583MP
G82320NZ
G87406OV
G45934LD
G99617FT
G51378TN
G90983BT
G18469AM
G93912GK
G98795XC
G98428TW
G52622SW
G44326UJ
G75811ON
G37919OJ
G75839LJ
G27571QK
G28355VE
G25657HD
G13135UM
G84330VA
G87777GG
G37274WB
G37020YV
G69060LX
G09125WG
G13676RE
G19697JA
G79473WX
G65799WV
G36066DO
G18544DI
G13054AU
G77479VH
G06721LM
G13267ZY
G05421OW
G30901GC
G54059XR
G94252JR
G04792UK
G60653MP
G78155FK
G60288TK
G49504OJ
G46021KV
G43075VF
G84186YN
G83948CA
G80610BJ
G36300QU
G51799AX
G53276NK
G34859KW
G39631PS
G75185NU
G10141PE
G86527PE
G62130AA
G14232GJ
G01489UZ
G22550VJ
G86869CZ
G80327KS
G13181ZZ
G34158QP
G10625VD
G50392ZV
G00709CF
G45137VE
G42081JA
G23773ZI
G12252PH
G34392KZ
G13335AQ
G40183VY
G98516BG
G79309CF
G69871VI
G96122UB
G65638YM
G40821RK
G41510DX
G21498SM
G37626KE
G16204NU
G43070PV
G52216BO
G93152RZ
G21933CU
G68668TB
G40173TB
G59059JI
G54715UD
G15987FM
G20926BB
G47039OP
G59389CJ
G97884WW
G40702WU
G08078RH
G45864TJ
G30578JR
G38473PC
G82159VB
G08493GY
G36107HL
G44979MG
G36258ZR
G31822CM
G28615QI
G14942ZU
G31555TF
G76331QP
G82845MH
G00219DO
G70069EN
G08679EM
G75502NG
G81529JB
G70258ML
G49478NM
G10254QG
G59877ET
G90700NG
G03260OU
G75494EI
G61244WO
G17400KY
G55086SI
G27844UM
G65079ZY
G81269JJ
G30106GO
G53272SL
G01730TA
G01220PX
