
G00030HB.svg
G01223IC.svg
G01385UC.svg
G01818TY.svg
G01828CI.svg
G02522GH.svg
G02786XX.svg
G03203II.svg
G03615LA.svg
G05166LM.svg
G06809IG.svg
G07233JN.svg
G07323UU.svg
G08041YY.svg
G08705ZV.svg
G08714SK.svg
G08866CW.svg
G08912RJ.svg
G08981WF.svg
G09320DG.svg
G10006KY.svg
G10283FS.svg
G10897BF.svg
G11204WB.svg
G11641YE.svg
G12085IM.svg
G12640GJ.svg
G12686TK.svg
G12699AI.svg
G14716YL.svg
G15103WJ.svg
G15155WJ.svg
G15503SL.svg
G17268FT.svg
G18469AM.svg
G18862IC.svg
G18907FP.svg
G23290TL.svg
G23532PU.svg
G24382RE.svg
G24914SY.svg
G27459KS.svg
G28106QA.svg
G28235NF.svg
G28744VZ.svg
G28789PR.svg
G29441UP.svg
G30121LP.svg
G30517YN.svg
G32525MO.svg
G32814EW.svg
G33295DT.svg
G33811WU.svg
G36525YB.svg
G38728JS.svg
G38895FE.svg
G38908KI.svg
G39375NU.svg
G39557EZ.svg
G41528SO.svg
G42032ZI.svg
G43873MM.svg
G44328YA.svg
G44816NL.svg
G45414WP.svg
G47186PA.svg
G47242QB.svg
G47596RR.svg
G48879CK.svg
G49401NP.svg
G49481UE.svg
G50626AY.svg
G51074KT.svg
G51168MK.svg
G52268EM.svg
G52596KQ.svg
G53786US.svg
G55396WO.svg
G55483AO.svg
G55533VB.svg
G55747LQ.svg
G55992IN.svg
G55992JL.svg
G56427QU.svg
G57329WU.svg
G58483GX.svg
G60683IM.svg
G60972PW.svg
G60975OY.svg
G63247UK.svg
G63692BY.svg
G64741WD.svg
G64936OS.svg
G65307KA.svg
G66044FT.svg
G66376MI.svg
G66660TW.svg
G67212PG.svg
G67612NO.svg
G69046CR.svg
G71060QS.svg
G71794ZO.svg
G72043OX.svg
G73663PS.svg
G73694HY.svg
G73852BH.svg
G74368SI.svg
G74685UW.svg
G75554MB.svg
G76088UW.svg
G76345AA.svg
G76459TW.svg
G76646HT.svg
G76705YY.svg
G76887WW.svg
G77281QV.svg
G77325FG.svg
G78085XU.svg
G78909JC.svg
G79835GX.svg
G80647PR.svg
G81096RM.svg
G81295TF.svg
G81443QG.svg
G82273ZM.svg
G82390HZ.svg
G82557QP.svg
G83697UR.svg
G84594DA.svg
G85862JT.svg
G86083QZ.svg
G87103CK.svg
G87440IH.svg
G87544CM.svg
G92009KQ.svg
G92279MO.svg
G92442AF.svg
G93711GC.svg
G95627ZE.svg
G96677EZ.svg
G96931TH.svg
G97570UX.svg
G97967SD.svg
G98539YZ.svg
G98733QZ.svg
G98865RQ.svg
G99617FT.svg
G99883ZA.svg
