
Using a list (./data/und/files.lst) of input files

GlycoCT input file is ./data/und/G00249IY.txt

finding root residue ..
GlycoCT input file is ./data/und/G00553AN.txt

finding root residue ..
GlycoCT input file is ./data/und/G00800WJ.txt

finding root residue ..
GlycoCT input file is ./data/und/G01223AA.txt

finding root residue ..
GlycoCT input file is ./data/und/G01543ZX.txt

finding root residue ..
GlycoCT input file is ./data/und/G01817YC.txt

finding root residue ..
GlycoCT input file is ./data/und/G02402FF.txt

finding root residue ..
GlycoCT input file is ./data/und/G03081ER.txt

finding root residue ..
GlycoCT input file is ./data/und/G03195HW.txt

finding root residue ..
GlycoCT input file is ./data/und/G03984TW.txt

finding root residue ..
GlycoCT input file is ./data/und/G04595ZA.txt

finding root residue ..
GlycoCT input file is ./data/und/G04689DA.txt

finding root residue ..
GlycoCT input file is ./data/und/G04959WS.txt

finding root residue ..
GlycoCT input file is ./data/und/G05395FV.txt

finding root residue ..
GlycoCT input file is ./data/und/G05850WN.txt

finding root residue ..
GlycoCT input file is ./data/und/G05953WP.txt

finding root residue ..
GlycoCT input file is ./data/und/G06215XQ.txt

finding root residue ..
GlycoCT input file is ./data/und/G06601SQ.txt

finding root residue ..
GlycoCT input file is ./data/und/G06707ZH.txt

finding root residue ..
GlycoCT input file is ./data/und/G08011QI.txt

finding root residue ..
GlycoCT input file is ./data/und/G08378WD.txt

finding root residue ..
GlycoCT input file is ./data/und/G08577PR.txt

finding root residue ..
GlycoCT input file is ./data/und/G08712ES.txt

finding root residue ..
GlycoCT input file is ./data/und/G10601XM.txt

finding root residue ..
GlycoCT input file is ./data/und/G10898KH.txt

finding root residue ..
GlycoCT input file is ./data/und/G11254FL.txt

finding root residue ..
GlycoCT input file is ./data/und/G11450PA.txt

finding root residue ..
GlycoCT input file is ./data/und/G11528MV.txt

finding root residue ..
GlycoCT input file is ./data/und/G11948QD.txt

finding root residue ..
GlycoCT input file is ./data/und/G12604EW.txt

finding root residue ..
GlycoCT input file is ./data/und/G12708JQ.txt

finding root residue ..
GlycoCT input file is ./data/und/G13661YX.txt

finding root residue ..
GlycoCT input file is ./data/und/G13849JB.txt

finding root residue ..
GlycoCT input file is ./data/und/G13991MC.txt

finding root residue ..
GlycoCT input file is ./data/und/G14176QY.txt

finding root residue ..
GlycoCT input file is ./data/und/G14199EY.txt

finding root residue ..
GlycoCT input file is ./data/und/G14244NF.txt

finding root residue ..
GlycoCT input file is ./data/und/G14389GM.txt

finding root residue ..
GlycoCT input file is ./data/und/G14548ZL.txt

finding root residue ..
GlycoCT input file is ./data/und/G14882EB.txt

finding root residue ..
GlycoCT input file is ./data/und/G15365AE.txt

finding root residue ..
GlycoCT input file is ./data/und/G15791TK.txt

finding root residue ..
GlycoCT input file is ./data/und/G15956KF.txt

finding root residue ..
GlycoCT input file is ./data/und/G16758MX.txt

finding root residue ..
GlycoCT input file is ./data/und/G16808DC.txt

finding root residue ..
GlycoCT input file is ./data/und/G17205DU.txt

finding root residue ..
GlycoCT input file is ./data/und/G18013WR.txt

finding root residue ..
GlycoCT input file is ./data/und/G18211PK.txt

finding root residue ..
GlycoCT input file is ./data/und/G18960KY.txt

finding root residue ..
GlycoCT input file is ./data/und/G19099PA.txt

finding root residue ..
GlycoCT input file is ./data/und/G21001NA.txt

finding root residue ..
GlycoCT input file is ./data/und/G21218WO.txt

finding root residue ..
GlycoCT input file is ./data/und/G21327TO.txt

finding root residue ..
GlycoCT input file is ./data/und/G21986MJ.txt

finding root residue ..
GlycoCT input file is ./data/und/G22137OG.txt

finding root residue ..
GlycoCT input file is ./data/und/G22511DQ.txt

finding root residue ..
GlycoCT input file is ./data/und/G22674CI.txt

finding root residue ..
GlycoCT input file is ./data/und/G22721QX.txt

finding root residue ..
GlycoCT input file is ./data/und/G22859OA.txt

finding root residue ..
GlycoCT input file is ./data/und/G23437PF.txt

finding root residue ..
GlycoCT input file is ./data/und/G23695IQ.txt

finding root residue ..
GlycoCT input file is ./data/und/G24131KD.txt

finding root residue ..
GlycoCT input file is ./data/und/G24132CP.txt

finding root residue ..
GlycoCT input file is ./data/und/G24202BK.txt

finding root residue ..
GlycoCT input file is ./data/und/G24501HF.txt

finding root residue ..
GlycoCT input file is ./data/und/G24897QX.txt

finding root residue ..
GlycoCT input file is ./data/und/G25180HQ.txt

finding root residue ..
GlycoCT input file is ./data/und/G25386IJ.txt

finding root residue ..
GlycoCT input file is ./data/und/G25495RY.txt

finding root residue ..
GlycoCT input file is ./data/und/G25713RA.txt

finding root residue ..
GlycoCT input file is ./data/und/G26014MK.txt

finding root residue ..
GlycoCT input file is ./data/und/G26076FX.txt

finding root residue ..
GlycoCT input file is ./data/und/G26164VG.txt

finding root residue ..
GlycoCT input file is ./data/und/G26267FS.txt

finding root residue ..
GlycoCT input file is ./data/und/G26335RK.txt

finding root residue ..
GlycoCT input file is ./data/und/G26371XR.txt

finding root residue ..
GlycoCT input file is ./data/und/G26777RD.txt

finding root residue ..
GlycoCT input file is ./data/und/G26896YH.txt

finding root residue ..
GlycoCT input file is ./data/und/G27290LL.txt

finding root residue ..
GlycoCT input file is ./data/und/G27310MQ.txt

finding root residue ..
GlycoCT input file is ./data/und/G28003YJ.txt

finding root residue ..
GlycoCT input file is ./data/und/G28362DW.txt

finding root residue ..
GlycoCT input file is ./data/und/G28387ZC.txt

finding root residue ..
GlycoCT input file is ./data/und/G29721UX.txt

finding root residue ..
GlycoCT input file is ./data/und/G29783JJ.txt

finding root residue ..
GlycoCT input file is ./data/und/G30048DT.txt

finding root residue ..
GlycoCT input file is ./data/und/G30838QM.txt

finding root residue ..
GlycoCT input file is ./data/und/G30939HN.txt

finding root residue ..
GlycoCT input file is ./data/und/G31118FR.txt

finding root residue ..
GlycoCT input file is ./data/und/G31153XO.txt

finding root residue ..
GlycoCT input file is ./data/und/G31372JR.txt

finding root residue ..
GlycoCT input file is ./data/und/G31618AH.txt

finding root residue ..
GlycoCT input file is ./data/und/G31838XA.txt

finding root residue ..
GlycoCT input file is ./data/und/G32246SI.txt

finding root residue ..
GlycoCT input file is ./data/und/G32671AN.txt

finding root residue ..
GlycoCT input file is ./data/und/G32854GF.txt

finding root residue ..
GlycoCT input file is ./data/und/G33785ND.txt

finding root residue ..
GlycoCT input file is ./data/und/G34306IB.txt

finding root residue ..
GlycoCT input file is ./data/und/G35211AB.txt

finding root residue ..
GlycoCT input file is ./data/und/G35364KM.txt

finding root residue ..
GlycoCT input file is ./data/und/G35687VS.txt

finding root residue ..
GlycoCT input file is ./data/und/G36134VO.txt

finding root residue ..
GlycoCT input file is ./data/und/G36167NI.txt

finding root residue ..
GlycoCT input file is ./data/und/G37588ZB.txt

finding root residue ..
GlycoCT input file is ./data/und/G37868ZX.txt

finding root residue ..
GlycoCT input file is ./data/und/G38349VC.txt

finding root residue ..
GlycoCT input file is ./data/und/G38946SH.txt

finding root residue ..
GlycoCT input file is ./data/und/G39172SO.txt

finding root residue ..
GlycoCT input file is ./data/und/G39229GR.txt

finding root residue ..
GlycoCT input file is ./data/und/G39841VH.txt

finding root residue ..
GlycoCT input file is ./data/und/G39945EK.txt

finding root residue ..
GlycoCT input file is ./data/und/G39952PY.txt

finding root residue ..
GlycoCT input file is ./data/und/G40012WS.txt

finding root residue ..
GlycoCT input file is ./data/und/G40124HY.txt

finding root residue ..
GlycoCT input file is ./data/und/G41405QQ.txt

finding root residue ..
GlycoCT input file is ./data/und/G42081JA.txt

finding root residue ..
GlycoCT input file is ./data/und/G42735RP.txt

finding root residue ..
GlycoCT input file is ./data/und/G42826YI.txt

finding root residue ..
GlycoCT input file is ./data/und/G42832NT.txt

finding root residue ..
GlycoCT input file is ./data/und/G43549OX.txt

finding root residue ..
GlycoCT input file is ./data/und/G43753QH.txt

finding root residue ..
GlycoCT input file is ./data/und/G43947VZ.txt

finding root residue ..
GlycoCT input file is ./data/und/G43953LS.txt

finding root residue ..
GlycoCT input file is ./data/und/G44121LY.txt

finding root residue ..
GlycoCT input file is ./data/und/G44369QM.txt

finding root residue ..
GlycoCT input file is ./data/und/G44413JJ.txt

finding root residue ..
GlycoCT input file is ./data/und/G44576HQ.txt

finding root residue ..
GlycoCT input file is ./data/und/G44659VQ.txt

finding root residue ..
GlycoCT input file is ./data/und/G44905SX.txt

finding root residue ..
GlycoCT input file is ./data/und/G45045RU.txt

finding root residue ..
GlycoCT input file is ./data/und/G45116BB.txt

finding root residue ..
GlycoCT input file is ./data/und/G45238KD.txt

finding root residue ..
GlycoCT input file is ./data/und/G45495MK.txt

finding root residue ..
GlycoCT input file is ./data/und/G45841FE.txt

finding root residue ..
GlycoCT input file is ./data/und/G46720ZO.txt

finding root residue ..
GlycoCT input file is ./data/und/G46754UW.txt

finding root residue ..
GlycoCT input file is ./data/und/G46759WS.txt

finding root residue ..
GlycoCT input file is ./data/und/G46923KZ.txt

finding root residue ..
GlycoCT input file is ./data/und/G47299BP.txt

finding root residue ..
GlycoCT input file is ./data/und/G47909JD.txt

finding root residue ..
GlycoCT input file is ./data/und/G48409OW.txt

finding root residue ..
GlycoCT input file is ./data/und/G48712ZJ.txt

finding root residue ..
GlycoCT input file is ./data/und/G48787LE.txt

finding root residue ..
GlycoCT input file is ./data/und/G49467LT.txt

finding root residue ..
GlycoCT input file is ./data/und/G49991UY.txt

finding root residue ..
GlycoCT input file is ./data/und/G50707YR.txt

finding root residue ..
GlycoCT input file is ./data/und/G50903RY.txt

finding root residue ..
GlycoCT input file is ./data/und/G51177EP.txt

finding root residue ..
GlycoCT input file is ./data/und/G51369CD.txt

finding root residue ..
GlycoCT input file is ./data/und/G51471ON.txt

finding root residue ..
GlycoCT input file is ./data/und/G51497BL.txt

finding root residue ..
GlycoCT input file is ./data/und/G51623PN.txt

finding root residue ..
GlycoCT input file is ./data/und/G51705EB.txt

finding root residue ..
GlycoCT input file is ./data/und/G52003QG.txt

finding root residue ..
GlycoCT input file is ./data/und/G52126RR.txt

finding root residue ..
GlycoCT input file is ./data/und/G52603AI.txt

finding root residue ..
GlycoCT input file is ./data/und/G52776UT.txt

finding root residue ..
GlycoCT input file is ./data/und/G52782YT.txt

finding root residue ..
GlycoCT input file is ./data/und/G53492UE.txt

finding root residue ..
GlycoCT input file is ./data/und/G53604QR.txt

finding root residue ..
GlycoCT input file is ./data/und/G53725UB.txt

finding root residue ..
GlycoCT input file is ./data/und/G53965RU.txt

finding root residue ..
GlycoCT input file is ./data/und/G54422SY.txt

finding root residue ..
GlycoCT input file is ./data/und/G54639VI.txt

finding root residue ..
GlycoCT input file is ./data/und/G54652ZD.txt

finding root residue ..
GlycoCT input file is ./data/und/G54682XF.txt

finding root residue ..
GlycoCT input file is ./data/und/G54696PD.txt

finding root residue ..
GlycoCT input file is ./data/und/G54904QW.txt

finding root residue ..
GlycoCT input file is ./data/und/G55504WE.txt

finding root residue ..
GlycoCT input file is ./data/und/G56069TX.txt

finding root residue ..
GlycoCT input file is ./data/und/G56501FP.txt

finding root residue ..
GlycoCT input file is ./data/und/G56809XB.txt

finding root residue ..
GlycoCT input file is ./data/und/G57153UY.txt

finding root residue ..
GlycoCT input file is ./data/und/G57789QC.txt

finding root residue ..
GlycoCT input file is ./data/und/G58063ME.txt

finding root residue ..
GlycoCT input file is ./data/und/G58229BR.txt

finding root residue ..
GlycoCT input file is ./data/und/G58232MG.txt

finding root residue ..
GlycoCT input file is ./data/und/G58268WC.txt

finding root residue ..
GlycoCT input file is ./data/und/G58444TO.txt

finding root residue ..
GlycoCT input file is ./data/und/G58481XO.txt

finding root residue ..
GlycoCT input file is ./data/und/G58848QS.txt

finding root residue ..
GlycoCT input file is ./data/und/G59576IJ.txt

finding root residue ..
GlycoCT input file is ./data/und/G59821FL.txt

finding root residue ..
GlycoCT input file is ./data/und/G60496YL.txt

finding root residue ..
GlycoCT input file is ./data/und/G60542VK.txt

finding root residue ..
GlycoCT input file is ./data/und/G60984DZ.txt

finding root residue ..
GlycoCT input file is ./data/und/G61170KL.txt

finding root residue ..
GlycoCT input file is ./data/und/G61505ZR.txt

finding root residue ..
GlycoCT input file is ./data/und/G61726TP.txt

finding root residue ..
GlycoCT input file is ./data/und/G61894MD.txt

finding root residue ..
GlycoCT input file is ./data/und/G61937QU.txt

finding root residue ..
GlycoCT input file is ./data/und/G62091GQ.txt

finding root residue ..
GlycoCT input file is ./data/und/G62768NK.txt

finding root residue ..
GlycoCT input file is ./data/und/G62837IG.txt

finding root residue ..
GlycoCT input file is ./data/und/G63046OH.txt

finding root residue ..
GlycoCT input file is ./data/und/G63640QH.txt

finding root residue ..
GlycoCT input file is ./data/und/G63976LA.txt

finding root residue ..
GlycoCT input file is ./data/und/G64076LG.txt

finding root residue ..
GlycoCT input file is ./data/und/G64411TU.txt

finding root residue ..
GlycoCT input file is ./data/und/G65365UP.txt

finding root residue ..
GlycoCT input file is ./data/und/G65550TC.txt

finding root residue ..
GlycoCT input file is ./data/und/G65896IX.txt

finding root residue ..
GlycoCT input file is ./data/und/G66377OH.txt

finding root residue ..
GlycoCT input file is ./data/und/G66504LK.txt

finding root residue ..
GlycoCT input file is ./data/und/G66751BK.txt

finding root residue ..
GlycoCT input file is ./data/und/G67196QU.txt

finding root residue ..
GlycoCT input file is ./data/und/G67381VP.txt

finding root residue ..
GlycoCT input file is ./data/und/G67656PN.txt

finding root residue ..
GlycoCT input file is ./data/und/G67971GL.txt

finding root residue ..
GlycoCT input file is ./data/und/G68698AP.txt

finding root residue ..
GlycoCT input file is ./data/und/G68866GS.txt

finding root residue ..
GlycoCT input file is ./data/und/G68969GZ.txt

finding root residue ..
GlycoCT input file is ./data/und/G71071YT.txt

finding root residue ..
GlycoCT input file is ./data/und/G71527NE.txt

finding root residue ..
GlycoCT input file is ./data/und/G71549MK.txt

finding root residue ..
GlycoCT input file is ./data/und/G71919QK.txt

finding root residue ..
GlycoCT input file is ./data/und/G74111QE.txt

finding root residue ..
GlycoCT input file is ./data/und/G74239ZQ.txt

finding root residue ..
GlycoCT input file is ./data/und/G74311PB.txt

finding root residue ..
GlycoCT input file is ./data/und/G74320MK.txt

finding root residue ..
GlycoCT input file is ./data/und/G74910CR.txt

finding root residue ..
GlycoCT input file is ./data/und/G75052YA.txt

finding root residue ..
GlycoCT input file is ./data/und/G75798PH.txt

finding root residue ..
GlycoCT input file is ./data/und/G75977KH.txt

finding root residue ..
GlycoCT input file is ./data/und/G76519VT.txt

finding root residue ..
GlycoCT input file is ./data/und/G77122IZ.txt

finding root residue ..
GlycoCT input file is ./data/und/G77149EE.txt

finding root residue ..
GlycoCT input file is ./data/und/G77177HT.txt

finding root residue ..
GlycoCT input file is ./data/und/G77282MO.txt

finding root residue ..
GlycoCT input file is ./data/und/G77805RB.txt

finding root residue ..
GlycoCT input file is ./data/und/G78019KD.txt

finding root residue ..
GlycoCT input file is ./data/und/G78454JO.txt

finding root residue ..
GlycoCT input file is ./data/und/G78644BR.txt

finding root residue ..
GlycoCT input file is ./data/und/G79089EU.txt

finding root residue ..
GlycoCT input file is ./data/und/G79473WX.txt

finding root residue ..
GlycoCT input file is ./data/und/G79564YR.txt

finding root residue ..
GlycoCT input file is ./data/und/G79745PG.txt

finding root residue ..
GlycoCT input file is ./data/und/G79939YZ.txt

finding root residue ..
GlycoCT input file is ./data/und/G80678MA.txt

finding root residue ..
GlycoCT input file is ./data/und/G80759CD.txt

finding root residue ..
GlycoCT input file is ./data/und/G81247ZO.txt

finding root residue ..
GlycoCT input file is ./data/und/G81282CC.txt

finding root residue ..
GlycoCT input file is ./data/und/G81413UE.txt

finding root residue ..
GlycoCT input file is ./data/und/G82020ZR.txt

finding root residue ..
GlycoCT input file is ./data/und/G82138AT.txt

finding root residue ..
GlycoCT input file is ./data/und/G82514MH.txt

finding root residue ..
GlycoCT input file is ./data/und/G82763XK.txt

finding root residue ..
GlycoCT input file is ./data/und/G83009TH.txt

finding root residue ..
GlycoCT input file is ./data/und/G83213GG.txt

finding root residue ..
GlycoCT input file is ./data/und/G83252PW.txt

finding root residue ..
GlycoCT input file is ./data/und/G83386PJ.txt

finding root residue ..
GlycoCT input file is ./data/und/G84155GY.txt

finding root residue ..
GlycoCT input file is ./data/und/G84331QL.txt

finding root residue ..
GlycoCT input file is ./data/und/G84362VL.txt

finding root residue ..
GlycoCT input file is ./data/und/G85095TB.txt

finding root residue ..
GlycoCT input file is ./data/und/G85196QC.txt

finding root residue ..
GlycoCT input file is ./data/und/G85737WG.txt

finding root residue ..
GlycoCT input file is ./data/und/G86414TE.txt

finding root residue ..
GlycoCT input file is ./data/und/G86503RS.txt

finding root residue ..
GlycoCT input file is ./data/und/G86632ZU.txt

finding root residue ..
GlycoCT input file is ./data/und/G86705PH.txt

finding root residue ..
GlycoCT input file is ./data/und/G87433AX.txt

finding root residue ..
GlycoCT input file is ./data/und/G87618BG.txt

finding root residue ..
GlycoCT input file is ./data/und/G87947EJ.txt

finding root residue ..
GlycoCT input file is ./data/und/G88455FN.txt

finding root residue ..
GlycoCT input file is ./data/und/G89370FG.txt

finding root residue ..
GlycoCT input file is ./data/und/G89664KV.txt

finding root residue ..
GlycoCT input file is ./data/und/G90352XZ.txt

finding root residue ..
GlycoCT input file is ./data/und/G90443NH.txt

finding root residue ..
GlycoCT input file is ./data/und/G90717TP.txt

finding root residue ..
GlycoCT input file is ./data/und/G90789YQ.txt

finding root residue ..
GlycoCT input file is ./data/und/G91471TQ.txt

finding root residue ..
GlycoCT input file is ./data/und/G91623TN.txt

finding root residue ..
GlycoCT input file is ./data/und/G92188CK.txt

finding root residue ..
GlycoCT input file is ./data/und/G92337QR.txt

finding root residue ..
GlycoCT input file is ./data/und/G93141AZ.txt

finding root residue ..
GlycoCT input file is ./data/und/G93856AJ.txt

finding root residue ..
GlycoCT input file is ./data/und/G93993PD.txt

finding root residue ..
GlycoCT input file is ./data/und/G93999ON.txt

finding root residue ..
GlycoCT input file is ./data/und/G94373HA.txt

finding root residue ..
GlycoCT input file is ./data/und/G96079KC.txt

finding root residue ..
GlycoCT input file is ./data/und/G96095QD.txt

finding root residue ..
GlycoCT input file is ./data/und/G96894DL.txt

finding root residue ..
GlycoCT input file is ./data/und/G98425JK.txt

finding root residue ..
GlycoCT input file is ./data/und/G98455QP.txt

finding root residue ..
GlycoCT input file is ./data/und/G98666DD.txt

finding root residue ..
GlycoCT input file is ./data/und/G98961TI.txt

finding root residue ..
GlycoCT input file is ./data/und/G99035PG.txt

finding root residue ..
GlycoCT input file is ./data/und/G99952ON.txt

finding root residue ..