G00025YC
G00026MO
G00028MO
G00029MO
G00030MO
G00167VE
G00176HZ
G00219DO
G00221CZ
G00227RN
G00230CO
G00231WL
G00249IY
G00279YF
G00281HB
G00318AV
G00396IE
G00413UF
G00432WV
G00451UT
G00463XD
G00470UO
G00492CQ
G00503EE
G00504PK
G00531ZU
G00536FZ
G00551JZ
G00553AN
G00565QJ
G00582VL
G00594AV
G00606LX
G00629YK
G00695JO
G00706QN
G00743WU
G00747UC
G00797ZX
G00800WJ
G00805TZ
G00814BW
G00830CM
G00868ZN
G00875VP
G00883ZT
G00951UF
G00955WX
G00978TF
G00982CE
G00986YT
G00995HW
G00998NI
G01077MO
G01120GS
G01178HS
G01180ZJ
G01223AA
G01268DU
G01310VF
G01342FO
G01361CV
G01364WM
G01367ZS
G01378OV
G01414CL
G01450UB
G01476WA
G01489UZ
G01543ZX
G01587DQ
G01600VV
G01606CH
G01613KN
G01654FP
G01659NO
G01669LU
G01670UQ
G01726PL
G01769FS
G01791PK
G01817YC
G01855OX
G01856RL
G01912QV
G01935FK
G01954BU
G01962RN
G02000AU
G02050BR
G02122FK
G02156UW
G02193CV
G02251YG
G02280UH
G02284UY
G02290KA
G02310VX
G02311IE
G02322JK
G02397SF
G02402FF
G02410EE
G02456AL
G02470WS
G02471GW
G02473HY
G02483WT
G02558LA
G02561FC
G02582JY
G02624IW
G02654EL
G02661MY
G02679YX
G02760XH
G02786XX
G02915XR
G02923VP
G02934UB
G02945KQ
G03015LB
G03075ZE
G03081ER
G03109ER
G03127AL
G03151MA
G03164NE
G03165SD
G03195HW
G03196WF
G03216SJ
G03272YQ
G03275SD
G03346FO
G03385XG
G03399GQ
G03430DD
G03431NA
G03436RQ
G03445UI
G03479ZN
G03481FE
G03512HG
G03546AH
G03584KV
G03605AV
G03627JT
G03652TR
G03700EN
G03706EO
G03740OH
G03749EO
G03754YM
G03764XL
G03802LT
G03834RX
G03860PZ
G03889MY
G03895SR
G03913NS
G03917QY
G03921DY
G03948VT
G03951JJ
G03984TW
G04023GJ
G04048YA
G04077XA
G04146DI
G04171XX
G04209KR
G04216GB
G04267HE
G04273XP
G04286YE
G04423CA
G04445KN
G04448SK
G04483SK
G04508HC
G04561MG
G04576KS
G04595ZA
G04622LK
G04678VQ
G04689DA
G04699RP
G04715AF
G04744XB
G04751OE
G04775TV
G04791QM
G04820ZR
G04823YN
G04855ZO
G04861MP
G04873JX
G04909DG
G04930QT
G04951KA
G04959WS
G04989WY
G05026ZL
G05027SR
G05098FE
G05140WY
G05187WH
G05203UQ
G05229BF
G05241IE
G05260RH
G05279MG
G05312EE
G05319BS
G05360PA
G05365PX
G05382JE
G05395FV
G05421KO
G05454SP
G05478GN
G05511KY
G05562XX
G05610JO
G05611SB
G05619KO
G05642HQ
G05744AS
G05751AZ
G05763EW
G05794RZ
G05797TN
G05850WN
G05915UH
G05948HK
G05950HG
G05951JM
G05953WP
G05979RR
G05982NR
G06070KG
G06070ZH
G06098SY
G06100EH
G06100NA
G06131JN
G06131VP
G06191GU
G06192YD
G06209KS
G06215XQ
G06216UH
G06276SU
G06285KB
G06404ZJ
G06422VO
G06437BU
G06442NS
G06445CC
G06534UH
G06578MY
G06601SQ
G06635WE
G06642AP
G06656BE
G06673TD
G06707ZH
G06728MM
G06730AH
G06731AE
G06772YH
G06820QR
G06830II
G06830JN
G06878CS
G06900UR
G06920GM
G06921UA
G06928XT
G06969ZX
G07003AA
G07041CT
G07097VH
G07137NF
G07162IJ
G07169PS
G07176JO
G07228BR
G07262RR
G07265CE
G07292LK
G07328EF
G07337US
G07380TS
G07392QY
G07410AW
G07483YN
G07493GF
G07617FP
G07668UR
G07672VG
G07682NT
G07682PQ
G07695ZT
G07699XI
G07703ST
G07783DH
G07842DQ
G07863NE
G07929VT
G07947TY
G07982BU
G07995VK
G08011QI
G08096ND
G08111FJ
G08113XU
G08146BT
G08161JQ
G08185DV
G08242BT
G08378WD
G08380AT
G08439GP
G08482AW
G08492JZ
G08520NM
G08527WT
G08570LJ
G08577PR
G08577ZR
G08606CV
G08646YJ
G08673AT
G08679LR
G08681CU
G08709JB
G08712ES
G08820NR
G08866CW
G08882LF
G08896RO
G08916CY
G08939IS
G09020HN
G09057LN
G09057YJ
G09060YK
G09115OQ
G09118YK
G09125WG
G09131WF
G09150LP
G09173AD
G09176OA
G09212KV
G09260EL
G09276TA
G09322OS
G09349XQ
G09362VG
G09393NL
G09394JN
G09397UV
G09405BO
G09416DG
G09446VC
G09482NW
G09494SH
G09513RD
G09556KR
G09568JT
G09576QH
G09601WV
G09633HU
G09635US
G09639SZ
G09650BK
G09650TB
G09666WO
G09670SR
G09684AX
G09724ZC
G09727XA
G09775CH
G09811YI
G09839ES
G09862LV
G09902CG
G09905HJ
G09921WG
G10008NR
G10073SM
G10106TL
G10108GZ
G10122RQ
G10182XZ
G10189EJ
G10209QU
G10219AA
G10228OD
G10254QG
G10258MC
G10292TC
G10300DY
G10374FO
G10417XF
G10421KO
G10470SE
G10471FG
G10483PN
G10578GY
G10601XM
G10609HO
G10617MG
G10627KR
G10664FL
G10666VQ
G10691MJ
G10733HY
G10770RR
G10820KD
G10835DD
G10844WB
G10845BX
G10859ES
G10874KI
G10881VB
G10898KH
G10944ZI
G10965EB
G10995NB
G10996NE
G11010AN
G11034PZ
G11041DA
G11058FS
G11165BC
G11176QN
G11254FL
G11278YL
G11324RD
G11329LI
G11350UX
G11392CL
G11450PA
G11453BM
G11460AB
G11479AN
G11509RN
G11528MV
G11535IB
G11561RV
G11571JL
G11635LG
G11637WL
G11671GQ
G11688DS
G11696PX
G11700UP
G11800WA
G11801TI
G11865ZE
G11908FF
G11929SN
G11942BB
G11948QD
G11960UF
G11974GJ
G11994QC
G12029OZ
G12061IK
G12098PC
G12110NN
G12143FS
G12150CK
G12222NC
G12338DQ
G12352RJ
G12360RT
G12398HZ
G12417OE
G12436UO
G12438DW
G12479WC
G12511VU
G12524BD
G12576FD
G12593TX
G12594VB
G12604EW
G12643ES
G12655NI
G12683SW
G12708JQ
G12715AH
G12746TT
G12775RU
G12866IA
G12878NK
G12932QT
G12953IP
G12968JL
G13068CJ
G13074BX
G13113SB
G13135UM
G13151XE
G13156PQ
G13165FV
G13168NE
G13197FM
G13210XL
G13257IK
G13267ZY
G13282WA
G13290KJ
G13291XJ
G13292BE
G13346MU
G13366MT
G13397YQ
G13441KG
G13454LA
G13495RN
G13500HV
G13515ZY
G13537KO
G13541NC
G13563KX
G13583BZ
G13592VY
G13614FV
G13631VW
G13659RH
G13661YX
G13672YG
G13744OG
G13782TA
G13836YR
G13849JB
G13849YJ
G13968YX
G13991MC
G14015IL
G14020CV
G14023ZV
G14037WI
G14038LZ
G14047PA
G14127XU
G14176QY
G14190WK
G14199EY
G14232GJ
G14233VW
G14244NF
G14343MU
G14358WN
G14367JE
G14389GM
G14393TF
G14438ZT
G14462MX
G14492PU
G14520ZO
G14522GP
G14548ZL
G14567OB
G14572XX
G14576KZ
G14606UO
G14696LD
G14727CI
G14782PJ
G14809NR
G14843XQ
G14854WL
G14882EB
G14889WU
G14948VS
G14985NB
G14996IQ
G14998UC
G15016TE
G15112UU
G15198VK
G15216UP
G15320FW
G15327MX
G15355KC
G15365AE
G15369VN
G15410OI
G15527QL
G15560RP
G15571KX
G15577DT
G15631YF
G15683CN
G15687DE
G15747DD
G15791TK
G15828HX
G15828WB
G15893YJ
G15938BX
G15956KF
G15998WM
G16117GO
G16119YF
G16122GW
G16150CJ
G16155TD
G16204NU
G16233TX
G16265MV
G16344ZG
G16397GM
G16403CC
G16411DN
G16441MS
G16444ZD
G16481GK
G16504VB
G16523AO
G16529MG
G16536EO
G16546ZZ
G16600BL
G16633VX
G16679DU
G16733YD
G16743OM
G16758MX
G16759KR
G16774YZ
G16778ZK
G16808DC
G16828VN
G16873YG
G16883LE
G16928QI
G16933JU
G17153CQ
G17155VX
G17164DX
G17168RO
G17171MV
G17172ZR
G17205DU
G17207FU
G17213JF
G17264LS
G17317UL
G17322KJ
G17336WC
G17342OD
G17348SA
G17389EH
G17389UM
G17409FQ
G17410PS
G17413FR
G17431SG
G17441MI
G17458AD
G17473NR
G17536AW
G17540HT
G17541OC
G17547KJ
G17568ZS
G17644VM
G17652MS
G17661OZ
G17689DH
G17697SQ
G17751ZM
G17804IQ
G17820VB
G17848HM
G17857ZF
G17875TE
G17893UF
G17921KR
G17921VC
G17960CK
G17964DY
G17964XN
G17968CJ
G17977UE
G17978LE
G17996ZO
G18013WR
G18026EK
G18074MS
G18094KF
G18160VJ
G18165XJ
G18188WJ
G18196JE
G18211PK
G18219CJ
G18223CA
G18360DA
G18410AS
G18410UY
G18510WC
G18578CO
G18584GW
G18609BT
G18619IO
G18627LZ
G18650TA
G18695SG
G18720ZB
G18768EK
G18808AB
G18869TR
G18890TE
G18913QB
G18938DW
G18947DS
G18948TG
G18960KY
G18995DL
G19019TY
G19023UQ
G19099PA
G19104OH
G19106CR
G19242QH
G19243JM
G19243TV
G19287UY
G19310VN
G19353SW
G19370RO
G19444JC
G19447ZX
G19469VZ
G19490DN
G19520XO
G19537TS
G19541IU
G19588HA
G19600YQ
G19607EP
G19615BB
G19626TP
G19652EM
G19687OL
G19726AG
G19747OA
G19805HY
G19826RH
G19841IT
G19914RN
G19958IL
G20030CU
G20079RG
G20096RP
G20170YB
G20173ZW
G20174ZL
G20218ZS
G20284VH
G20352YV
G20510FY
G20544CY
G20624LQ
G20636FS
G20662UG
G20692QU
G20697MN
G20724DU
G20751GZ
G20758LC
G20767LB
G20779SK
G20815TK
G20841PR
G20877ZV
G20881QF
G20883QG
G20894MY
G20926BB
G20956ZK
G20966IA
G20966TZ
G20983SP
G21001NA
G21005TQ
G21010YO
G21050RT
G21112KH
G21196UL
G21211KU
G21218WO
G21246OH
G21255ER
G21256CQ
G21257CI
G21284IS
G21311YA
G21319HP
G21327TO
G21359NQ
G21361AZ
G21380FF
G21415RL
G21448NW
G21454AE
G21459ST
G21514JX
G21573FN
G21676JO
G21737WY
G21746MX
G21756MV
G21803EF
G21823MR
G21982KM
G21986MJ
G22048BB
G22079SE
G22098NU
G22117HL
G22117NA
G22137OG
G22140GZ
G22159OA
G22163FP
G22208HN
G22220FW
G22237ZE
G22246QW
G22313SX
G22330AF
G22340YC
G22426TD
G22427ZK
G22458MN
G22483YL
G22493AJ
G22508JZ
G22511DQ
G22511QL
G22538PK
G22550VJ
G22558JP
G22562DG
G22632KM
G22658BN
G22674CI
G22721QX
G22728HO
G22747ZM
G22768VO
G22826KU
G22836DF
G22859OA
G22865RK
G22868LW
G22898PA
G22914HB
G22927MQ
G22949KX
G22979QH
G22981GY
G23024PQ
G23087XI
G23099XP
G23109YO
G23166NU
G23212XQ
G23280RB
G23295TF
G23296IL
G23305TF
G23340ZN
G23345GE
G23399NX
G23416CI
G23419AQ
G23437PF
G23484GM
G23546LY
G23562WJ
G23577TY
G23593WY
G23616ZX
G23623ST
G23626NI
G23661JI
G23667EF
G23695IQ
G23718VU
G23722TU
G23817OE
G23824AT
G23901NY
G23927CE
G23949TZ
G23980PE
G24003BN
G24005JZ
G24068UY
G24095BS
G24122ZI
G24125FE
G24131KD
G24132CP
G24155DW
G24191XX
G24202BK
G24203XI
G24284KU
G24303GI
G24329OK
G24354CO
G24362DZ
G24366XJ
G24402OX
G24413UY
G24420RT
G24432GW
G24440EI
G24498DI
G24501HF
G24511TX
G24585JV
G24599MW
G24604HV
G24620AI
G24660HK
G24668UI
G24672GO
G24705DL
G24748QU
G24763HX
G24769QK
G24811FP
G24812WY
G24816DA
G24823MG
G24857RT
G24870CO
G24875YE
G24891EL
G24897QX
G24915WN
G24920KE
G24954RW
G25067TK
G25094QT
G25097RR
G25140TA
G25164FO
G25168RI
G25180HQ
G25297CU
G25326BM
G25328BM
G25350TT
G25386IJ
G25392ZR
G25407RZ
G25423CA
G25460BQ
G25471TG
G25495RY
G25497SH
G25505UF
G25520XG
G25534RX
G25605GB
G25703UN
G25713RA
G25731WL
G25781GZ
G25835MT
G25837HW
G25864LQ
G25890BU
G25902AL
G25939RB
G26014MK
G26018HD
G26030JN
G26068PU
G26076FX
G26121NN
G26144DH
G26164VG
G26182BM
G26189BB
G26246KG
G26264SQ
G26267FS
G26275JI
G26296KU
G26298FT
G26302TI
G26335RK
G26371XR
G26383OK
G26394UA
G26421QW
G26441EY
G26495GJ
G26534TO
G26557AV
G26600MH
G26624YG
G26629TM
G26644DW
G26684GN
G26730QM
G26768NU
G26775OX
G26777RD
G26877ST
G26881SV
G26896YH
G26918JY
G26935KA
G26939ZY
G26949IX
G26985YI
G27040MJ
G27067YD
G27102CT
G27110FB
G27122CE
G27165KO
G27170BX
G27188NC
G27251WT
G27273FD
G27290LL
G27300LL
G27304YR
G27310MQ
G27389SR
G27432KC
G27461ST
G27476HK
G27509ZF
G27561QX
G27620NL
G27669RW
G27719XP
G27763JP
G27776PG
G27817LK
G27826HM
G27844UM
G27874QL
G27919IH
G27929ZE
G27933RJ
G27946NT
G27983PC
G27993JQ
G28003YJ
G28103WK
G28128KH
G28156XV
G28176UJ
G28189ZX
G28298VW
G28330DZ
G28347RJ
G28360IT
G28362DW
G28387ZC
G28421RZ
G28436VD
G28459KM
G28483KD
G28493JL
G28536BG
G28550OD
G28579RV
G28635EM
G28659UB
G28663KH
G28677QR
G28698EI
G28723UT
G28747XN
G28751LD
G28839WC
G28863FI
G28896CL
G28936HJ
G28948UC
G28959FS
G28962GO
G29011JC
G29024OJ
G29097SS
G29109PM
G29130SY
G29159BL
G29188SG
G29228MX
G29255IL
G29271US
G29377XJ
G29407ZG
G29434RB
G29445ZK
G29449JO
G29461HI
G29483LI
G29500SJ
G29535RH
G29539MT
G29568VE
G29574TI
G29676WX
G29695SR
G29721UX
G29728RE
G29729BX
G29764SO
G29783JJ
G29797YX
G29850BY
G29857RC
G29884LW
G29895JE
G29898IW
G29905OR
G29969FK
G29972ZX
G30031SW
G30048DT
G30050UH
G30055GV
G30062BR
G30084YQ
G30085SO
G30106GO
G30109UP
G30140II
G30142LS
G30159WR
G30173RI
G30225PF
G30252GL
G30302VM
G30303UZ
G30309QX
G30439IP
G30460NZ
G30483FB
G30529FG
G30542PN
G30615JE
G30617IL
G30618VC
G30623ZE
G30633FJ
G30651IU
G30700VP
G30708CB
G30743QX
G30797DS
G30804AW
G30838QM
G30857WQ
G30888FF
G30901GC
G30915AU
G30939HN
G31019WF
G31021LA
G31026DI
G31032XG
G31037WG
G31118FR
G31153XO
G31186LT
G31223MN
G31254TP
G31316SG
G31341PC
G31372JR
G31429YW
G31438WA
G31515BE
G31532GK
G31540AF
G31559RO
G31561GU
G31565BP
G31576LD
G31587OK
G31606TH
G31618AH
G31627MW
G31632OD
G31639NG
G31674DQ
G31700GV
G31720WP
G31744OB
G31774SW
G31787HV
G31822CM
G31838XA
G31865AG
G31904ND
G31991IV
G31993QW
G32080QS
G32104JU
G32111TP
G32156ZV
G32179HL
G32201IL
G32205YW
G32211XJ
G32216QH
G32241HI
G32246SI
G32283ZK
G32305RZ
G32364DF
G32375YW
G32447FC
G32461GF
G32483HZ
G32510IZ
G32592IB
G32659RY
G32671AN
G32692TS
G32704TW
G32746QI
G32774AR
G32803SE
G32829EU
G32850ED
G32854GF
G32854OK
G32898UF
G32954SJ
G32974DS
G33019PZ
G33052EK
G33150PJ
G33174QG
G33225NX
G33230CR
G33233SX
G33241WC
G33251FY
G33262KR
G33262YZ
G33269XL
G33284WZ
G33320JS
G33370EK
G33438CM
G33452ME
G33522ME
G33608TH
G33653GT
G33671BL
G33685ZQ
G33721WT
G33734YD
G33742YO
G33780DA
G33785ND
G33788DD
G33841EB
G33842PB
G33876UV
G33909XJ
G33947BV
G33981FE
G34046HV
G34135IW
G34276SS
G34306IB
G34311UE
G34314SG
G34442SS
G34449FW
G34499SX
G34508UC
G34527RW
G34540VL
G34572TY
G34582DB
G34595KJ
G34650EM
G34753FI
G34754UR
G34821YB
G34838RM
G34861PV
G34875RO
G34905OT
G34914SZ
G34931KK
G34946TH
G34947FX
G34972BB
G35061TJ
G35096EN
G35111CK
G35150SV
G35174SC
G35211AB
G35231LE
G35242IF
G35257SQ
G35257UG
G35364KM
G35382VN
G35429JB
G35455OM
G35479XP
G35484EX
G35565NM
G35577EK
G35599NO
G35619UY
G35626TC
G35687VS
G35692YN
G35722YG
G35732LD
G35734AU
G35740ZG
G35747ZX
G35748HH
G35791OW
G35794UW
G35796VW
G35798GO
G35808UX
G35823EX
G35837ET
G35841YO
G35887PW
G35888BV
G35916SR
G35952BG
G35975NI
G36004BS
G36042WR
G36053YX
G36059IK
G36066DO
G36094SC
G36102LE
G36107HL
G36118RA
G36131WL
G36134VO
G36167NI
G36171JA
G36176RV
G36191CD
G36211GH
G36218DJ
G36221RT
G36223VW
G36225RM
G36306KM
G36348OS
G36362BK
G36366CN
G36426PE
G36436SB
G36437LH
G36519NW
G36521AS
G36521SZ
G36523TZ
G36533LR
G36551EV
G36581MF
G36598FV
G36701GV
G36727AR
G36747XY
G36834ZF
G36836GD
G36859SD
G36888AO
G36898CO
G36909MR
G36960FP
G36966DH
G36977EW
G36999JV
G37020YV
G37022BP
G37070WM
G37135JQ
G37140SO
G37162GZ
G37166HP
G37185WE
G37206AU
G37238KB
G37260FV
G37260VJ
G37276TY
G37284MY
G37304XT
G37306TB
G37310RN
G37320GX
G37369XO
G37442IW
G37476QB
G37485VW
G37488LQ
G37492BZ
G37552GO
G37588ZB
G37591JC
G37597FW
G37601IJ
G37605QB
G37626KE
G37626XQ
G37664BH
G37676KD
G37745NY
G37827FY
G37841NF
G37863SX
G37868ZX
G37969WK
G37986HU
G37997JT
G38022PE
G38047QV
G38115KZ
G38121JC
G38208CY
G38217AM
G38230YO
G38249IZ
G38267IW
G38271CW
G38291RB
G38297TU
G38322EG
G38349VC
G38362AS
G38371WW
G38395YJ
G38404PP
G38407UP
G38445HB
G38473PC
G38541LS
G38549YL
G38586WN
G38618HZ
G38638WU
G38655UZ
G38658JL
G38667ZB
G38738YC
G38753OV
G38756OC
G38849GM
G38883NU
G38883ZX
G38909RH
G38946SH
G38955TH
G38960EZ
G38997JB
G39018CC
G39020WZ
G39029JR
G39062YR
G39065HZ
G39089YD
G39172SO
G39213VZ
G39229GR
G39299DH
G39377DE
G39397SW
G39401OQ
G39431MA
G39437XQ
G39439UR
G39452ZZ
G39478RR
G39531LA
G39540XG
G39567LQ
G39570CO
G39578OU
G39585RN
G39595CR
G39600NF
G39601JQ
G39602UU
G39617JJ
G39631PS
G39758MG
G39764AC
G39794DN
G39809FW
G39810GC
G39813YP
G39841VH
G39856ST
G39887ME
G39893KL
G39917RN
G39943KJ
G39945EK
G39952PY
G39957VJ
G39992DR
G40012WS
G40013GE
G40027VO
G40045PY
G40065EM
G40124HY
G40142NX
G40173TB
G40194MN
G40198OD
G40200RC
G40245CP
G40268BC
G40289RO
G40343KH
G40353FS
G40358EZ
G40428GO
G40442UK
G40452FK
G40452ID
G40482NA
G40490KT
G40513EI
G40542QP
G40554DX
G40578SN
G40608DF
G40670DJ
G40702WU
G40786FB
G40900UQ
G40906DZ
G40909AN
G40915GX
G40998BL
G41014HY
G41036NU
G41081WD
G41120BJ
G41191PN
G41223DK
G41304KE
G41331JX
G41347IL
G41348RR
G41403MI
G41405AU
G41405QQ
G41440AQ
G41449ZD
G41455NO
G41510DX
G41576FY
G41690KS
G41708PN
G41711ZZ
G41720HN
G41731DX
G41739KR
G41742IZ
G41787AW
G41800OU
G41811VQ
G41817BL
G41821MR
G41824PC
G41865ZJ
G41912CL
G41929NX
G41937ED
G41953RN
G41981MA
G42039DE
G42081JA
G42096BU
G42110JE
G42139GR
G42262TV
G42264OV
G42295MA
G42305NI
G42306MH
G42322YV
G42358LZ
G42380GI
G42440OJ
G42460RM
G42493LZ
G42504VW
G42525DE
G42552PM
G42600SB
G42604PC
G42614NV
G42653GO
G42672MA
G42674LI
G42679AH
G42680EX
G42686NQ
G42713IF
G42713ZO
G42714PB
G42718VL
G42731RJ
G42735RP
G42772CJ
G42824AQ
G42826YI
G42832NT
G42846BO
G42862VU
G42929LX
G42944BA
G42962KI
G42970AZ
G42989XH
G43075NB
G43075VF
G43088GK
G43131ZX
G43137UY
G43157UW
G43159MH
G43164CL
G43216EX
G43299SD
G43301TW
G43320NB
G43325ZI
G43330ED
G43346PX
G43366RC
G43402RG
G43453KC
G43454VB
G43499QE
G43523KB
G43526DL
G43547MI
G43549OX
G43553YK
G43558RC
G43560SB
G43648DB
G43660IT
G43664YB
G43665PB
G43677TG
G43694RQ
G43753QH
G43761WH
G43814TV
G43832DJ
G43869EE
G43873MM
G43947VZ
G43953LS
G43984TE
G43997BS
G44027TT
G44031UD
G44046WQ
G44121LY
G44132BD
G44137YR
G44152CO
G44207BG
G44264DI
G44268RP
G44276EF
G44306ED
G44326UJ
G44339YF
G44361OH
G44364RM
G44369QM
G44413JJ
G44444MB
G44513XM
G44515AZ
G44533KV
G44541JO
G44547LX
G44572NU
G44576HQ
G44583JH
G44623TX
G44639PM
G44659VQ
G44688UB
G44697UD
G44723YJ
G44747CU
G44754DF
G44754IE
G44770ZI
G44782HB
G44825QL
G44826KU
G44842OK
G44865OQ
G44883NU
G44904UE
G44905SX
G44946WH
G44982ZA
G44988YY
G45036WQ
G45045RU
G45048TZ
G45071EF
G45104SZ
G45116BB
G45187EI
G45209NR
G45238KD
G45256SO
G45262QY
G45264AM
G45271AT
G45287IG
G45294YQ
G45300SB
G45303VF
G45359RY
G45411OE
G45420PL
G45426NO
G45442AV
G45454HN
G45470TI
G45475AS
G45481SB
G45495MK
G45498YC
G45533OY
G45560HM
G45598BE
G45603BW
G45661NA
G45700OA
G45711GR
G45722VI
G45776ET
G45777DE
G45826PJ
G45841FE
G45844BS
G45844RR
G45864TJ
G45888VL
G45889JQ
G45953IA
G45957IW
G45995IV
G45996VR
G45997JW
G46038XL
G46107JU
G46113WD
G46185ND
G46213JU
G46224CH
G46298TE
G46308WD
G46374MQ
G46387UV
G46406BL
G46413RD
G46425HN
G46455GO
G46470AD
G46503KK
G46542RN
G46559US
G46568MX
G46584GY
G46626WO
G46638GC
G46666WR
G46712PI
G46720ZO
G46747LH
G46754UW
G46759WS
G46763GM
G46767VX
G46768QH
G46823OG
G46836GH
G46923KZ
G46929BM
G46936YB
G46945LQ
G46946SC
G46991EQ
G47007PV
G47037BZ
G47058MH
G47108UC
G47155QQ
G47171PS
G47175EF
G47178AC
G47206MY
G47252EW
G47253CO
G47253OG
G47279LF
G47280HM
G47299BP
G47302FP
G47407FC
G47427YD
G47498FQ
G47531XE
G47606XQ
G47613FH
G47669IJ
G47675LW
G47679MT
G47741BL
G47760VS
G47782UT
G47809KW
G47816DI
G47832TO
G47837MS
G47843KQ
G47866EC
G47871MN
G47909JD
G47925EV
G47936PQ
G47961DI
G47961RS
G47975JA
G47992RQ
G48020LQ
G48040FY
G48054GJ
G48109OV
G48133KR
G48148JS
G48185FI
G48213MO
G48277OH
G48305IM
G48339YN
G48369JO
G48381WH
G48390IG
G48409OW
G48421GV
G48442VP
G48489PM
G48504ND
G48515VQ
G48527XN
G48614JL
G48626HI
G48648VZ
G48712ZJ
G48713OY
G48767NV
G48787LE
G48809ZO
G48822BJ
G48844XN
G48848IF
G48945UO
G48954CA
G48975GN
G49022RM
G49043NO
G49053WC
G49084JY
G49096VL
G49105NA
G49129IG
G49129IL
G49134ZT
G49168NM
G49225WK
G49235GA
G49280JI
G49282JI
G49305IN
G49329HX
G49357ZK
G49369WH
G49382OI
G49401CB
G49407NB
G49424TY
G49440XK
G49446SO
G49447IS
G49462EF
G49467LT
G49478NM
G49495MH
G49503QY
G49515VE
G49579SP
G49604DB
G49616WZ
G49647LX
G49664YG
G49743VF
G49753HC
G49827WK
G49838WZ
G49872TN
G49889OJ
G49933AX
G49935CA
G49991UY
G49993RR
G50036VV
G50058RB
G50076JD
G50078RT
G50106JX
G50112PT
G50131RA
G50210FA
G50211SY
G50216QG
G50234BV
G50272UH
G50353PP
G50360LL
G50364FV
G50409AQ
G50462VS
G50487BS
G50489VC
G50502BT
G50507PS
G50508SG
G50531NJ
G50535IT
G50543NR
G50636SI
G50660UT
G50680HC
G50707YR
G50728CA
G50730KL
G50739NP
G50779LX
G50782HI
G50782LR
G50783JY
G50785UU
G50888WV
G50903RY
G50959AX
G51014ET
G51018GI
G51050LD
G51057KO
G51098AA
G51177EP
G51265ES
G51266ML
G51278BZ
G51324UL
G51333KM
G51367TM
G51369CD
G51419BH
G51444LH
G51471ON
G51472TJ
G51490BW
G51497BL
G51500VV
G51527NY
G51562OR
G51623PN
G51654CU
G51699IR
G51705EB
G51722UJ
G51739IA
G51778XS
G51783BY
G51793MY
G51799AX
G51891DI
G51896IF
G51921XC
G51923CR
G51930XP
G51941GC
G52003QG
G52038JM
G52064IJ
G52080WL
G52104IE
G52104WT
G52112MC
G52126RR
G52187WF
G52242HT
G52286UI
G52308VC
G52354QX
G52358FD
G52361ZH
G52428MJ
G52477OC
G52524GO
G52526MZ
G52595TD
G52603AI
G52622SW
G52627IB
G52645LW
G52663AD
G52676LZ
G52724WY
G52754KY
G52776UT
G52782YT
G52790YS
G52880ZF
G52880ZN
G52886CK
G52894LG
G52934AK
G52956BX
G52962ZI
G52971DE
G53031JB
G53096UD
G53098FA
G53151DR
G53168IY
G53214SL
G53234IR
G53272SL
G53276NK
G53288JQ
G53322JT
G53342VT
G53394BX
G53396PX
G53401FX
G53450AF
G53452PP
G53476DF
G53485VW
G53487ZB
G53492UE
G53504BR
G53521RZ
G53572QC
G53572UK
G53582JE
G53604QR
G53667CH
G53725UB
G53752TA
G53758RJ
G53800MQ
G53809CJ
G53812BX
G53817FJ
G53818ZZ
G53854XZ
G53857IH
G53889SN
G53921KT
G53933HU
G53944MR
G53962WT
G53965RU
G53985AY
G54018RP
G54059XR
G54079AB
G54140NM
G54151YB
G54158IT
G54258NG
G54273KX
G54278KA
G54306CN
G54338PJ
G54341KJ
G54375EU
G54380FJ
G54422SY
G54499PQ
G54505OS
G54513OG
G54555OW
G54578EI
G54584SU
G54599TH
G54639VI
G54645BJ
G54652ZD
G54682XF
G54696PD
G54709AG
G54811KN
G54873FX
G54884LT
G54904QW
G54953LX
G54956ME
G54969AE
G54981BW
G55052CN
G55065WV
G55075ZC
G55143IM
G55184VW
G55185WK
G55220VL
G55314RK
G55318GC
G55321QC
G55373ZG
G55396DW
G55406JQ
G55479DB
G55484MX
G55504WE
G55530MC
G55600PH
G55609NO
G55661CO
G55701FR
G55763ZI
G55781KV
G55783TD
G55811AY
G55812LA
G55818EE
G55867TY
G55868RH
G55914FN
G55922CA
G55982TK
G56014GC
G56034WQ
G56036XY
G56069TX
G56076DZ
G56076WY
G56095ZZ
G56147VV
G56175ED
G56202TA
G56238AO
G56246PC
G56269EA
G56271ML
G56271TF
G56318NV
G56321MP
G56340GX
G56376TA
G56408DR
G56485SI
G56499YQ
G56501FP
G56516KW
G56555MU
G56591LC
G56616DG
G56653RI
G56655CC
G56720TK
G56724VL
G56748EO
G56749GV
G56770AH
G56784HS
G56791SN
G56809XB
G56852BX
G56856OI
G56876DF
G56891ZN
G56903ZB
G56963QZ
G57028QM
G57032GX
G57051OG
G57075OH
G57081YJ
G57084IU
G57092OJ
G57117TO
G57141NR
G57153UY
G57166CI
G57207XG
G57267KB
G57292SX
G57410TH
G57413FT
G57437DS
G57484FV
G57504TA
G57539MP
G57565TQ
G57607BW
G57626VE
G57675TR
G57677EU
G57762GE
G57774MT
G57789QC
G57814LX
G57818FI
G57835AK
G57861RA
G57863LA
G57914GV
G57930PW
G57937LQ
G57951WQ
G57955DP
G57960MN
G57971XD
G57984PA
G57997IN
G58004KD
G58025LK
G58029XR
G58063ME
G58111YY
G58169YV
G58217PP
G58229BR
G58230FJ
G58232MG
G58235TZ
G58236FD
G58268WC
G58284AM
G58288KD
G58338QG
G58370UT
G58386NJ
G58403SV
G58444TO
G58481XO
G58489ZK
G58517TJ
G58521VQ
G58561KE
G58566YO
G58571IP
G58666XJ
G58667NI
G58746AB
G58750CR
G58768FH
G58827HR
G58848QS
G58852KZ
G58886BN
G58931VV
G58949BL
G58969RU
G58992VJ
G59041MP
G59050NQ
G59063MX
G59128IS
G59132RG
G59149SL
G59228TQ
G59234CC
G59281EP
G59297UK
G59300GC
G59303WP
G59311AO
G59331KK
G59345UT
G59358BQ
G59361OW
G59405LU
G59406KS
G59471JC
G59471TH
G59513YA
G59522PY
G59532XE
G59576IJ
G59579TL
G59616TT
G59619LB
G59655SA
G59714TL
G59741XZ
G59742GY
G59752BW
G59761EF
G59784AY
G59804RR
G59821FL
G59877ET
G59942FB
G59984BF
G60012HO
G60026QM
G60078FW
G60092VE
G60149QJ
G60215UL
G60227QI
G60229VG
G60230HH
G60274JN
G60288TK
G60320IS
G60330MA
G60419KX
G60439QY
G60452UF
G60458LX
G60468EV
G60496TU
G60496YL
G60534NQ
G60542VK
G60631GY
G60634GK
G60653VD
G60682GY
G60689VV
G60705KN
G60814ZB
G60951JA
G60956VN
G60963AS
G60984DZ
G61086WG
G61088TM
G61170KL
G61186MM
G61207RZ
G61250GU
G61283FH
G61302NC
G61334IA
G61370BB
G61443KH
G61457CY
G61500DM
G61505ZR
G61519GA
G61575RT
G61601ZZ
G61608CO
G61627IG
G61698UE
G61706MD
G61707PW
G61714PI
G61717JN
G61726TP
G61751GZ
G61792ET
G61800QD
G61831UB
G61846BY
G61866NY
G61884GF
G61894MD
G61921TA
G61937QU
G61941WO
G61956VN
G61970XW
G62012YS
G62034LF
G62088FQ
G62091GQ
G62109NW
G62112AO
G62130AA
G62145FH
G62165AG
G62196IB
G62203VG
G62232OO
G62364JZ
G62387ZO
G62389NM
G62408IZ
G62411TF
G62421QL
G62464EH
G62504BU
G62514UL
G62519IY
G62527ZD
G62619LG
G62690FM
G62746IY
G62765SF
G62768NK
G62779OI
G62781GE
G62785VB
G62797OV
G62808KR
G62831KM
G62836JK
G62837IG
G62837OZ
G62848AR
G62899XL
G62922WK
G62944LA
G62968IF
G62973JK
G63024BG
G63035DM
G63046OH
G63065KG
G63100CN
G63166WT
G63170HT
G63176TU
G63179CS
G63208BT
G63247UK
G63285XT
G63333DU
G63337SS
G63413QV
G63428PQ
G63469RX
G63480NF
G63547QM
G63565MO
G63571FM
G63585HN
G63640QH
G63648EU
G63679SF
G63699VG
G63710WS
G63714PL
G63727MV
G63787RZ
G63807DH
G63838JW
G63889NK
G63907MA
G63919RG
G63923YN
G63939TP
G63976LA
G64048GU
G64076LG
G64098MP
G64132UH
G64144LP
G64181WT
G64186MJ
G64188CP
G64276SW
G64384IL
G64398GR
G64403MT
G64411TU
G64481DJ
G64541LV
G64632PP
G64633BH
G64666BO
G64669AQ
G64693IG
G64706DG
G64803AP
G64827NU
G64841EF
G64857LW
G64860JV
G64894MA
G64901XZ
G65030KC
G65186XA
G65219TP
G65226QM
G65239SF
G65243FP
G65244XM
G65294YU
G65343UJ
G65365UP
G65415JG
G65419YA
G65449BO
G65508FE
G65518IK
G65550TC
G65575TV
G65594XM
G65597BI
G65617KZ
G65635AB
G65638YM
G65680SX
G65712VD
G65760UO
G65761WK
G65796FM
G65832JS
G65835SY
G65850ES
G65890UA
G65893EZ
G65896IX
G65937EW
G65945PP
G65962DP
G65984FE
G65996GC
G66032DV
G66072SG
G66106WQ
G66116BW
G66122ZT
G66129DI
G66153IB
G66211LT
G66265KN
G66282NU
G66286WQ
G66348MF
G66362JB
G66375VY
G66377OH
G66441ML
G66474IG
G66504LK
G66629ZO
G66653BX
G66655HQ
G66661ZY
G66665YI
G66675LM
G66676MI
G66723VB
G66741YQ
G66751BK
G66808JU
G66825OG
G66847YI
G66853KC
G66866LE
G66868ST
G66874PY
G66932MV
G66937TJ
G66942CJ
G66998OZ
G67030CA
G67045LB
G67066JI
G67079AO
G67173FM
G67191UH
G67196QU
G67323SW
G67342MA
G67362UI
G67381VP
G67385FR
G67393WG
G67410LQ
G67413BG
G67457ES
G67534LV
G67608DN
G67610NV
G67612NO
G67656PN
G67719WQ
G67767BR
G67887EF
G67895PX
G67898UK
G67913LB
G67915MO
G67924FL
G67942CH
G67967AS
G67971GL
G67983WD
G67992SW
G68013TU
G68043NM
G68059HB
G68164MW
G68175NA
G68203DZ
G68209WQ
G68283NG
G68318SH
G68337CZ
G68345FH
G68354TY
G68395LV
G68427CL
G68429EK
G68474CQ
G68544GH
G68560MK
G68651MF
G68668TB
G68679LW
G68696RQ
G68698AP
G68732HN
G68758PE
G68801RI
G68814GS
G68817WF
G68828SF
G68845SP
G68865YV
G68866GS
G68892PJ
G68937TM
G68946DB
G68963BB
G68969GZ
G69044AJ
G69062KW
G69082TL
G69118IP
G69170UT
G69236WP
G69243TP
G69298OC
G69299FB
G69303AY
G69411IG
G69433EY
G69461KL
G69485SE
G69672LF
G69725KG
G69734OB
G69758TR
G69802ND
G69813CQ
G69905CP
G69912LP
G69957XS
G69982RY
G69983FE
G69985ZX
G69987TD
G70052MF
G70059SD
G70072FZ
G70073SG
G70076VV
G70102HC
G70116BN
G70160EA
G70194YY
G70236HL
G70246WA
G70258ML
G70263JI
G70277OJ
G70342DW
G70377VS
G70382WT
G70387YT
G70442IZ
G70490JW
G70494TJ
G70511VE
G70548CP
G70596QH
G70613ZY
G70617CF
G70681VG
G70708LW
G70751HC
G70757BE
G70800WO
G70818WE
G70830AN
G70836YV
G70838JA
G70845RI
G70851FQ
G70859XP
G70881GL
G70898AL
G70927FR
G70945OS
G70947EQ
G70958LU
G70978CR
G70991JO
G71013KY
G71063DT
G71071YT
G71146HJ
G71146MY
G71200GP
G71237SD
G71269BI
G71296WI
G71309WZ
G71320DE
G71332MU
G71341VM
G71356JZ
G71367OV
G71451NN
G71470CO
G71479BM
G71527NE
G71537VS
G71549MK
G71549XT
G71679MX
G71690HK
G71704AG
G71782CJ
G71785HW
G71835BN
G71857KQ
G71865NO
G71906BW
G71914DZ
G71917KP
G71918HH
G71919QK
G71957GO
G72011DH
G72067BD
G72079JG
G72082VM
G72085DL
G72103RY
G72108VJ
G72121YB
G72125QI
G72128LZ
G72131JM
G72156EQ
G72171BV
G72221XM
G72260GO
G72300VE
G72309KR
G72356JA
G72356VO
G72393PG
G72406BE
G72407WU
G72460OS
G72475NE
G72527VN
G72533FB
G72580QS
G72626YH
G72662IG
G72718TT
G72818RC
G72821WX
G72902CL
G72905QH
G72919IM
G72923FK
G72952WX
G72954XC
G72956NR
G72974NP
G73006TR
G73029YR
G73057DA
G73073LQ
G73139AM
G73162HV
G73211XU
G73271AZ
G73302KW
G73308YY
G73408MO
G73418FX
G73439VG
G73455AR
G73492AT
G73517CY
G73539WK
G73572ZZ
G73573GX
G73683LQ
G73752AL
G73763NQ
G73825BL
G73836ED
G73866ZM
G73907HE
G73930OK
G74066YL
G74093LU
G74102HW
G74111QE
G74120DW
G74120KH
G74239ZQ
G74246AM
G74248TD
G74264KM
G74268SC
G74275TG
G74290AC
G74311PB
G74312RU
G74320MK
G74325TG
G74369SL
G74429YM
G74438AB
G74508NJ
G74574VX
G74645FT
G74674RX
G74716XL
G74772YG
G74788NK
G74837KH
G74838NI
G74859XI
G74862KX
G74891FV
G74910CR
G74928QN
G74962RY
G75023MF
G75029KP
G75049FP
G75051CY
G75052YA
G75082OS
G75090UL
G75097UM
G75120WS
G75185NU
G75221WP
G75269BP
G75303RX
G75308SV
G75310PZ
G75314QO
G75318VB
G75333EX
G75348SF
G75359HS
G75381NI
G75398ZA
G75410AW
G75412QZ
G75472JW
G75494EI
G75520NV
G75549NT
G75584LU
G75595FQ
G75660JH
G75664CM
G75664LA
G75671DO
G75697JJ
G75698JE
G75701BM
G75704ZB
G75727PF
G75734VP
G75750DH
G75798PH
G75812MR
G75817RU
G75824WJ
G75825ZR
G75839LJ
G75839SN
G75841HO
G75847DX
G75850OP
G75859QM
G75896PD
G75902JL
G75903TQ
G75977KH
G75985RP
G76012OT
G76014WR
G76073FF
G76085KR
G76096CN
G76099KH
G76136FD
G76167TO
G76207WM
G76241TN
G76242WH
G76285RN
G76294TY
G76297WR
G76331QP
G76384QV
G76430NK
G76478FT
G76504TU
G76519VT
G76583MP
G76645JW
G76666KS
G76675AB
G76679QH
G76702YY
G76705YY
G76710EM
G76746DW
G76812VG
G76924RW
G76931AL
G77037YG
G77038WW
G77058YR
G77085GN
G77104ED
G77122IZ
G77148DL
G77149EE
G77157XU
G77166ST
G77172NR
G77174TF
G77177HT
G77198CF
G77207RR
G77244ZA
G77252PU
G77282MO
G77371VZ
G77384FE
G77396HT
G77459ND
G77475MM
G77479VH
G77621PZ
G77639OD
G77646FX
G77725ZE
G77748PL
G77805RB
G77809CS
G77812KJ
G77852EK
G77858IX
G77915NM
G77939VD
G77964WB
G77974XY
G78019KD
G78030KJ
G78045JW
G78059CC
G78068ZV
G78071LY
G78098GH
G78155FK
G78157SE
G78161IO
G78173WX
G78239VB
G78261DB
G78276SQ
G78341DP
G78342SP
G78368CZ
G78374AB
G78391CU
G78434AN
G78454JO
G78481LC
G78502FJ
G78525CL
G78608GK
G78627AJ
G78644BR
G78681QL
G78695LF
G78730ZV
G78745RA
G78757GA
G78779MC
G78813BX
G78890OB
G78910WQ
G78944YP
G78951XL
G78956IC
G79014VD
G79018NX
G79026TT
G79029VZ
G79037RU
G79084MU
G79089EU
G79167DN
G79172UW
G79198BK
G79215ZS
G79247QI
G79249GP
G79318PG
G79340ZK
G79344MI
G79348ZY
G79351ZW
G79368CP
G79394LC
G79416RI
G79457WN
G79473WX
G79477YQ
G79520GQ
G79556AB
G79564YR
G79565XA
G79578JB
G79745PG
G79754SY
G79771YZ
G79781PS
G79803HS
G79804QG
G79809MM
G79810PX
G79852UE
G79916GF
G79916NT
G79939YZ
G79950YS
G79973CM
G79982IL
G79989JJ
G79996DQ
G80085KS
G80123ZU
G80147LG
G80155BS
G80163ME
G80211PE
G80228NL
G80264ZA
G80268ZC
G80294GH
G80298HR
G80319WU
G80327KS
G80343LW
G80382WR
G80393PG
G80487YW
G80510YA
G80537QW
G80552MJ
G80563TH
G80578OK
G80583XN
G80612BO
G80637VS
G80650PW
G80654ZK
G80677GP
G80678MA
G80759CD
G80767XX
G80799RX
G80804PR
G80858MF
G80943NY
G80966KZ
G81085EP
G81096RM
G81107PN
G81114MS
G81121OC
G81153QC
G81247ZO
G81253FL
G81269JJ
G81282CC
G81294ZY
G81326IN
G81328FA
G81338NH
G81348LS
G81384WY
G81397LO
G81410HG
G81413UE
G81459MV
G81528UX
G81529JB
G81554CS
G81561UL
G81581UV
G81650EZ
G81711SM
G81728BG
G81773GO
G81806PG
G81873QA
G81874XM
G81877PA
G81914RV
G81915YU
G81923ER
G82011YF
G82020ZR
G82033VN
G82035KS
G82050MN
G82138AT
G82140BL
G82159VB
G82201IZ
G82207VX
G82221BU
G82252QI
G82258GN
G82312JY
G82320NZ
G82348BZ
G82368PU
G82403CZ
G82405LP
G82410AF
G82420SH
G82458BB
G82487CR
G82514MH
G82529OA
G82605IU
G82639GQ
G82680EC
G82730QA
G82753OZ
G82763XK
G82779CI
G82801WV
G82811EP
G82823JF
G82864KM
G82868SO
G82878DH
G82886WI
G82894XV
G82942ZJ
G82953UJ
G82955EQ
G83001IJ
G83006TR
G83009TH
G83022ZQ
G83062JW
G83106XM
G83159ZN
G83161QT
G83192FQ
G83204BU
G83206VX
G83213GG
G83252PW
G83258AP
G83269PQ
G83273JI
G83295QG
G83313BI
G83352GY
G83355KE
G83382OZ
G83386PJ
G83393GK
G83425EJ
G83455QZ
G83461WR
G83540SE
G83553MC
G83600PQ
G83624CJ
G83644CC
G83653PM
G83709GS
G83710ZZ
G83737UD
G83892WB
G83926PC
G83943AU
G83958MI
G84000CM
G84108IZ
G84153KU
G84155GY
G84163ZT
G84181KU
G84186YN
G84223RT
G84227HS
G84272TB
G84287MH
G84312BZ
G84329MX
G84330VA
G84331QL
G84362VL
G84368MT
G84376FR
G84390MS
G84467IZ
G84480OF
G84495HF
G84504LI
G84536BM
G84540IP
G84543RP
G84552CD
G84553QQ
G84558OA
G84622HC
G84674JQ
G84678BK
G84689MX
G84777MO
G84778XH
G84783XD
G84811LS
G84852GW
G84874EV
G84882JT
G84901UD
G84908OR
G84964KJ
G84981PB
G85041WE
G85095TB
G85098WU
G85100QD
G85121LW
G85121UD
G85176IW
G85196QC
G85256OK
G85260RY
G85302QR
G85422ZY
G85425ER
G85447US
G85458AY
G85460ZG
G85478BZ
G85542KD
G85545IG
G85599NG
G85652RK
G85656BP
G85678WN
G85702AE
G85709JZ
G85726QE
G85737WG
G85755BV
G85767HW
G85882GP
G85891FA
G85891RL
G85895SP
G86002PC
G86005HP
G86053IC
G86071XD
G86095OE
G86102AA
G86102WJ
G86135ET
G86215UQ
G86270DU
G86294KR
G86298IX
G86357DX
G86377KB
G86385RC
G86386QT
G86399IJ
G86414TE
G86475BX
G86477WA
G86490WA
G86495BQ
G86503RS
G86504RY
G86517XT
G86522OD
G86555OF
G86606NT
G86632ZU
G86681BW
G86696LV
G86704VD
G86705PH
G86730KO
G86750HK
G86753CK
G86759QR
G86770JF
G86782KC
G86822MM
G86881ZW
G86928UZ
G86993RB
G87009PS
G87073UP
G87107PF
G87124HX
G87136DV
G87139MR
G87217OF
G87267JO
G87273JO
G87279EE
G87308QC
G87309GS
G87320GN
G87377GM
G87377KZ
G87418CY
G87422CM
G87433AX
G87489PB
G87505EW
G87519TU
G87535DG
G87618BG
G87633UQ
G87645JA
G87668ED
G87681KV
G87694ZF
G87695KR
G87721BR
G87727MU
G87777GG
G87784HD
G87815ZV
G87887TB
G87889NL
G87908HE
G87921DA
G87937HR
G87947EJ
G88068QT
G88122ZQ
G88141SC
G88242BL
G88310CR
G88321DT
G88334IC
G88365LW
G88376OI
G88382QE
G88417ED
G88421PE
G88433PA
G88455FN
G88459ZR
G88461FF
G88495BI
G88509SO
G88569LV
G88582ZD
G88641WO
G88673AA
G88696CU
G88734GE
G88749TS
G88784SV
G88800UV
G88876JQ
G88884NJ
G88948CY
G88972LX
G88992QY
G89026PK
G89036WC
G89049LM
G89058RF
G89080KU
G89143RS
G89144TN
G89168LM
G89177YT
G89186VO
G89241QS
G89261EQ
G89285QP
G89319AW
G89325VN
G89339VV
G89364NG
G89370FG
G89398CR
G89417VQ
G89425XZ
G89466MK
G89532GI
G89587BP
G89624LF
G89637WE
G89641ZV
G89663TB
G89664KV
G89738LW
G89797IW
G89808TP
G89846HT
G89864BN
G89877QI
G89878JQ
G89878ZY
G89905SH
G89923TD
G89941FZ
G89993FE
G90017UO
G90028HY
G90039BP
G90083OQ
G90099GV
G90107JW
G90111MD
G90130AG
G90202LF
G90206GU
G90348RI
G90352XZ
G90364OQ
G90426CG
G90435TI
G90441KT
G90443NH
G90484GL
G90509QW
G90542MP
G90667JK
G90681KA
G90686TN
G90712YJ
G90717TP
G90725ZC
G90743AT
G90779DH
G90784AP
G90789YQ
G90825UM
G90840KY
G90870DG
G90882XB
G90889KG
G90922MJ
G90950UC
G90987JA
G91020ZU
G91023GB
G91121ZF
G91130VE
G91151XY
G91215YF
G91219PM
G91247EH
G91247WI
G91297KX
G91302LT
G91312MX
G91322IG
G91337ZP
G91365ZQ
G91388QD
G91413ZX
G91471TQ
G91511MZ
G91518OM
G91518YX
G91550OH
G91591MO
G91599FN
G91623TN
G91704UR
G91819LE
G91905FJ
G91972CK
G92024SL
G92042VQ
G92057EA
G92129PT
G92172MH
G92186BR
G92188CK
G92219PK
G92241FG
G92257YN
G92288VU
G92320PF
G92337QR
G92417HI
G92466QX
G92485DY
G92527BY
G92534LG
G92570PJ
G92574YO
G92575UZ
G92594VG
G92612ZM
G92617LF
G92627GM
G92681HQ
G92709EO
G92777SG
G92793BY
G92821YI
G92848CF
G92854IJ
G92908SH
G92974UU
G92975MH
G92990FJ
G93019KS
G93029JO
G93075HW
G93096CK
G93135PI
G93141AZ
G93148GC
G93164KQ
G93198UO
G93204KY
G93284HQ
G93310KW
G93320VA
G93324RN
G93374GV
G93446UA
G93450TT
G93460NV
G93495HT
G93500PH
G93519WM
G93542VJ
G93575MM
G93624ZP
G93638BI
G93720QH
G93746CY
G93758YP
G93767EH
G93780GR
G93780IW
G93788SW
G93802RY
G93802VS
G93822DY
G93856AJ
G93860XO
G93861MS
G93899AU
G93906VI
G93922AL
G93934MI
G93993PD
G93999ON
G94019IV
G94045IP
G94047VH
G94097IH
G94116NC
G94141FZ
G94156YI
G94163JU
G94163JZ
G94239KE
G94277TH
G94296FS
G94363RH
G94366XH
G94373HA
G94394GK
G94423NC
G94449IF
G94490EL
G94531EZ
G94536SD
G94543DB
G94568XL
G94626AX
G94718HG
G94736EY
G94737YG
G94806YM
G94809SW
G94816EL
G94873VZ
G94876HV
G94926TV
G94935XB
G94946LG
G94959AA
G94975UV
G94979RS
G95109CV
G95140CC
G95166FG
G95186HE
G95198OA
G95206VT
G95222PD
G95226CD
G95227SJ
G95251MI
G95260HV
G95294MZ
G95298UR
G95333ZG
G95367XO
G95368PR
G95402JB
G95440SV
G95450GE
G95462PR
G95473VJ
G95489LN
G95490LA
G95513KP
G95542JQ
G95575GS
G95617FJ
G95640VH
G95658PH
G95660LN
G95695ZV
G95761EB
G95776JG
G95786NX
G95861KV
G95898GD
G95901MC
G95919TI
G95924JX
G95984JN
G95994EE
G96014TN
G96063MG
G96079KC
G96079QX
G96091LW
G96095QD
G96113SZ
G96175KT
G96219NW
G96223WK
G96338EK
G96342WK
G96396MI
G96489SM
G96503EZ
G96578MW
G96579KL
G96622LK
G96674LJ
G96719MC
G96771UL
G96861IW
G96894DL
G96914KN
G96916QO
G96919WB
G96921ZU
G96932XT
G96963QG
G97023FS
G97028UT
G97037FD
G97052YY
G97101NC
G97109LT
G97123TW
G97129CF
G97185IQ
G97234ZU
G97286VY
G97292GW
G97453GF
G97459BD
G97483RC
G97539CG
G97545TB
G97564QK
G97575FW
G97637VQ
G97645ML
G97674NY
G97686QU
G97709WW
G97720QM
G97765TT
G97798SS
G97814YJ
G97831CJ
G97832IV
G97842ZO
G97886ED
G97910HZ
G97948YW
G97996SP
G98066WG
G98068RN
G98112EU
G98115AV
G98117HW
G98131ZY
G98132BH
G98140IX
G98178JY
G98205FV
G98207CW
G98212GQ
G98217YG
G98240PY
G98256YA
G98289OU
G98292JT
G98338IO
G98366ZJ
G98425JK
G98455QP
G98516TP
G98549NZ
G98557ZA
G98559XP
G98565KP
G98666DD
G98720UK
G98725UL
G98732QD
G98790NR
G98809PE
G98836DL
G98857EK
G98862GW
G98863OA
G98906LL
G98940JV
G98956LI
G98961TI
G99003YY
G99026RX
G99035PG
G99074EO
G99110FH
G99129GB
G99141XX
G99154NV
G99220BF
G99225RS
G99229VQ
G99253YR
G99258WN
G99270AV
G99287IC
G99306JE
G99372TR
G99382AP
G99390JL
G99403QU
G99419RR
G99440FA
G99448WD
G99493HM
G99503MW
G99511DI
G99533GU
G99533KM
G99568AR
G99610EG
G99622IJ
G99626QO
G99647DZ
G99669MJ
G99683ND
G99689NZ
G99729IU
G99770NO
G99808VS
G99843HL
G99858XP
G99873PN
G99897FQ
G99935CU
G99952ON
G99954ZJ
G99969SS
G99992LL
