G00026MO
G00028MO
G00176HZ
G00231WL
G00279YF
G00413UF
G00432WV
G00470UO
G00492CQ
G00503EE
G00531ZU
G00536FZ
G00606LX
G00695JO
G00706QN
G00743WU
G00797ZX
G00883ZT
G00951UF
G00978TF
G00986YT
G00995HW
G00998NI
G01310VF
G01342FO
G01361CV
G01378OV
G01414CL
G01476WA
G01489UZ
G01613KN
G01669LU
G01670UQ
G01856RL
G01935FK
G02122FK
G02156UW
G02193CV
G02284UY
G02290KA
G02310VX
G02311IE
G02322JK
G02410EE
G02470WS
G02471GW
G02473HY
G02483WT
G02582JY
G02654EL
G02679YX
G02915XR
G02934UB
G02945KQ
G03075ZE
G03164NE
G03165SD
G03216SJ
G03272YQ
G03275SD
G03346FO
G03385XG
G03431NA
G03445UI
G03652TR
G03740OH
G03754YM
G03764XL
G03834RX
G03895SR
G03921DY
G03951JJ
G04023GJ
G04048YA
G04077XA
G04216GB
G04273XP
G04445KN
G04483SK
G04508HC
G04576KS
G04622LK
G04699RP
G04744XB
G04751OE
G04775TV
G04791QM
G04855ZO
G04989WY
G05026ZL
G05187WH
G05260RH
G05319BS
G05360PA
G05382JE
G05478GN
G05562XX
G05611SB
G05619KO
G05763EW
G05794RZ
G05948HK
G06070KG
G06100NA
G06131VP
G06191GU
G06209KS
G06216UH
G06404ZJ
G06437BU
G06578MY
G06635WE
G06673TD
G06730AH
G06731AE
G06820QR
G06920GM
G06969ZX
G07041CT
G07162IJ
G07169PS
G07228BR
G07262RR
G07292LK
G07328EF
G07337US
G07380TS
G07392QY
G07410AW
G07483YN
G07617FP
G07695ZT
G07699XI
G07842DQ
G07947TY
G07982BU
G07995VK
G08096ND
G08111FJ
G08113XU
G08161JQ
G08185DV
G08242BT
G08492JZ
G08520NM
G08577ZR
G08646YJ
G08679LR
G08709JB
G08820NR
G08882LF
G08896RO
G09020HN
G09057LN
G09118YK
G09125WG
G09150LP
G09260EL
G09276TA
G09322OS
G09393NL
G09416DG
G09446VC
G09482NW
G09513RD
G09556KR
G09568JT
G09576QH
G09650BK
G09666WO
G09670SR
G09724ZC
G09727XA
G09902CG
G09921WG
G10106TL
G10182XZ
G10209QU
G10219AA
G10228OD
G10258MC
G10292TC
G10300DY
G10417XF
G10470SE
G10483PN
G10578GY
G10627KR
G10664FL
G10691MJ
G10733HY
G10770RR
G10835DD
G10844WB
G10881VB
G10965EB
G11010AN
G11034PZ
G11041DA
G11165BC
G11278YL
G11460AB
G11509RN
G11535IB
G11635LG
G11637WL
G11671GQ
G11696PX
G11700UP
G11929SN
G11960UF
G11994QC
G12061IK
G12110NN
G12222NC
G12398HZ
G12438DW
G12524BD
G12593TX
G12594VB
G12715AH
G12878NK
G13074BX
G13113SB
G13151XE
G13156PQ
G13210XL
G13267ZY
G13282WA
G13291XJ
G13441KG
G13495RN
G13515ZY
G13537KO
G13583BZ
G13592VY
G13614FV
G13659RH
G13672YG
G13744OG
G13836YR
G13968YX
G14015IL
G14047PA
G14127XU
G14190WK
G14233VW
G14358WN
G14393TF
G14438ZT
G14492PU
G14520ZO
G14576KZ
G14782PJ
G14809NR
G14854WL
G14996IQ
G14998UC
G15571KX
G15828WB
G15998WM
G16119YF
G16122GW
G16150CJ
G16155TD
G16344ZG
G16397GM
G16403CC
G16441MS
G16481GK
G16523AO
G16529MG
G16546ZZ
G16600BL
G16679DU
G16733YD
G16743OM
G16759KR
G16774YZ
G16778ZK
G16828VN
G16873YG
G17153CQ
G17155VX
G17164DX
G17168RO
G17172ZR
G17213JF
G17264LS
G17413FR
G17441MI
G17473NR
G17540HT
G17689DH
G17820VB
G17848HM
G17857ZF
G17875TE
G17964DY
G17964XN
G17968CJ
G17977UE
G17996ZO
G18026EK
G18160VJ
G18165XJ
G18196JE
G18219CJ
G18223CA
G18410AS
G18584GW
G18768EK
G18869TR
G18913QB
G18938DW
G18948TG
G19019TY
G19104OH
G19106CR
G19242QH
G19243TV
G19287UY
G19310VN
G19444JC
G19447ZX
G19469VZ
G19541IU
G19607EP
G19615BB
G19687OL
G19726AG
G19747OA
G19841IT
G19958IL
G20030CU
G20079RG
G20096RP
G20170YB
G20173ZW
G20174ZL
G20284VH
G20544CY
G20624LQ
G20636FS
G20662UG
G20692QU
G20758LC
G20815TK
G20877ZV
G20894MY
G20926BB
G20956ZK
G20966TZ
G20983SP
G21005TQ
G21050RT
G21246OH
G21256CQ
G21311YA
G21319HP
G21359NQ
G21380FF
G21454AE
G21459ST
G21737WY
G21756MV
G22079SE
G22098NU
G22117HL
G22246QW
G22330AF
G22550VJ
G22558JP
G22728HO
G22768VO
G22836DF
G22865RK
G22898PA
G22914HB
G22927MQ
G22979QH
G23166NU
G23295TF
G23296IL
G23340ZN
G23345GE
G23416CI
G23419AQ
G23484GM
G23546LY
G23577TY
G23616ZX
G23626NI
G23722TU
G23817OE
G23824AT
G23901NY
G23949TZ
G23980PE
G24095BS
G24122ZI
G24125FE
G24155DW
G24284KU
G24329OK
G24366XJ
G24402OX
G24413UY
G24420RT
G24585JV
G24599MW
G24604HV
G24620AI
G24668UI
G24705DL
G24748QU
G24769QK
G24811FP
G24812WY
G24816DA
G24870CO
G24920KE
G24954RW
G25097RR
G25140TA
G25326BM
G25350TT
G25392ZR
G25407RZ
G25423CA
G25460BQ
G25471TG
G25497SH
G25505UF
G25520XG
G25731WL
G25835MT
G25902AL
G26018HD
G26068PU
G26182BM
G26264SQ
G26275JI
G26298FT
G26394UA
G26534TO
G26629TM
G26877ST
G26881SV
G26935KA
G26949IX
G27040MJ
G27067YD
G27170BX
G27188NC
G27273FD
G27389SR
G27432KC
G27461ST
G27669RW
G27776PG
G27844UM
G27874QL
G27919IH
G27929ZE
G27946NT
G27983PC
G28298VW
G28330DZ
G28436VD
G28459KM
G28550OD
G28659UB
G28663KH
G28723UT
G28747XN
G28896CL
G28948UC
G28959FS
G28962GO
G29011JC
G29024OJ
G29109PM
G29159BL
G29377XJ
G29434RB
G29445ZK
G29449JO
G29461HI
G29574TI
G29676WX
G29695SR
G29764SO
G29797YX
G29850BY
G29857RC
G29884LW
G29905OR
G30085SO
G30109UP
G30140II
G30159WR
G30302VM
G30303UZ
G30309QX
G30460NZ
G30483FB
G30529FG
G30542PN
G30651IU
G30857WQ
G30901GC
G30915AU
G31019WF
G31032XG
G31037WG
G31186LT
G31341PC
G31429YW
G31515BE
G31532GK
G31540AF
G31559RO
G31587OK
G31606TH
G31822CM
G31865AG
G31991IV
G31993QW
G32156ZV
G32201IL
G32241HI
G32283ZK
G32305RZ
G32364DF
G32375YW
G32461GF
G32510IZ
G32592IB
G32659RY
G32704TW
G32746QI
G32829EU
G33019PZ
G33150PJ
G33241WC
G33262KR
G33262YZ
G33370EK
G33522ME
G33608TH
G33685ZQ
G33721WT
G33734YD
G33742YO
G33788DD
G33841EB
G33909XJ
G33981FE
G34276SS
G34442SS
G34499SX
G34508UC
G34527RW
G34595KJ
G34650EM
G34821YB
G34838RM
G34875RO
G34905OT
G34931KK
G34947FX
G34972BB
G35096EN
G35257SQ
G35382VN
G35429JB
G35455OM
G35484EX
G35565NM
G35599NO
G35619UY
G35692YN
G35722YG
G35732LD
G35747ZX
G35837ET
G35888BV
G36004BS
G36042WR
G36053YX
G36066DO
G36118RA
G36171JA
G36176RV
G36191CD
G36211GH
G36218DJ
G36223VW
G36225RM
G36362BK
G36519NW
G36521AS
G36523TZ
G36533LR
G36581MF
G36701GV
G36727AR
G36859SD
G36898CO
G36909MR
G36977EW
G37022BP
G37135JQ
G37140SO
G37166HP
G37260FV
G37276TY
G37304XT
G37306TB
G37476QB
G37552GO
G37591JC
G37597FW
G37601IJ
G37745NY
G37827FY
G37841NF
G37986HU
G38022PE
G38047QV
G38115KZ
G38121JC
G38208CY
G38217AM
G38249IZ
G38271CW
G38291RB
G38297TU
G38362AS
G38371WW
G38395YJ
G38404PP
G38549YL
G38638WU
G38658JL
G38753OV
G38955TH
G38997JB
G39018CC
G39029JR
G39062YR
G39089YD
G39213VZ
G39299DH
G39377DE
G39437XQ
G39439UR
G39452ZZ
G39531LA
G39540XG
G39567LQ
G39578OU
G39585RN
G39595CR
G39601JQ
G39602UU
G39764AC
G39794DN
G39809FW
G39813YP
G39893KL
G39992DR
G40027VO
G40065EM
G40142NX
G40173TB
G40194MN
G40198OD
G40200RC
G40268BC
G40289RO
G40343KH
G40358EZ
G40428GO
G40482NA
G40513EI
G40542QP
G40554DX
G40670DJ
G40702WU
G40786FB
G40900UQ
G40906DZ
G40909AN
G40915GX
G41331JX
G41455NO
G41510DX
G41576FY
G41708PN
G41711ZZ
G41720HN
G41800OU
G41811VQ
G41817BL
G41821MR
G41824PC
G41865ZJ
G41937ED
G41953RN
G41981MA
G42110JE
G42295MA
G42322YV
G42380GI
G42504VW
G42525DE
G42552PM
G42600SB
G42672MA
G42674LI
G42679AH
G42680EX
G42686NQ
G42731RJ
G42824AQ
G42846BO
G42862VU
G43088GK
G43131ZX
G43164CL
G43299SD
G43325ZI
G43346PX
G43499QE
G43523KB
G43526DL
G43547MI
G43553YK
G43648DB
G43660IT
G43664YB
G43665PB
G43677TG
G43694RQ
G43832DJ
G43869EE
G44027TT
G44046WQ
G44137YR
G44152CO
G44264DI
G44361OH
G44364RM
G44515AZ
G44541JO
G44623TX
G44723YJ
G44747CU
G44754DF
G44770ZI
G44825QL
G44826KU
G44865OQ
G44904UE
G44946WH
G45036WQ
G45048TZ
G45187EI
G45209NR
G45256SO
G45262QY
G45264AM
G45359RY
G45533OY
G45560HM
G45598BE
G45603BW
G45844BS
G45888VL
G45889JQ
G45995IV
G45997JW
G46185ND
G46213JU
G46224CH
G46298TE
G46308WD
G46374MQ
G46387UV
G46425HN
G46470AD
G46503KK
G46542RN
G46638GC
G46712PI
G46763GM
G46767VX
G46836GH
G46991EQ
G47007PV
G47171PS
G47175EF
G47206MY
G47279LF
G47280HM
G47407FC
G47427YD
G47498FQ
G47531XE
G47606XQ
G47675LW
G47741BL
G47782UT
G47816DI
G47866EC
G47925EV
G47936PQ
G47961DI
G47975JA
G48020LQ
G48040FY
G48109OV
G48148JS
G48185FI
G48277OH
G48369JO
G48421GV
G48442VP
G48527XN
G48713OY
G48767NV
G48945UO
G48954CA
G49022RM
G49053WC
G49084JY
G49129IG
G49168NM
G49225WK
G49235GA
G49280JI
G49282JI
G49305IN
G49357ZK
G49369WH
G49401CB
G49440XK
G49446SO
G49495MH
G49503QY
G49515VE
G49664YG
G49743VF
G49827WK
G49933AX
G49935CA
G50076JD
G50078RT
G50112PT
G50211SY
G50216QG
G50364FV
G50462VS
G50489VC
G50507PS
G50508SG
G50531NJ
G50730KL
G50779LX
G50782HI
G50782LR
G51018GI
G51050LD
G51098AA
G51367TM
G51419BH
G51472TJ
G51490BW
G51562OR
G51654CU
G51699IR
G51793MY
G51799AX
G51891DI
G51896IF
G51921XC
G51930XP
G52080WL
G52112MC
G52187WF
G52286UI
G52358FD
G52428MJ
G52645LW
G52663AD
G52676LZ
G52724WY
G52790YS
G52880ZN
G52934AK
G52956BX
G52971DE
G53096UD
G53098FA
G53168IY
G53234IR
G53288JQ
G53322JT
G53394BX
G53396PX
G53401FX
G53485VW
G53504BR
G53582JE
G53667CH
G53752TA
G53809CJ
G53812BX
G53817FJ
G53854XZ
G53889SN
G53933HU
G53944MR
G53962WT
G53985AY
G54018RP
G54151YB
G54158IT
G54258NG
G54273KX
G54338PJ
G54380FJ
G54499PQ
G54505OS
G54513OG
G54599TH
G54884LT
G54953LX
G54956ME
G55065WV
G55220VL
G55396DW
G55479DB
G55600PH
G55781KV
G55818EE
G55867TY
G56014GC
G56147VV
G56175ED
G56202TA
G56269EA
G56271ML
G56271TF
G56318NV
G56340GX
G56376TA
G56485SI
G56516KW
G56591LC
G56653RI
G56655CC
G56720TK
G56748EO
G56749GV
G56770AH
G56791SN
G56852BX
G56963QZ
G57051OG
G57075OH
G57084IU
G57092OJ
G57117TO
G57166CI
G57484FV
G57504TA
G57565TQ
G57675TR
G57762GE
G57835AK
G57863LA
G57930PW
G57937LQ
G57955DP
G57997IN
G58004KD
G58029XR
G58111YY
G58217PP
G58236FD
G58403SV
G58517TJ
G58561KE
G58571IP
G58667NI
G58768FH
G58827HR
G58931VV
G58969RU
G58992VJ
G59041MP
G59128IS
G59149SL
G59300GC
G59311AO
G59345UT
G59361OW
G59406KS
G59471JC
G59471TH
G59513YA
G59579TL
G59619LB
G59655SA
G59741XZ
G59742GY
G59752BW
G59804RR
G59942FB
G59984BF
G60012HO
G60149QJ
G60215UL
G60227QI
G60230HH
G60320IS
G60330MA
G60419KX
G60439QY
G60534NQ
G60631GY
G60653VD
G60705KN
G60814ZB
G60956VN
G60963AS
G61088TM
G61207RZ
G61250GU
G61283FH
G61334IA
G61457CY
G61519GA
G61575RT
G61601ZZ
G61706MD
G61707PW
G61717JN
G61751GZ
G61846BY
G61866NY
G61941WO
G61956VN
G61970XW
G62112AO
G62145FH
G62364JZ
G62387ZO
G62389NM
G62464EH
G62504BU
G62519IY
G62527ZD
G62619LG
G62765SF
G62779OI
G62781GE
G62808KR
G62836JK
G62848AR
G62968IF
G62973JK
G63024BG
G63035DM
G63065KG
G63166WT
G63170HT
G63208BT
G63333DU
G63337SS
G63413QV
G63480NF
G63547QM
G63565MO
G63585HN
G63699VG
G63710WS
G63714PL
G63787RZ
G63838JW
G63889NK
G63919RG
G64048GU
G64098MP
G64186MJ
G64398GR
G64481DJ
G64633BH
G64666BO
G64669AQ
G64693IG
G64803AP
G64827NU
G64860JV
G64894MA
G65239SF
G65243FP
G65294YU
G65415JG
G65419YA
G65449BO
G65508FE
G65518IK
G65597BI
G65617KZ
G65680SX
G65761WK
G65796FM
G65832JS
G65850ES
G65890UA
G65893EZ
G65937EW
G65984FE
G65996GC
G66106WQ
G66122ZT
G66129DI
G66153IB
G66265KN
G66282NU
G66348MF
G66375VY
G66474IG
G66653BX
G66655HQ
G66665YI
G66741YQ
G66847YI
G66866LE
G66937TJ
G66942CJ
G67045LB
G67066JI
G67173FM
G67342MA
G67385FR
G67410LQ
G67413BG
G67534LV
G67608DN
G67719WQ
G67767BR
G67887EF
G67898UK
G67915MO
G67924FL
G67942CH
G68059HB
G68203DZ
G68283NG
G68318SH
G68337CZ
G68354TY
G68395LV
G68544GH
G68651MF
G68668TB
G68679LW
G68758PE
G68817WF
G68845SP
G68892PJ
G68937TM
G68946DB
G69044AJ
G69170UT
G69411IG
G69461KL
G69485SE
G69672LF
G69725KG
G69758TR
G69905CP
G69912LP
G69957XS
G69982RY
G69985ZX
G69987TD
G70052MF
G70059SD
G70072FZ
G70073SG
G70076VV
G70116BN
G70194YY
G70236HL
G70246WA
G70342DW
G70377VS
G70382WT
G70387YT
G70490JW
G70494TJ
G70511VE
G70617CF
G70681VG
G70708LW
G70830AN
G70851FQ
G70859XP
G70881GL
G70945OS
G70958LU
G71013KY
G71296WI
G71320DE
G71332MU
G71451NN
G71470CO
G71679MX
G71690HK
G71704AG
G71782CJ
G71835BN
G71857KQ
G71865NO
G71906BW
G71914DZ
G71957GO
G72079JG
G72082VM
G72103RY
G72108VJ
G72125QI
G72128LZ
G72131JM
G72221XM
G72260GO
G72356JA
G72356VO
G72406BE
G72407WU
G72460OS
G72475NE
G72533FB
G72580QS
G72662IG
G72718TT
G72821WX
G72905QH
G72919IM
G72954XC
G72974NP
G73057DA
G73211XU
G73271AZ
G73302KW
G73308YY
G73418FX
G73439VG
G73492AT
G73539WK
G73683LQ
G73763NQ
G73825BL
G73866ZM
G73907HE
G74066YL
G74120DW
G74248TD
G74264KM
G74290AC
G74325TG
G74369SL
G74438AB
G74574VX
G74645FT
G74716XL
G74837KH
G74859XI
G74928QN
G75049FP
G75082OS
G75120WS
G75185NU
G75308SV
G75318VB
G75333EX
G75359HS
G75381NI
G75398ZA
G75412QZ
G75584LU
G75595FQ
G75704ZB
G75734VP
G75824WJ
G75839SN
G75850OP
G75896PD
G75902JL
G75903TQ
G76073FF
G76136FD
G76241TN
G76294TY
G76384QV
G76478FT
G76583MP
G76666KS
G76924RW
G77058YR
G77174TF
G77198CF
G77207RR
G77244ZA
G77252PU
G77384FE
G77396HT
G77475MM
G77479VH
G77639OD
G77646FX
G77748PL
G77812KJ
G77915NM
G77974XY
G78030KJ
G78059CC
G78155FK
G78161IO
G78173WX
G78276SQ
G78341DP
G78342SP
G78368CZ
G78391CU
G78434AN
G78681QL
G78730ZV
G78813BX
G78890OB
G78944YP
G78956IC
G79018NX
G79037RU
G79084MU
G79198BK
G79215ZS
G79249GP
G79344MI
G79348ZY
G79351ZW
G79368CP
G79394LC
G79457WN
G79477YQ
G79556AB
G79565XA
G79578JB
G79754SY
G79771YZ
G79781PS
G79803HS
G79804QG
G79809MM
G79810PX
G79852UE
G79916NT
G79950YS
G79996DQ
G80085KS
G80147LG
G80163ME
G80264ZA
G80268ZC
G80294GH
G80319WU
G80343LW
G80393PG
G80510YA
G80537QW
G80552MJ
G80578OK
G80583XN
G80612BO
G80637VS
G80650PW
G80654ZK
G80858MF
G80943NY
G80966KZ
G81085EP
G81114MS
G81121OC
G81153QC
G81253FL
G81294ZY
G81326IN
G81328FA
G81397LO
G81528UX
G81554CS
G81561UL
G81711SM
G81873QA
G81874XM
G81914RV
G81915YU
G81923ER
G82011YF
G82033VN
G82050MN
G82140BL
G82201IZ
G82207VX
G82221BU
G82252QI
G82258GN
G82312JY
G82320NZ
G82348BZ
G82405LP
G82410AF
G82420SH
G82458BB
G82487CR
G82639GQ
G82680EC
G82730QA
G82779CI
G82801WV
G82811EP
G82864KM
G82894XV
G82942ZJ
G82955EQ
G83006TR
G83022ZQ
G83062JW
G83106XM
G83161QT
G83269PQ
G83393GK
G83455QZ
G83540SE
G83600PQ
G83644CC
G83737UD
G83926PC
G83958MI
G84108IZ
G84153KU
G84163ZT
G84186YN
G84223RT
G84287MH
G84329MX
G84330VA
G84368MT
G84376FR
G84390MS
G84467IZ
G84495HF
G84504LI
G84536BM
G84558OA
G84674JQ
G84678BK
G84777MO
G84778XH
G84783XD
G84852GW
G84874EV
G84901UD
G84908OR
G84964KJ
G85041WE
G85100QD
G85121UD
G85260RY
G85422ZY
G85458AY
G85460ZG
G85542KD
G85652RK
G85755BV
G85767HW
G85891FA
G86002PC
G86005HP
G86053IC
G86095OE
G86102AA
G86102WJ
G86270DU
G86298IX
G86357DX
G86377KB
G86385RC
G86386QT
G86475BX
G86490WA
G86495BQ
G86504RY
G86517XT
G86522OD
G86555OF
G86606NT
G86681BW
G86696LV
G86704VD
G86730KO
G86753CK
G86770JF
G86782KC
G86928UZ
G87073UP
G87107PF
G87136DV
G87217OF
G87273JO
G87308QC
G87309GS
G87377KZ
G87535DG
G87645JA
G87668ED
G87695KR
G87777GG
G87784HD
G87908HE
G87921DA
G87937HR
G88122ZQ
G88242BL
G88310CR
G88321DT
G88334IC
G88382QE
G88417ED
G88421PE
G88461FF
G88495BI
G88582ZD
G88734GE
G88784SV
G88800UV
G88876JQ
G88884NJ
G88948CY
G88972LX
G88992QY
G89036WC
G89058RF
G89143RS
G89168LM
G89261EQ
G89285QP
G89364NG
G89398CR
G89532GI
G89637WE
G89663TB
G89808TP
G89864BN
G89877QI
G89905SH
G89941FZ
G89993FE
G90017UO
G90028HY
G90099GV
G90111MD
G90130AG
G90348RI
G90509QW
G90542MP
G90712YJ
G90725ZC
G90784AP
G90825UM
G90840KY
G90870DG
G90889KG
G90950UC
G90987JA
G91023GB
G91151XY
G91219PM
G91247WI
G91337ZP
G91365ZQ
G91413ZX
G91511MZ
G91518OM
G91550OH
G91599FN
G91704UR
G91905FJ
G92024SL
G92042VQ
G92057EA
G92219PK
G92257YN
G92320PF
G92485DY
G92527BY
G92574YO
G92575UZ
G92594VG
G92612ZM
G92627GM
G92681HQ
G92777SG
G92848CF
G93075HW
G93164KQ
G93198UO
G93204KY
G93310KW
G93320VA
G93446UA
G93450TT
G93500PH
G93575MM
G93624ZP
G93638BI
G93746CY
G93758YP
G93767EH
G93788SW
G93802RY
G93906VI
G94019IV
G94045IP
G94047VH
G94116NC
G94156YI
G94163JZ
G94277TH
G94363RH
G94366XH
G94394GK
G94423NC
G94490EL
G94531EZ
G94626AX
G94718HG
G94736EY
G94806YM
G94816EL
G94876HV
G94926TV
G94935XB
G94946LG
G94959AA
G94975UV
G94979RS
G95109CV
G95186HE
G95222PD
G95227SJ
G95251MI
G95260HV
G95298UR
G95333ZG
G95440SV
G95473VJ
G95490LA
G95542JQ
G95617FJ
G95658PH
G95695ZV
G95898GD
G95901MC
G95919TI
G95984JN
G95994EE
G96063MG
G96079QX
G96091LW
G96113SZ
G96175KT
G96223WK
G96503EZ
G96674LJ
G96719MC
G96916QO
G96919WB
G96921ZU
G96932XT
G96963QG
G97023FS
G97109LT
G97123TW
G97185IQ
G97292GW
G97453GF
G97575FW
G97645ML
G97674NY
G97686QU
G97709WW
G97720QM
G97765TT
G97814YJ
G97842ZO
G97910HZ
G97948YW
G97996SP
G98115AV
G98117HW
G98140IX
G98207CW
G98212GQ
G98217YG
G98256YA
G98292JT
G98366ZJ
G98549NZ
G98559XP
G98565KP
G98809PE
G98862GW
G99026RX
G99074EO
G99129GB
G99141XX
G99154NV
G99225RS
G99229VQ
G99258WN
G99270AV
G99372TR
G99382AP
G99390JL
G99448WD
G99503MW
G99533GU
G99568AR
G99622IJ
G99647DZ
G99669MJ
G99770NO
G99808VS
G99858XP
G99897FQ
G99935CU
G99954ZJ
G99969SS
